2025-12-17 23:38:20,209 [INFO] fetch_kline.py:139 从 stocklist.csv 读取到 3068 只股票（排除板块：bj,gem,star）
2025-12-17 23:38:20,210 [INFO] fetch_kline.py:217 开始抓取 3068 支股票 | 数据源:Tushare(日线,qfq) | 日期:20240101 → 20251217 | 排除:bj,gem,star
2025-12-17 23:38:23,514 [INFO] fetch_kline.py:167 000007 第 1 次抓取失败，15 秒后重试：ERROR.
2025-12-17 23:38:23,543 [INFO] fetch_kline.py:167 000010 第 1 次抓取失败，15 秒后重试：ERROR.
2025-12-17 23:38:23,575 [INFO] fetch_kline.py:167 000002 第 1 次抓取失败，15 秒后重试：ERROR.
2025-12-17 23:38:23,577 [INFO] fetch_kline.py:167 000001 第 1 次抓取失败，15 秒后重试：ERROR.
2025-12-17 23:38:24,173 [INFO] fetch_kline.py:167 000006 第 1 次抓取失败，15 秒后重试：ERROR.
2025-12-17 23:38:24,251 [INFO] fetch_kline.py:167 000009 第 1 次抓取失败，15 秒后重试：ERROR.
2025-12-17 23:38:44,835 [INFO] fetch_kline.py:167 000010 第 2 次抓取失败，30 秒后重试：ERROR.
2025-12-17 23:38:45,068 [INFO] fetch_kline.py:167 000001 第 2 次抓取失败，30 秒后重试：ERROR.
2025-12-17 23:38:47,995 [INFO] fetch_kline.py:167 000002 第 2 次抓取失败，30 秒后重试：ERROR.
2025-12-17 23:38:49,130 [INFO] fetch_kline.py:167 000006 第 2 次抓取失败，30 秒后重试：ERROR.
2025-12-17 23:38:50,701 [INFO] fetch_kline.py:167 000009 第 2 次抓取失败，30 秒后重试：ERROR.
2025-12-17 23:38:51,224 [INFO] fetch_kline.py:167 000007 第 2 次抓取失败，30 秒后重试：ERROR.
2025-12-17 23:39:24,381 [INFO] fetch_kline.py:167 000001 第 3 次抓取失败，45 秒后重试：ERROR.
2025-12-17 23:39:24,489 [INFO] fetch_kline.py:167 000010 第 3 次抓取失败，45 秒后重试：ERROR.
2025-12-17 23:39:24,768 [INFO] fetch_kline.py:167 000002 第 3 次抓取失败，45 秒后重试：ERROR.
2025-12-17 23:44:14,506 [INFO] fetch_kline.py:139 从 stocklist.csv 读取到 3068 只股票（排除板块：bj,gem,star）
2025-12-17 23:44:14,506 [INFO] fetch_kline.py:217 开始抓取 3068 支股票 | 数据源:Tushare(日线,qfq) | 日期:20240101 → 20251217 | 排除:bj,gem,star
2025-12-17 23:44:17,076 [INFO] fetch_kline.py:167 000007 第 1 次抓取失败，15 秒后重试：ERROR.
2025-12-17 23:44:17,093 [INFO] fetch_kline.py:167 000009 第 1 次抓取失败，15 秒后重试：ERROR.
2025-12-17 23:44:17,129 [INFO] fetch_kline.py:167 000006 第 1 次抓取失败，15 秒后重试：ERROR.
2025-12-17 23:44:17,250 [INFO] fetch_kline.py:167 000010 第 1 次抓取失败，15 秒后重试：ERROR.
2025-12-17 23:44:17,480 [INFO] fetch_kline.py:167 000001 第 1 次抓取失败，15 秒后重试：ERROR.
2025-12-17 23:44:19,224 [INFO] fetch_kline.py:167 000002 第 1 次抓取失败，15 秒后重试：ERROR.
2025-12-17 23:44:34,755 [INFO] fetch_kline.py:167 000010 第 2 次抓取失败，30 秒后重试：ERROR.
2025-12-17 23:44:34,766 [INFO] fetch_kline.py:167 000009 第 2 次抓取失败，30 秒后重试：ERROR.
2025-12-17 23:44:34,906 [INFO] fetch_kline.py:167 000006 第 2 次抓取失败，30 秒后重试：ERROR.
2025-12-17 23:44:34,964 [INFO] fetch_kline.py:167 000001 第 2 次抓取失败，30 秒后重试：ERROR.
2025-12-17 23:44:35,953 [INFO] fetch_kline.py:167 000007 第 2 次抓取失败，30 秒后重试：ERROR.
2025-12-17 23:44:36,917 [INFO] fetch_kline.py:167 000002 第 2 次抓取失败，30 秒后重试：ERROR.
2025-12-17 23:45:08,944 [INFO] fetch_kline.py:167 000010 第 3 次抓取失败，45 秒后重试：ERROR.
2025-12-17 23:45:12,003 [INFO] fetch_kline.py:167 000006 第 3 次抓取失败，45 秒后重试：ERROR.
2025-12-17 23:45:12,784 [INFO] fetch_kline.py:167 000001 第 3 次抓取失败，45 秒后重试：ERROR.
2025-12-17 23:45:12,916 [INFO] fetch_kline.py:167 000002 第 3 次抓取失败，45 秒后重试：ERROR.
2025-12-17 23:45:16,694 [INFO] fetch_kline.py:167 000007 第 3 次抓取失败，45 秒后重试：ERROR.
2025-12-18 00:33:01,861 [INFO] fetch_kline.py:139 从 stocklist.csv 读取到 3068 只股票（排除板块：bj,gem,star）
2025-12-18 00:33:01,862 [INFO] fetch_kline.py:217 开始抓取 3068 支股票 | 数据源:Tushare(日线,qfq) | 日期:20240101 → 20251218 | 排除:bj,gem,star
2025-12-18 00:33:06,419 [INFO] fetch_kline.py:167 000002 第 1 次抓取失败，15 秒后重试：ERROR.
2025-12-18 00:33:06,421 [INFO] fetch_kline.py:167 000001 第 1 次抓取失败，15 秒后重试：ERROR.
2025-12-18 00:33:24,099 [INFO] fetch_kline.py:167 000002 第 2 次抓取失败，30 秒后重试：ERROR.
2025-12-18 00:33:24,101 [INFO] fetch_kline.py:167 000001 第 2 次抓取失败，30 秒后重试：ERROR.
2025-12-18 00:33:56,556 [INFO] fetch_kline.py:167 000001 第 3 次抓取失败，45 秒后重试：ERROR.
2025-12-18 00:33:56,674 [INFO] fetch_kline.py:167 000002 第 3 次抓取失败，45 秒后重试：ERROR.
2025-12-18 10:24:39,030 [INFO] fetch_kline.py:139 从 stocklist.csv 读取到 3068 只股票（排除板块：bj,gem,star）
2025-12-18 10:24:39,031 [INFO] fetch_kline.py:217 开始抓取 3068 支股票 | 数据源:Tushare(日线,qfq) | 日期:20240101 → 20251218 | 排除:bj,gem,star
2025-12-18 10:24:41,828 [INFO] fetch_kline.py:167 000001 第 1 次抓取失败，15 秒后重试：ERROR.
2025-12-18 10:24:44,185 [INFO] fetch_kline.py:167 000002 第 1 次抓取失败，15 秒后重试：ERROR.
2025-12-18 10:25:00,641 [INFO] fetch_kline.py:167 000001 第 2 次抓取失败，30 秒后重试：ERROR.
2025-12-18 10:25:03,741 [INFO] fetch_kline.py:167 000002 第 2 次抓取失败，30 秒后重试：ERROR.
2025-12-18 10:25:36,895 [INFO] fetch_kline.py:167 000001 第 3 次抓取失败，45 秒后重试：ERROR.
2025-12-18 10:25:37,328 [INFO] fetch_kline.py:167 000002 第 3 次抓取失败，45 秒后重试：ERROR.
2025-12-18 10:26:21,902 [ERROR] fetch_kline.py:170 000001 三次抓取均失败，已跳过！
2025-12-18 10:26:22,333 [ERROR] fetch_kline.py:170 000002 三次抓取均失败，已跳过！
2025-12-18 10:26:24,944 [INFO] fetch_kline.py:167 000007 第 1 次抓取失败，15 秒后重试：ERROR.
2025-12-18 10:26:27,466 [INFO] fetch_kline.py:167 000006 第 1 次抓取失败，15 秒后重试：ERROR.
2025-12-18 10:26:44,654 [INFO] fetch_kline.py:167 000007 第 2 次抓取失败，30 秒后重试：ERROR.
2025-12-18 10:26:46,960 [INFO] fetch_kline.py:167 000006 第 2 次抓取失败，30 秒后重试：ERROR.
2025-12-18 10:27:17,582 [INFO] fetch_kline.py:167 000007 第 3 次抓取失败，45 秒后重试：ERROR.
2025-12-18 10:27:24,811 [INFO] fetch_kline.py:167 000006 第 3 次抓取失败，45 秒后重试：ERROR.
2025-12-18 10:28:02,589 [ERROR] fetch_kline.py:170 000007 三次抓取均失败，已跳过！
2025-12-18 10:28:07,555 [INFO] fetch_kline.py:167 000009 第 1 次抓取失败，15 秒后重试：ERROR.
2025-12-18 10:28:09,814 [ERROR] fetch_kline.py:170 000006 三次抓取均失败，已跳过！
2025-12-18 10:28:15,332 [INFO] fetch_kline.py:167 000010 第 1 次抓取失败，15 秒后重试：ERROR.
2025-12-18 10:28:28,032 [INFO] fetch_kline.py:167 000009 第 2 次抓取失败，30 秒后重试：ERROR.
2025-12-18 10:28:34,481 [INFO] fetch_kline.py:167 000010 第 2 次抓取失败，30 秒后重试：ERROR.
2025-12-18 10:29:03,227 [INFO] fetch_kline.py:167 000009 第 3 次抓取失败，45 秒后重试：ERROR.
2025-12-18 10:29:09,094 [INFO] fetch_kline.py:167 000010 第 3 次抓取失败，45 秒后重试：ERROR.
2025-12-18 10:29:48,234 [ERROR] fetch_kline.py:170 000009 三次抓取均失败，已跳过！
2025-12-18 10:29:53,205 [INFO] fetch_kline.py:167 000011 第 1 次抓取失败，15 秒后重试：ERROR.
2025-12-18 10:29:54,099 [ERROR] fetch_kline.py:170 000010 三次抓取均失败，已跳过！
2025-12-18 10:29:57,392 [INFO] fetch_kline.py:167 000012 第 1 次抓取失败，15 秒后重试：ERROR.
2025-12-18 10:30:13,202 [INFO] fetch_kline.py:167 000011 第 2 次抓取失败，30 秒后重试：ERROR.
2025-12-18 10:30:16,170 [INFO] fetch_kline.py:167 000012 第 2 次抓取失败，30 秒后重试：ERROR.
2025-12-18 10:30:47,068 [INFO] fetch_kline.py:167 000011 第 3 次抓取失败，45 秒后重试：ERROR.
2025-12-18 10:30:50,263 [INFO] fetch_kline.py:167 000012 第 3 次抓取失败，45 秒后重试：ERROR.
2025-12-18 10:31:32,074 [ERROR] fetch_kline.py:170 000011 三次抓取均失败，已跳过！
2025-12-18 10:31:35,272 [ERROR] fetch_kline.py:170 000012 三次抓取均失败，已跳过！
2025-12-18 10:31:36,036 [INFO] fetch_kline.py:167 000014 第 1 次抓取失败，15 秒后重试：ERROR.
2025-12-18 10:31:40,375 [INFO] fetch_kline.py:167 000016 第 1 次抓取失败，15 秒后重试：ERROR.
2025-12-18 10:31:55,840 [INFO] fetch_kline.py:167 000014 第 2 次抓取失败，30 秒后重试：ERROR.
2025-12-18 10:31:59,794 [INFO] fetch_kline.py:167 000016 第 2 次抓取失败，30 秒后重试：ERROR.
2025-12-18 10:32:31,122 [INFO] fetch_kline.py:167 000014 第 3 次抓取失败，45 秒后重试：ERROR.
2025-12-18 10:32:32,972 [INFO] fetch_kline.py:167 000016 第 3 次抓取失败，45 秒后重试：ERROR.
2025-12-18 10:33:16,132 [ERROR] fetch_kline.py:170 000014 三次抓取均失败，已跳过！
2025-12-18 10:33:17,976 [ERROR] fetch_kline.py:170 000016 三次抓取均失败，已跳过！
2025-12-18 10:33:20,453 [INFO] fetch_kline.py:167 000019 第 1 次抓取失败，15 秒后重试：ERROR.
2025-12-18 10:33:22,126 [INFO] fetch_kline.py:167 000017 第 1 次抓取失败，15 秒后重试：ERROR.
2025-12-18 10:33:39,022 [INFO] fetch_kline.py:167 000019 第 2 次抓取失败，30 秒后重试：ERROR.
2025-12-18 10:33:39,941 [INFO] fetch_kline.py:167 000017 第 2 次抓取失败，30 秒后重试：ERROR.
2025-12-18 10:34:12,059 [INFO] fetch_kline.py:167 000019 第 3 次抓取失败，45 秒后重试：ERROR.
2025-12-18 10:34:13,222 [INFO] fetch_kline.py:167 000017 第 3 次抓取失败，45 秒后重试：ERROR.
2025-12-18 10:34:57,070 [ERROR] fetch_kline.py:170 000019 三次抓取均失败，已跳过！
2025-12-18 10:34:58,227 [ERROR] fetch_kline.py:170 000017 三次抓取均失败，已跳过！
2025-12-18 10:35:00,909 [INFO] fetch_kline.py:167 000020 第 1 次抓取失败，15 秒后重试：ERROR.
2025-12-18 10:35:03,698 [INFO] fetch_kline.py:167 000021 第 1 次抓取失败，15 秒后重试：ERROR.
2025-12-18 10:35:19,885 [INFO] fetch_kline.py:167 000020 第 2 次抓取失败，30 秒后重试：ERROR.
2025-12-18 10:35:21,932 [INFO] fetch_kline.py:167 000021 第 2 次抓取失败，30 秒后重试：ERROR.
2025-12-18 10:35:55,255 [INFO] fetch_kline.py:167 000020 第 3 次抓取失败，45 秒后重试：ERROR.
2025-12-18 10:35:57,981 [INFO] fetch_kline.py:167 000021 第 3 次抓取失败，45 秒后重试：ERROR.
2025-12-18 10:36:40,260 [ERROR] fetch_kline.py:170 000020 三次抓取均失败，已跳过！
2025-12-18 10:36:42,984 [ERROR] fetch_kline.py:170 000021 三次抓取均失败，已跳过！
2025-12-18 10:36:46,878 [INFO] fetch_kline.py:167 000025 第 1 次抓取失败，15 秒后重试：ERROR.
2025-12-18 10:36:48,512 [INFO] fetch_kline.py:167 000026 第 1 次抓取失败，15 秒后重试：ERROR.
2025-12-18 10:37:05,895 [INFO] fetch_kline.py:167 000025 第 2 次抓取失败，30 秒后重试：ERROR.
2025-12-18 10:37:06,557 [INFO] fetch_kline.py:167 000026 第 2 次抓取失败，30 秒后重试：ERROR.
2025-12-18 10:37:38,635 [INFO] fetch_kline.py:167 000025 第 3 次抓取失败，45 秒后重试：ERROR.
2025-12-18 10:37:39,386 [INFO] fetch_kline.py:167 000026 第 3 次抓取失败，45 秒后重试：ERROR.
2025-12-18 10:38:23,646 [ERROR] fetch_kline.py:170 000025 三次抓取均失败，已跳过！
2025-12-18 10:38:24,387 [ERROR] fetch_kline.py:170 000026 三次抓取均失败，已跳过！
2025-12-18 10:38:26,774 [INFO] fetch_kline.py:167 000028 第 1 次抓取失败，15 秒后重试：ERROR.
2025-12-18 10:38:27,966 [INFO] fetch_kline.py:167 000027 第 1 次抓取失败，15 秒后重试：ERROR.
2025-12-18 10:38:46,393 [INFO] fetch_kline.py:167 000027 第 2 次抓取失败，30 秒后重试：ERROR.
2025-12-18 10:38:48,144 [INFO] fetch_kline.py:167 000028 第 2 次抓取失败，30 秒后重试：ERROR.
2025-12-18 10:39:19,710 [INFO] fetch_kline.py:167 000027 第 3 次抓取失败，45 秒后重试：ERROR.
2025-12-18 10:39:20,731 [INFO] fetch_kline.py:167 000028 第 3 次抓取失败，45 秒后重试：ERROR.
2025-12-18 10:40:04,713 [ERROR] fetch_kline.py:170 000027 三次抓取均失败，已跳过！
2025-12-18 10:40:05,738 [ERROR] fetch_kline.py:170 000028 三次抓取均失败，已跳过！
2025-12-18 10:40:07,736 [INFO] fetch_kline.py:167 000029 第 1 次抓取失败，15 秒后重试：ERROR.
2025-12-18 10:40:09,881 [INFO] fetch_kline.py:167 000030 第 1 次抓取失败，15 秒后重试：ERROR.
2025-12-18 10:40:26,343 [INFO] fetch_kline.py:167 000029 第 2 次抓取失败，30 秒后重试：ERROR.
2025-12-18 10:40:27,348 [INFO] fetch_kline.py:167 000030 第 2 次抓取失败，30 秒后重试：ERROR.
2025-12-18 10:40:59,531 [INFO] fetch_kline.py:167 000029 第 3 次抓取失败，45 秒后重试：ERROR.
2025-12-18 10:41:08,044 [INFO] fetch_kline.py:167 000030 第 3 次抓取失败，45 秒后重试：ERROR.
2025-12-18 10:41:44,549 [ERROR] fetch_kline.py:170 000029 三次抓取均失败，已跳过！
2025-12-18 10:41:48,136 [INFO] fetch_kline.py:167 000031 第 1 次抓取失败，15 秒后重试：ERROR.
2025-12-18 10:41:53,071 [ERROR] fetch_kline.py:170 000030 三次抓取均失败，已跳过！
2025-12-18 10:41:56,092 [INFO] fetch_kline.py:167 000032 第 1 次抓取失败，15 秒后重试：ERROR.
2025-12-18 10:42:05,929 [INFO] fetch_kline.py:167 000031 第 2 次抓取失败，30 秒后重试：ERROR.
2025-12-18 10:42:13,919 [INFO] fetch_kline.py:167 000032 第 2 次抓取失败，30 秒后重试：ERROR.
2025-12-18 10:42:41,672 [INFO] fetch_kline.py:167 000031 第 3 次抓取失败，45 秒后重试：ERROR.
2025-12-18 10:42:49,257 [INFO] fetch_kline.py:167 000032 第 3 次抓取失败，45 秒后重试：ERROR.
2025-12-18 10:43:26,685 [ERROR] fetch_kline.py:170 000031 三次抓取均失败，已跳过！
2025-12-18 10:43:29,906 [INFO] fetch_kline.py:167 000034 第 1 次抓取失败，15 秒后重试：ERROR.
2025-12-18 10:43:34,260 [ERROR] fetch_kline.py:170 000032 三次抓取均失败，已跳过！
2025-12-18 10:43:37,071 [INFO] fetch_kline.py:167 000035 第 1 次抓取失败，15 秒后重试：ERROR.
2025-12-18 10:43:49,468 [INFO] fetch_kline.py:167 000034 第 2 次抓取失败，30 秒后重试：ERROR.
2025-12-18 10:43:55,791 [INFO] fetch_kline.py:167 000035 第 2 次抓取失败，30 秒后重试：ERROR.
2025-12-18 10:44:26,901 [INFO] fetch_kline.py:167 000034 第 3 次抓取失败，45 秒后重试：ERROR.
2025-12-18 10:44:29,808 [INFO] fetch_kline.py:167 000035 第 3 次抓取失败，45 秒后重试：ERROR.
2025-12-18 10:45:11,902 [ERROR] fetch_kline.py:170 000034 三次抓取均失败，已跳过！
2025-12-18 10:45:14,819 [ERROR] fetch_kline.py:170 000035 三次抓取均失败，已跳过！
2025-12-18 10:45:17,732 [INFO] fetch_kline.py:167 000036 第 1 次抓取失败，15 秒后重试：ERROR.
2025-12-18 10:45:17,749 [INFO] fetch_kline.py:167 000037 第 1 次抓取失败，15 秒后重试：ERROR.
2025-12-18 10:45:36,589 [INFO] fetch_kline.py:167 000037 第 2 次抓取失败，30 秒后重试：ERROR.
2025-12-18 10:45:38,109 [INFO] fetch_kline.py:167 000036 第 2 次抓取失败，30 秒后重试：ERROR.
2025-12-18 10:46:10,473 [INFO] fetch_kline.py:167 000037 第 3 次抓取失败，45 秒后重试：ERROR.
2025-12-18 10:46:12,415 [INFO] fetch_kline.py:167 000036 第 3 次抓取失败，45 秒后重试：ERROR.
2025-12-18 10:46:55,480 [ERROR] fetch_kline.py:170 000037 三次抓取均失败，已跳过！
2025-12-18 10:46:57,419 [ERROR] fetch_kline.py:170 000036 三次抓取均失败，已跳过！
2025-12-18 10:46:59,987 [INFO] fetch_kline.py:167 000039 第 1 次抓取失败，15 秒后重试：ERROR.
2025-12-18 10:47:01,251 [INFO] fetch_kline.py:167 000050 第 1 次抓取失败，15 秒后重试：ERROR.
2025-12-18 10:47:17,817 [INFO] fetch_kline.py:167 000039 第 2 次抓取失败，30 秒后重试：ERROR.
2025-12-18 10:47:20,073 [INFO] fetch_kline.py:167 000050 第 2 次抓取失败，30 秒后重试：ERROR.
2025-12-18 10:47:52,675 [INFO] fetch_kline.py:167 000039 第 3 次抓取失败，45 秒后重试：ERROR.
2025-12-18 10:47:54,054 [INFO] fetch_kline.py:167 000050 第 3 次抓取失败，45 秒后重试：ERROR.
2025-12-18 10:48:37,677 [ERROR] fetch_kline.py:170 000039 三次抓取均失败，已跳过！
2025-12-18 10:48:39,064 [ERROR] fetch_kline.py:170 000050 三次抓取均失败，已跳过！
2025-12-18 10:48:42,227 [INFO] fetch_kline.py:167 000055 第 1 次抓取失败，15 秒后重试：ERROR.
2025-12-18 10:48:44,479 [INFO] fetch_kline.py:167 000056 第 1 次抓取失败，15 秒后重试：ERROR.
2025-12-18 10:49:00,758 [INFO] fetch_kline.py:167 000055 第 2 次抓取失败，30 秒后重试：ERROR.
2025-12-18 10:49:04,553 [INFO] fetch_kline.py:167 000056 第 2 次抓取失败，30 秒后重试：ERROR.
2025-12-18 10:49:34,553 [INFO] fetch_kline.py:167 000055 第 3 次抓取失败，45 秒后重试：ERROR.
2025-12-18 10:49:37,626 [INFO] fetch_kline.py:167 000056 第 3 次抓取失败，45 秒后重试：ERROR.
2025-12-18 10:50:19,555 [ERROR] fetch_kline.py:170 000055 三次抓取均失败，已跳过！
2025-12-18 10:50:22,627 [ERROR] fetch_kline.py:170 000056 三次抓取均失败，已跳过！
2025-12-18 10:50:23,504 [INFO] fetch_kline.py:167 000058 第 1 次抓取失败，15 秒后重试：ERROR.
2025-12-18 10:50:26,175 [INFO] fetch_kline.py:167 000059 第 1 次抓取失败，15 秒后重试：ERROR.
2025-12-18 10:50:44,001 [INFO] fetch_kline.py:167 000058 第 2 次抓取失败，30 秒后重试：ERROR.
2025-12-18 10:50:44,705 [INFO] fetch_kline.py:167 000059 第 2 次抓取失败，30 秒后重试：ERROR.
2025-12-18 10:51:16,879 [INFO] fetch_kline.py:167 000058 第 3 次抓取失败，45 秒后重试：ERROR.
2025-12-18 10:51:17,288 [INFO] fetch_kline.py:167 000059 第 3 次抓取失败，45 秒后重试：ERROR.
2025-12-18 10:52:01,891 [ERROR] fetch_kline.py:170 000058 三次抓取均失败，已跳过！
2025-12-18 10:52:02,290 [ERROR] fetch_kline.py:170 000059 三次抓取均失败，已跳过！
2025-12-18 10:52:04,776 [INFO] fetch_kline.py:167 000060 第 1 次抓取失败，15 秒后重试：ERROR.
2025-12-18 10:52:05,393 [INFO] fetch_kline.py:167 000061 第 1 次抓取失败，15 秒后重试：ERROR.
2025-12-18 10:52:23,516 [INFO] fetch_kline.py:167 000061 第 2 次抓取失败，30 秒后重试：ERROR.
2025-12-18 10:52:23,517 [INFO] fetch_kline.py:167 000060 第 2 次抓取失败，30 秒后重试：ERROR.
2025-12-18 10:52:56,168 [INFO] fetch_kline.py:167 000060 第 3 次抓取失败，45 秒后重试：ERROR.
2025-12-18 10:52:59,766 [INFO] fetch_kline.py:167 000061 第 3 次抓取失败，45 秒后重试：ERROR.
2025-12-18 10:53:41,179 [ERROR] fetch_kline.py:170 000060 三次抓取均失败，已跳过！
2025-12-18 10:53:44,767 [ERROR] fetch_kline.py:170 000061 三次抓取均失败，已跳过！
2025-12-18 10:53:46,257 [INFO] fetch_kline.py:167 000062 第 1 次抓取失败，15 秒后重试：ERROR.
2025-12-18 10:53:50,644 [INFO] fetch_kline.py:167 000063 第 1 次抓取失败，15 秒后重试：ERROR.
2025-12-18 10:54:04,132 [INFO] fetch_kline.py:167 000062 第 2 次抓取失败，30 秒后重试：ERROR.
2025-12-18 10:54:09,090 [INFO] fetch_kline.py:167 000063 第 2 次抓取失败，30 秒后重试：ERROR.
2025-12-18 10:54:38,970 [INFO] fetch_kline.py:167 000062 第 3 次抓取失败，45 秒后重试：ERROR.
2025-12-18 10:54:45,137 [INFO] fetch_kline.py:167 000063 第 3 次抓取失败，45 秒后重试：ERROR.
2025-12-18 10:55:23,980 [ERROR] fetch_kline.py:170 000062 三次抓取均失败，已跳过！
2025-12-18 10:55:26,794 [INFO] fetch_kline.py:167 000065 第 1 次抓取失败，15 秒后重试：ERROR.
2025-12-18 10:55:30,146 [ERROR] fetch_kline.py:170 000063 三次抓取均失败，已跳过！
2025-12-18 10:55:33,368 [INFO] fetch_kline.py:167 000066 第 1 次抓取失败，15 秒后重试：ERROR.
2025-12-18 10:55:47,426 [INFO] fetch_kline.py:167 000065 第 2 次抓取失败，30 秒后重试：ERROR.
2025-12-18 10:55:51,903 [INFO] fetch_kline.py:167 000066 第 2 次抓取失败，30 秒后重试：ERROR.
2025-12-18 10:56:20,323 [INFO] fetch_kline.py:167 000065 第 3 次抓取失败，45 秒后重试：ERROR.
2025-12-18 10:56:24,668 [INFO] fetch_kline.py:167 000066 第 3 次抓取失败，45 秒后重试：ERROR.
2025-12-18 10:57:05,328 [ERROR] fetch_kline.py:170 000065 三次抓取均失败，已跳过！
2025-12-18 10:57:09,111 [INFO] fetch_kline.py:167 000068 第 1 次抓取失败，15 秒后重试：ERROR.
2025-12-18 10:57:09,679 [ERROR] fetch_kline.py:170 000066 三次抓取均失败，已跳过！
2025-12-18 10:57:14,437 [INFO] fetch_kline.py:167 000069 第 1 次抓取失败，15 秒后重试：ERROR.
2025-12-18 10:57:27,544 [INFO] fetch_kline.py:167 000068 第 2 次抓取失败，30 秒后重试：ERROR.
2025-12-18 10:57:33,076 [INFO] fetch_kline.py:167 000069 第 2 次抓取失败，30 秒后重试：ERROR.
2025-12-18 10:58:00,929 [INFO] fetch_kline.py:167 000068 第 3 次抓取失败，45 秒后重试：ERROR.
2025-12-18 10:58:05,890 [INFO] fetch_kline.py:167 000069 第 3 次抓取失败，45 秒后重试：ERROR.
2025-12-18 10:58:45,941 [ERROR] fetch_kline.py:170 000068 三次抓取均失败，已跳过！
2025-12-18 10:58:49,363 [INFO] fetch_kline.py:167 000070 第 1 次抓取失败，15 秒后重试：ERROR.
2025-12-18 10:58:50,895 [ERROR] fetch_kline.py:170 000069 三次抓取均失败，已跳过！
2025-12-18 10:58:54,707 [INFO] fetch_kline.py:167 000078 第 1 次抓取失败，15 秒后重试：ERROR.
2025-12-18 10:59:09,126 [INFO] fetch_kline.py:167 000070 第 2 次抓取失败，30 秒后重试：ERROR.
2025-12-18 10:59:14,706 [INFO] fetch_kline.py:167 000078 第 2 次抓取失败，30 秒后重试：ERROR.
2025-12-18 10:59:41,876 [INFO] fetch_kline.py:167 000070 第 3 次抓取失败，45 秒后重试：ERROR.
2025-12-18 10:59:48,199 [INFO] fetch_kline.py:167 000078 第 3 次抓取失败，45 秒后重试：ERROR.
2025-12-18 11:00:26,885 [ERROR] fetch_kline.py:170 000070 三次抓取均失败，已跳过！
2025-12-18 11:00:30,927 [INFO] fetch_kline.py:167 000090 第 1 次抓取失败，15 秒后重试：ERROR.
2025-12-18 11:00:33,200 [ERROR] fetch_kline.py:170 000078 三次抓取均失败，已跳过！
2025-12-18 11:00:35,860 [INFO] fetch_kline.py:167 000096 第 1 次抓取失败，15 秒后重试：ERROR.
2025-12-18 11:00:49,277 [INFO] fetch_kline.py:167 000090 第 2 次抓取失败，30 秒后重试：ERROR.
2025-12-18 11:00:54,190 [INFO] fetch_kline.py:167 000096 第 2 次抓取失败，30 秒后重试：ERROR.
2025-12-18 11:01:24,504 [INFO] fetch_kline.py:167 000090 第 3 次抓取失败，45 秒后重试：ERROR.
2025-12-18 11:01:26,855 [INFO] fetch_kline.py:167 000096 第 3 次抓取失败，45 秒后重试：ERROR.
2025-12-18 11:02:09,508 [ERROR] fetch_kline.py:170 000090 三次抓取均失败，已跳过！
2025-12-18 11:02:11,865 [ERROR] fetch_kline.py:170 000096 三次抓取均失败，已跳过！
2025-12-18 11:02:13,859 [INFO] fetch_kline.py:167 000099 第 1 次抓取失败，15 秒后重试：ERROR.
2025-12-18 11:02:16,625 [INFO] fetch_kline.py:167 000100 第 1 次抓取失败，15 秒后重试：ERROR.
2025-12-18 11:02:31,985 [INFO] fetch_kline.py:167 000099 第 2 次抓取失败，30 秒后重试：ERROR.
2025-12-18 11:02:36,364 [INFO] fetch_kline.py:167 000100 第 2 次抓取失败，30 秒后重试：ERROR.
2025-12-18 11:03:04,793 [INFO] fetch_kline.py:167 000099 第 3 次抓取失败，45 秒后重试：ERROR.
2025-12-18 11:03:08,950 [INFO] fetch_kline.py:167 000100 第 3 次抓取失败，45 秒后重试：ERROR.
2025-12-18 11:03:49,798 [ERROR] fetch_kline.py:170 000099 三次抓取均失败，已跳过！
2025-12-18 11:03:52,369 [INFO] fetch_kline.py:167 000151 第 1 次抓取失败，15 秒后重试：ERROR.
2025-12-18 11:03:53,957 [ERROR] fetch_kline.py:170 000100 三次抓取均失败，已跳过！
2025-12-18 11:03:57,640 [INFO] fetch_kline.py:167 000153 第 1 次抓取失败，15 秒后重试：ERROR.
2025-12-18 11:04:10,980 [INFO] fetch_kline.py:167 000151 第 2 次抓取失败，30 秒后重试：ERROR.
2025-12-18 11:04:15,962 [INFO] fetch_kline.py:167 000153 第 2 次抓取失败，30 秒后重试：ERROR.
2025-12-18 11:04:43,670 [INFO] fetch_kline.py:167 000151 第 3 次抓取失败，45 秒后重试：ERROR.
2025-12-18 11:04:48,689 [INFO] fetch_kline.py:167 000153 第 3 次抓取失败，45 秒后重试：ERROR.
2025-12-18 11:05:28,690 [ERROR] fetch_kline.py:170 000151 三次抓取均失败，已跳过！
2025-12-18 11:05:33,703 [ERROR] fetch_kline.py:170 000153 三次抓取均失败，已跳过！
2025-12-18 11:05:53,454 [INFO] fetch_kline.py:167 000156 第 1 次抓取失败，15 秒后重试：ERROR.
2025-12-18 11:06:03,175 [INFO] fetch_kline.py:167 000155 第 1 次抓取失败，15 秒后重试：ERROR.
2025-12-18 11:06:12,160 [INFO] fetch_kline.py:167 000156 第 2 次抓取失败，30 秒后重试：ERROR.
2025-12-18 11:06:22,465 [INFO] fetch_kline.py:167 000155 第 2 次抓取失败，30 秒后重试：ERROR.
2025-12-18 11:06:45,076 [INFO] fetch_kline.py:167 000156 第 3 次抓取失败，45 秒后重试：ERROR.
2025-12-18 11:06:55,112 [INFO] fetch_kline.py:167 000155 第 3 次抓取失败，45 秒后重试：ERROR.
2025-12-18 11:07:30,080 [ERROR] fetch_kline.py:170 000156 三次抓取均失败，已跳过！
2025-12-18 11:07:33,840 [INFO] fetch_kline.py:167 000157 第 1 次抓取失败，15 秒后重试：ERROR.
2025-12-18 11:07:40,123 [ERROR] fetch_kline.py:170 000155 三次抓取均失败，已跳过！
2025-12-18 11:07:45,136 [INFO] fetch_kline.py:167 000158 第 1 次抓取失败，15 秒后重试：ERROR.
2025-12-18 11:07:51,492 [INFO] fetch_kline.py:167 000157 第 2 次抓取失败，30 秒后重试：ERROR.
2025-12-18 11:08:04,699 [INFO] fetch_kline.py:167 000158 第 2 次抓取失败，30 秒后重试：ERROR.
2025-12-18 11:08:28,562 [INFO] fetch_kline.py:167 000157 第 3 次抓取失败，45 秒后重试：ERROR.
2025-12-18 11:08:38,693 [INFO] fetch_kline.py:167 000158 第 3 次抓取失败，45 秒后重试：ERROR.
2025-12-18 11:09:13,573 [ERROR] fetch_kline.py:170 000157 三次抓取均失败，已跳过！
2025-12-18 11:09:16,375 [INFO] fetch_kline.py:167 000159 第 1 次抓取失败，15 秒后重试：ERROR.
2025-12-18 11:09:23,695 [ERROR] fetch_kline.py:170 000158 三次抓取均失败，已跳过！
2025-12-18 11:09:27,368 [INFO] fetch_kline.py:167 000166 第 1 次抓取失败，15 秒后重试：ERROR.
2025-12-18 11:09:34,058 [INFO] fetch_kline.py:167 000159 第 2 次抓取失败，30 秒后重试：ERROR.
2025-12-18 11:09:48,836 [INFO] fetch_kline.py:167 000166 第 2 次抓取失败，30 秒后重试：ERROR.
2025-12-18 11:10:07,623 [INFO] fetch_kline.py:167 000159 第 3 次抓取失败，45 秒后重试：ERROR.
2025-12-18 11:10:21,503 [INFO] fetch_kline.py:167 000166 第 3 次抓取失败，45 秒后重试：ERROR.
2025-12-18 11:10:52,631 [ERROR] fetch_kline.py:170 000159 三次抓取均失败，已跳过！
2025-12-18 11:10:57,140 [INFO] fetch_kline.py:167 000333 第 1 次抓取失败，15 秒后重试：ERROR.
2025-12-18 11:11:06,510 [ERROR] fetch_kline.py:170 000166 三次抓取均失败，已跳过！
2025-12-18 11:11:09,188 [INFO] fetch_kline.py:167 000338 第 1 次抓取失败，15 秒后重试：ERROR.
2025-12-18 11:11:15,673 [INFO] fetch_kline.py:167 000333 第 2 次抓取失败，30 秒后重试：ERROR.
2025-12-18 11:11:27,553 [INFO] fetch_kline.py:167 000338 第 2 次抓取失败，30 秒后重试：ERROR.
2025-12-18 11:11:48,379 [INFO] fetch_kline.py:167 000333 第 3 次抓取失败，45 秒后重试：ERROR.
2025-12-18 11:12:02,552 [INFO] fetch_kline.py:167 000338 第 3 次抓取失败，45 秒后重试：ERROR.
2025-12-18 11:12:33,385 [ERROR] fetch_kline.py:170 000333 三次抓取均失败，已跳过！
2025-12-18 11:12:37,697 [INFO] fetch_kline.py:167 000501 第 1 次抓取失败，15 秒后重试：ERROR.
2025-12-18 11:12:47,557 [ERROR] fetch_kline.py:170 000338 三次抓取均失败，已跳过！
2025-12-18 11:12:50,599 [INFO] fetch_kline.py:167 000503 第 1 次抓取失败，15 秒后重试：ERROR.
2025-12-18 11:12:56,847 [INFO] fetch_kline.py:167 000501 第 2 次抓取失败，30 秒后重试：ERROR.
2025-12-18 11:13:09,547 [INFO] fetch_kline.py:167 000503 第 2 次抓取失败，30 秒后重试：ERROR.
2025-12-18 11:13:29,716 [INFO] fetch_kline.py:167 000501 第 3 次抓取失败，45 秒后重试：ERROR.
2025-12-18 11:13:42,263 [INFO] fetch_kline.py:167 000503 第 3 次抓取失败，45 秒后重试：ERROR.
2025-12-18 11:14:14,727 [ERROR] fetch_kline.py:170 000501 三次抓取均失败，已跳过！
2025-12-18 11:14:18,564 [INFO] fetch_kline.py:167 000504 第 1 次抓取失败，15 秒后重试：ERROR.
2025-12-18 11:14:27,271 [ERROR] fetch_kline.py:170 000503 三次抓取均失败，已跳过！
2025-12-18 11:14:30,647 [INFO] fetch_kline.py:167 000505 第 1 次抓取失败，15 秒后重试：ERROR.
2025-12-18 11:14:36,158 [INFO] fetch_kline.py:167 000504 第 2 次抓取失败，30 秒后重试：ERROR.
2025-12-18 11:14:51,472 [INFO] fetch_kline.py:167 000505 第 2 次抓取失败，30 秒后重试：ERROR.
2025-12-18 11:15:09,303 [INFO] fetch_kline.py:167 000504 第 3 次抓取失败，45 秒后重试：ERROR.
2025-12-18 11:15:24,821 [INFO] fetch_kline.py:167 000505 第 3 次抓取失败，45 秒后重试：ERROR.
2025-12-18 11:15:54,308 [ERROR] fetch_kline.py:170 000504 三次抓取均失败，已跳过！
2025-12-18 11:15:59,226 [INFO] fetch_kline.py:167 000506 第 1 次抓取失败，15 秒后重试：ERROR.
2025-12-18 11:16:09,823 [ERROR] fetch_kline.py:170 000505 三次抓取均失败，已跳过！
2025-12-18 11:16:12,591 [INFO] fetch_kline.py:167 000507 第 1 次抓取失败，15 秒后重试：ERROR.
2025-12-18 11:16:17,143 [INFO] fetch_kline.py:167 000506 第 2 次抓取失败，30 秒后重试：ERROR.
2025-12-18 11:16:32,093 [INFO] fetch_kline.py:167 000507 第 2 次抓取失败，30 秒后重试：ERROR.
2025-12-18 11:16:49,808 [INFO] fetch_kline.py:167 000506 第 3 次抓取失败，45 秒后重试：ERROR.
2025-12-18 11:17:05,170 [INFO] fetch_kline.py:167 000507 第 3 次抓取失败，45 秒后重试：ERROR.
2025-12-18 11:17:34,817 [ERROR] fetch_kline.py:170 000506 三次抓取均失败，已跳过！
2025-12-18 11:17:39,017 [INFO] fetch_kline.py:167 000509 第 1 次抓取失败，15 秒后重试：ERROR.
2025-12-18 11:17:50,179 [ERROR] fetch_kline.py:170 000507 三次抓取均失败，已跳过！
2025-12-18 11:17:54,021 [INFO] fetch_kline.py:167 000510 第 1 次抓取失败，15 秒后重试：ERROR.
2025-12-18 11:17:57,741 [INFO] fetch_kline.py:167 000509 第 2 次抓取失败，30 秒后重试：ERROR.
2025-12-18 11:18:13,133 [INFO] fetch_kline.py:167 000510 第 2 次抓取失败，30 秒后重试：ERROR.
2025-12-18 11:18:31,496 [INFO] fetch_kline.py:167 000509 第 3 次抓取失败，45 秒后重试：ERROR.
2025-12-18 11:18:45,832 [INFO] fetch_kline.py:167 000510 第 3 次抓取失败，45 秒后重试：ERROR.
2025-12-18 11:19:16,501 [ERROR] fetch_kline.py:170 000509 三次抓取均失败，已跳过！
2025-12-18 11:19:20,042 [INFO] fetch_kline.py:167 000513 第 1 次抓取失败，15 秒后重试：ERROR.
2025-12-18 11:19:30,841 [ERROR] fetch_kline.py:170 000510 三次抓取均失败，已跳过！
2025-12-18 11:19:34,677 [INFO] fetch_kline.py:167 000514 第 1 次抓取失败，15 秒后重试：ERROR.
2025-12-18 11:19:37,753 [INFO] fetch_kline.py:167 000513 第 2 次抓取失败，30 秒后重试：ERROR.
2025-12-18 11:19:54,029 [INFO] fetch_kline.py:167 000514 第 2 次抓取失败，30 秒后重试：ERROR.
2025-12-18 11:20:10,520 [INFO] fetch_kline.py:167 000513 第 3 次抓取失败，45 秒后重试：ERROR.
2025-12-18 11:20:26,611 [INFO] fetch_kline.py:167 000514 第 3 次抓取失败，45 秒后重试：ERROR.
2025-12-18 11:20:55,528 [ERROR] fetch_kline.py:170 000513 三次抓取均失败，已跳过！
2025-12-18 11:20:59,260 [INFO] fetch_kline.py:167 000516 第 1 次抓取失败，15 秒后重试：ERROR.
2025-12-18 11:21:11,622 [ERROR] fetch_kline.py:170 000514 三次抓取均失败，已跳过！
2025-12-18 11:21:14,846 [INFO] fetch_kline.py:167 000517 第 1 次抓取失败，15 秒后重试：ERROR.
2025-12-18 11:21:17,589 [INFO] fetch_kline.py:167 000516 第 2 次抓取失败，30 秒后重试：ERROR.
2025-12-18 11:21:32,613 [INFO] fetch_kline.py:167 000517 第 2 次抓取失败，30 秒后重试：ERROR.
2025-12-18 11:21:50,530 [INFO] fetch_kline.py:167 000516 第 3 次抓取失败，45 秒后重试：ERROR.
2025-12-18 11:22:08,789 [INFO] fetch_kline.py:167 000517 第 3 次抓取失败，45 秒后重试：ERROR.
2025-12-18 11:22:35,532 [ERROR] fetch_kline.py:170 000516 三次抓取均失败，已跳过！
2025-12-18 11:22:40,430 [INFO] fetch_kline.py:167 000518 第 1 次抓取失败，15 秒后重试：ERROR.
2025-12-18 11:22:53,801 [ERROR] fetch_kline.py:170 000517 三次抓取均失败，已跳过！
2025-12-18 11:22:56,363 [INFO] fetch_kline.py:167 000519 第 1 次抓取失败，15 秒后重试：ERROR.
2025-12-18 11:22:58,044 [INFO] fetch_kline.py:167 000518 第 2 次抓取失败，30 秒后重试：ERROR.
2025-12-18 11:23:14,531 [INFO] fetch_kline.py:167 000519 第 2 次抓取失败，30 秒后重试：ERROR.
2025-12-18 11:23:30,870 [INFO] fetch_kline.py:167 000518 第 3 次抓取失败，45 秒后重试：ERROR.
2025-12-18 11:23:48,940 [INFO] fetch_kline.py:167 000519 第 3 次抓取失败，45 秒后重试：ERROR.
2025-12-18 11:24:15,881 [ERROR] fetch_kline.py:170 000518 三次抓取均失败，已跳过！
2025-12-18 11:24:20,272 [INFO] fetch_kline.py:167 000520 第 1 次抓取失败，15 秒后重试：ERROR.
2025-12-18 11:24:33,943 [ERROR] fetch_kline.py:170 000519 三次抓取均失败，已跳过！
2025-12-18 11:24:37,278 [INFO] fetch_kline.py:167 000521 第 1 次抓取失败，15 秒后重试：ERROR.
2025-12-18 11:24:37,783 [INFO] fetch_kline.py:167 000520 第 2 次抓取失败，30 秒后重试：ERROR.
2025-12-18 11:24:56,317 [INFO] fetch_kline.py:167 000521 第 2 次抓取失败，30 秒后重试：ERROR.
2025-12-18 11:25:10,170 [INFO] fetch_kline.py:167 000520 第 3 次抓取失败，45 秒后重试：ERROR.
2025-12-18 11:25:29,906 [INFO] fetch_kline.py:167 000521 第 3 次抓取失败，45 秒后重试：ERROR.
2025-12-18 11:25:55,176 [ERROR] fetch_kline.py:170 000520 三次抓取均失败，已跳过！
2025-12-18 11:25:59,500 [INFO] fetch_kline.py:167 000523 第 1 次抓取失败，15 秒后重试：ERROR.
2025-12-18 11:26:14,909 [ERROR] fetch_kline.py:170 000521 三次抓取均失败，已跳过！
2025-12-18 11:26:16,933 [INFO] fetch_kline.py:167 000523 第 2 次抓取失败，30 秒后重试：ERROR.
2025-12-18 11:26:17,732 [INFO] fetch_kline.py:167 000524 第 1 次抓取失败，15 秒后重试：ERROR.
2025-12-18 11:26:35,955 [INFO] fetch_kline.py:167 000524 第 2 次抓取失败，30 秒后重试：ERROR.
2025-12-18 11:26:50,085 [INFO] fetch_kline.py:167 000523 第 3 次抓取失败，45 秒后重试：ERROR.
2025-12-18 11:27:10,672 [INFO] fetch_kline.py:167 000524 第 3 次抓取失败，45 秒后重试：ERROR.
2025-12-18 11:27:35,096 [ERROR] fetch_kline.py:170 000523 三次抓取均失败，已跳过！
2025-12-18 11:27:37,805 [INFO] fetch_kline.py:167 000525 第 1 次抓取失败，15 秒后重试：ERROR.
2025-12-18 11:27:55,678 [ERROR] fetch_kline.py:170 000524 三次抓取均失败，已跳过！
2025-12-18 11:27:56,874 [INFO] fetch_kline.py:167 000525 第 2 次抓取失败，30 秒后重试：ERROR.
2025-12-18 11:27:58,286 [INFO] fetch_kline.py:167 000526 第 1 次抓取失败，15 秒后重试：ERROR.
2025-12-18 11:28:16,002 [INFO] fetch_kline.py:167 000526 第 2 次抓取失败，30 秒后重试：ERROR.
2025-12-18 11:28:29,989 [INFO] fetch_kline.py:167 000525 第 3 次抓取失败，45 秒后重试：ERROR.
2025-12-18 11:28:48,739 [INFO] fetch_kline.py:167 000526 第 3 次抓取失败，45 秒后重试：ERROR.
2025-12-18 11:29:14,995 [ERROR] fetch_kline.py:170 000525 三次抓取均失败，已跳过！
2025-12-18 11:29:18,262 [INFO] fetch_kline.py:167 000528 第 1 次抓取失败，15 秒后重试：ERROR.
2025-12-18 11:29:33,750 [ERROR] fetch_kline.py:170 000526 三次抓取均失败，已跳过！
2025-12-18 11:29:35,953 [INFO] fetch_kline.py:167 000528 第 2 次抓取失败，30 秒后重试：ERROR.
2025-12-18 11:29:36,796 [INFO] fetch_kline.py:167 000529 第 1 次抓取失败，15 秒后重试：ERROR.
2025-12-18 11:29:54,818 [INFO] fetch_kline.py:167 000529 第 2 次抓取失败，30 秒后重试：ERROR.
2025-12-18 11:30:08,599 [INFO] fetch_kline.py:167 000528 第 3 次抓取失败，45 秒后重试：ERROR.
2025-12-18 11:30:27,381 [INFO] fetch_kline.py:167 000529 第 3 次抓取失败，45 秒后重试：ERROR.
2025-12-18 11:30:53,605 [ERROR] fetch_kline.py:170 000528 三次抓取均失败，已跳过！
2025-12-18 11:30:57,078 [INFO] fetch_kline.py:167 000530 第 1 次抓取失败，15 秒后重试：ERROR.
2025-12-18 11:31:12,385 [ERROR] fetch_kline.py:170 000529 三次抓取均失败，已跳过！
2025-12-18 11:31:15,126 [INFO] fetch_kline.py:167 000531 第 1 次抓取失败，15 秒后重试：ERROR.
2025-12-18 11:31:16,101 [INFO] fetch_kline.py:167 000530 第 2 次抓取失败，30 秒后重试：ERROR.
2025-12-18 11:31:34,249 [INFO] fetch_kline.py:167 000531 第 2 次抓取失败，30 秒后重试：ERROR.
2025-12-18 11:31:50,532 [INFO] fetch_kline.py:167 000530 第 3 次抓取失败，45 秒后重试：ERROR.
2025-12-18 11:32:08,145 [INFO] fetch_kline.py:167 000531 第 3 次抓取失败，45 秒后重试：ERROR.
2025-12-18 11:32:35,544 [ERROR] fetch_kline.py:170 000530 三次抓取均失败，已跳过！
2025-12-18 11:32:43,409 [INFO] fetch_kline.py:167 000532 第 1 次抓取失败，15 秒后重试：ERROR.
2025-12-18 11:32:53,148 [ERROR] fetch_kline.py:170 000531 三次抓取均失败，已跳过！
2025-12-18 11:32:58,516 [INFO] fetch_kline.py:167 000533 第 1 次抓取失败，15 秒后重试：ERROR.
2025-12-18 11:33:03,068 [INFO] fetch_kline.py:167 000532 第 2 次抓取失败，30 秒后重试：ERROR.
2025-12-18 11:33:16,651 [INFO] fetch_kline.py:167 000533 第 2 次抓取失败，30 秒后重试：ERROR.
2025-12-18 11:33:36,005 [INFO] fetch_kline.py:167 000532 第 3 次抓取失败，45 秒后重试：ERROR.
2025-12-18 11:33:49,931 [INFO] fetch_kline.py:167 000533 第 3 次抓取失败，45 秒后重试：ERROR.
2025-12-18 11:34:21,016 [ERROR] fetch_kline.py:170 000532 三次抓取均失败，已跳过！
2025-12-18 11:34:23,724 [INFO] fetch_kline.py:167 000534 第 1 次抓取失败，15 秒后重试：ERROR.
2025-12-18 11:34:34,937 [ERROR] fetch_kline.py:170 000533 三次抓取均失败，已跳过！
2025-12-18 11:34:38,676 [INFO] fetch_kline.py:167 000536 第 1 次抓取失败，15 秒后重试：ERROR.
2025-12-18 11:34:42,211 [INFO] fetch_kline.py:167 000534 第 2 次抓取失败，30 秒后重试：ERROR.
2025-12-18 11:34:56,398 [INFO] fetch_kline.py:167 000536 第 2 次抓取失败，30 秒后重试：ERROR.
2025-12-18 11:35:16,140 [INFO] fetch_kline.py:167 000534 第 3 次抓取失败，45 秒后重试：ERROR.
2025-12-18 11:35:29,467 [INFO] fetch_kline.py:167 000536 第 3 次抓取失败，45 秒后重试：ERROR.
2025-12-18 11:36:01,147 [ERROR] fetch_kline.py:170 000534 三次抓取均失败，已跳过！
2025-12-18 11:36:04,795 [INFO] fetch_kline.py:167 000537 第 1 次抓取失败，15 秒后重试：ERROR.
2025-12-18 11:36:14,478 [ERROR] fetch_kline.py:170 000536 三次抓取均失败，已跳过！
2025-12-18 11:36:17,499 [INFO] fetch_kline.py:167 000538 第 1 次抓取失败，15 秒后重试：ERROR.
2025-12-18 11:36:22,543 [INFO] fetch_kline.py:167 000537 第 2 次抓取失败，30 秒后重试：ERROR.
2025-12-18 11:36:35,165 [INFO] fetch_kline.py:167 000538 第 2 次抓取失败，30 秒后重试：ERROR.
2025-12-18 11:36:55,790 [INFO] fetch_kline.py:167 000537 第 3 次抓取失败，45 秒后重试：ERROR.
2025-12-18 11:37:11,048 [INFO] fetch_kline.py:167 000538 第 3 次抓取失败，45 秒后重试：ERROR.
2025-12-18 11:37:40,796 [ERROR] fetch_kline.py:170 000537 三次抓取均失败，已跳过！
2025-12-18 11:37:45,930 [INFO] fetch_kline.py:167 000539 第 1 次抓取失败，15 秒后重试：ERROR.
2025-12-18 11:37:56,058 [ERROR] fetch_kline.py:170 000538 三次抓取均失败，已跳过！
2025-12-18 11:37:58,665 [INFO] fetch_kline.py:167 000541 第 1 次抓取失败，15 秒后重试：ERROR.
2025-12-18 11:38:04,270 [INFO] fetch_kline.py:167 000539 第 2 次抓取失败，30 秒后重试：ERROR.
2025-12-18 11:38:17,167 [INFO] fetch_kline.py:167 000541 第 2 次抓取失败，30 秒后重试：ERROR.
2025-12-18 11:38:38,490 [INFO] fetch_kline.py:167 000539 第 3 次抓取失败，45 秒后重试：ERROR.
2025-12-18 11:38:52,771 [INFO] fetch_kline.py:167 000541 第 3 次抓取失败，45 秒后重试：ERROR.
2025-12-18 11:39:23,492 [ERROR] fetch_kline.py:170 000539 三次抓取均失败，已跳过！
2025-12-18 11:39:27,500 [INFO] fetch_kline.py:167 000543 第 1 次抓取失败，15 秒后重试：ERROR.
2025-12-18 11:39:37,780 [ERROR] fetch_kline.py:170 000541 三次抓取均失败，已跳过！
2025-12-18 11:39:41,638 [INFO] fetch_kline.py:167 000544 第 1 次抓取失败，15 秒后重试：ERROR.
2025-12-18 11:39:45,239 [INFO] fetch_kline.py:167 000543 第 2 次抓取失败，30 秒后重试：ERROR.
2025-12-18 11:39:59,434 [INFO] fetch_kline.py:167 000544 第 2 次抓取失败，30 秒后重试：ERROR.
2025-12-18 11:40:18,522 [INFO] fetch_kline.py:167 000543 第 3 次抓取失败，45 秒后重试：ERROR.
2025-12-18 11:40:32,139 [INFO] fetch_kline.py:167 000544 第 3 次抓取失败，45 秒后重试：ERROR.
2025-12-18 11:41:03,532 [ERROR] fetch_kline.py:170 000543 三次抓取均失败，已跳过！
2025-12-18 11:41:06,343 [INFO] fetch_kline.py:167 000545 第 1 次抓取失败，15 秒后重试：ERROR.
2025-12-18 11:41:17,144 [ERROR] fetch_kline.py:170 000544 三次抓取均失败，已跳过！
2025-12-18 11:41:19,901 [INFO] fetch_kline.py:167 000546 第 1 次抓取失败，15 秒后重试：ERROR.
2025-12-18 11:41:24,058 [INFO] fetch_kline.py:167 000545 第 2 次抓取失败，30 秒后重试：ERROR.
2025-12-18 11:41:37,572 [INFO] fetch_kline.py:167 000546 第 2 次抓取失败，30 秒后重试：ERROR.
2025-12-18 11:41:57,234 [INFO] fetch_kline.py:167 000545 第 3 次抓取失败，45 秒后重试：ERROR.
2025-12-18 11:42:11,263 [INFO] fetch_kline.py:167 000546 第 3 次抓取失败，45 秒后重试：ERROR.
2025-12-18 11:42:42,236 [ERROR] fetch_kline.py:170 000545 三次抓取均失败，已跳过！
2025-12-18 11:42:48,029 [INFO] fetch_kline.py:167 000547 第 1 次抓取失败，15 秒后重试：ERROR.
2025-12-18 11:42:56,273 [ERROR] fetch_kline.py:170 000546 三次抓取均失败，已跳过！
2025-12-18 11:43:01,527 [INFO] fetch_kline.py:167 000548 第 1 次抓取失败，15 秒后重试：ERROR.
2025-12-18 11:43:05,614 [INFO] fetch_kline.py:167 000547 第 2 次抓取失败，30 秒后重试：ERROR.
2025-12-18 11:43:19,359 [INFO] fetch_kline.py:167 000548 第 2 次抓取失败，30 秒后重试：ERROR.
2025-12-18 11:43:39,021 [INFO] fetch_kline.py:167 000547 第 3 次抓取失败，45 秒后重试：ERROR.
2025-12-18 11:43:54,481 [INFO] fetch_kline.py:167 000548 第 3 次抓取失败，45 秒后重试：ERROR.
2025-12-18 20:31:05,356 [INFO] fetch_kline.py:139 从 stocklist.csv 读取到 3068 只股票（排除板块：bj,gem,star）
2025-12-18 20:31:05,356 [INFO] fetch_kline.py:219 开始抓取 3068 支股票 | 数据源:Tushare(日线,qfq) | 日期:20240101 → 20251218 | 排除:bj,gem,star
2025-12-18 20:39:56,795 [INFO] fetch_kline.py:139 从 stocklist.csv 读取到 3068 只股票（排除板块：bj,gem,star）
2025-12-18 20:39:56,795 [INFO] fetch_kline.py:219 开始抓取 3068 支股票 | 数据源:Tushare(日线,qfq) | 日期:20240101 → 20251218 | 排除:bj,gem,star
2025-12-18 20:50:22,384 [INFO] fetch_kline.py:239 全部任务完成，数据已保存至 /Users/chengyanbo/StockTradebyZ/data
2025-12-18 21:04:11,563 [INFO] fetch_kline.py:139 从 stocklist.csv 读取到 3068 只股票（排除板块：bj,gem,star）
2025-12-18 21:04:11,563 [INFO] fetch_kline.py:219 开始抓取 3068 支股票 | 数据源:Tushare(日线,qfq) | 日期:20250101 → 20251218 | 排除:bj,gem,star
2025-12-18 21:11:19,864 [INFO] fetch_kline.py:239 全部任务完成，数据已保存至 /Users/chengyanbo/StockTradebyZ/data
2025-12-22 17:10:22,303 [INFO] fetch_kline.py:139 从 stocklist.csv 读取到 3068 只股票（排除板块：bj,gem,star）
2025-12-22 17:10:22,303 [INFO] fetch_kline.py:219 开始抓取 3068 支股票 | 数据源:Tushare(日线,qfq) | 日期:20250101 → 20251222 | 排除:bj,gem,star
2025-12-22 19:16:23,200 [INFO] fetch_kline.py:139 从 stocklist.csv 读取到 3068 只股票（排除板块：bj,gem,star）
2025-12-22 19:16:23,200 [INFO] fetch_kline.py:219 开始抓取 3068 支股票 | 数据源:Tushare(日线,qfq) | 日期:20250101 → 20251222 | 排除:bj,gem,star
2025-12-22 19:23:37,087 [INFO] fetch_kline.py:239 全部任务完成，数据已保存至 /Users/chengyanbo/StockTradebyZ/data
2025-12-23 18:05:41,909 [INFO] fetch_kline.py:139 从 stocklist.csv 读取到 3068 只股票（排除板块：bj,gem,star）
2025-12-23 18:05:41,909 [INFO] fetch_kline.py:219 开始抓取 3068 支股票 | 数据源:Tushare(日线,qfq) | 日期:20250101 → 20251223 | 排除:bj,gem,star
2025-12-23 18:13:25,235 [INFO] fetch_kline.py:239 全部任务完成，数据已保存至 /Users/chengyanbo/StockTradebyZ/data
2025-12-24 20:29:09,363 [INFO] fetch_kline.py:139 从 stocklist.csv 读取到 3068 只股票（排除板块：bj,gem,star）
2025-12-24 20:29:09,363 [INFO] fetch_kline.py:219 开始抓取 3068 支股票 | 数据源:Tushare(日线,qfq) | 日期:20250101 → 20251224 | 排除:bj,gem,star
2025-12-24 20:37:18,880 [INFO] fetch_kline.py:239 全部任务完成，数据已保存至 /Users/chengyanbo/StockTradebyZ/data
2025-12-25 12:51:06,234 [INFO] fetch_kline.py:139 从 stocklist.csv 读取到 3068 只股票（排除板块：bj,gem,star）
2025-12-25 12:51:06,234 [INFO] fetch_kline.py:219 开始抓取 3068 支股票 | 数据源:Tushare(日线,qfq) | 日期:20250101 → 20251225 | 排除:bj,gem,star
2025-12-25 12:51:09,193 [INFO] fetch_kline.py:167 000002 第 1 次抓取失败，15 秒后重试：ERROR.
2025-12-25 12:51:09,193 [INFO] fetch_kline.py:167 000012 第 1 次抓取失败，15 秒后重试：ERROR.
2025-12-25 12:51:09,193 [INFO] fetch_kline.py:167 000011 第 1 次抓取失败，15 秒后重试：ERROR.
2025-12-25 12:51:09,194 [INFO] fetch_kline.py:167 000006 第 1 次抓取失败，15 秒后重试：ERROR.
2025-12-25 12:51:09,195 [INFO] fetch_kline.py:167 000001 第 1 次抓取失败，15 秒后重试：ERROR.
2025-12-25 12:51:09,195 [INFO] fetch_kline.py:167 000009 第 1 次抓取失败，15 秒后重试：ERROR.
2025-12-25 12:51:09,195 [INFO] fetch_kline.py:167 000007 第 1 次抓取失败，15 秒后重试：ERROR.
2025-12-25 12:51:09,196 [INFO] fetch_kline.py:167 000010 第 1 次抓取失败，15 秒后重试：ERROR.
2025-12-25 12:51:25,940 [INFO] fetch_kline.py:167 000006 第 2 次抓取失败，30 秒后重试：ERROR.
2025-12-25 12:51:25,941 [INFO] fetch_kline.py:167 000012 第 2 次抓取失败，30 秒后重试：ERROR.
2025-12-25 12:51:25,941 [INFO] fetch_kline.py:167 000007 第 2 次抓取失败，30 秒后重试：ERROR.
2025-12-25 12:51:26,173 [INFO] fetch_kline.py:167 000011 第 2 次抓取失败，30 秒后重试：ERROR.
2025-12-25 12:51:26,177 [INFO] fetch_kline.py:167 000002 第 2 次抓取失败，30 秒后重试：ERROR.
2025-12-25 12:51:26,177 [INFO] fetch_kline.py:167 000009 第 2 次抓取失败，30 秒后重试：ERROR.
2025-12-25 12:51:26,178 [INFO] fetch_kline.py:167 000010 第 2 次抓取失败，30 秒后重试：ERROR.
2025-12-25 12:51:26,181 [INFO] fetch_kline.py:167 000001 第 2 次抓取失败，30 秒后重试：ERROR.
2025-12-25 12:51:34,415 [INFO] fetch_kline.py:139 从 stocklist.csv 读取到 3068 只股票（排除板块：bj,gem,star）
2025-12-25 12:51:34,416 [INFO] fetch_kline.py:219 开始抓取 3068 支股票 | 数据源:Tushare(日线,qfq) | 日期:20250101 → 20251225 | 排除:bj,gem,star
2025-12-25 12:51:36,123 [INFO] fetch_kline.py:167 000010 第 1 次抓取失败，15 秒后重试：ERROR.
2025-12-25 12:51:36,128 [INFO] fetch_kline.py:167 000007 第 1 次抓取失败，15 秒后重试：ERROR.
2025-12-25 12:51:36,134 [INFO] fetch_kline.py:167 000012 第 1 次抓取失败，15 秒后重试：ERROR.
2025-12-25 12:51:36,136 [INFO] fetch_kline.py:167 000009 第 1 次抓取失败，15 秒后重试：ERROR.
2025-12-25 12:51:36,150 [INFO] fetch_kline.py:167 000002 第 1 次抓取失败，15 秒后重试：ERROR.
2025-12-25 12:51:36,151 [INFO] fetch_kline.py:167 000001 第 1 次抓取失败，15 秒后重试：ERROR.
2025-12-25 12:51:36,157 [INFO] fetch_kline.py:167 000006 第 1 次抓取失败，15 秒后重试：ERROR.
2025-12-25 12:51:36,178 [INFO] fetch_kline.py:167 000011 第 1 次抓取失败，15 秒后重试：ERROR.
2025-12-25 19:22:47,044 [INFO] fetch_kline.py:139 从 stocklist.csv 读取到 3068 只股票（排除板块：bj,gem,star）
2025-12-25 19:22:47,044 [INFO] fetch_kline.py:219 开始抓取 3068 支股票 | 数据源:Tushare(日线,qfq) | 日期:20250101 → 20251225 | 排除:bj,gem,star
2025-12-25 19:30:43,495 [INFO] fetch_kline.py:239 全部任务完成，数据已保存至 /Users/chengyanbo/StockTradebyZ/data
2025-12-26 23:00:32,446 [INFO] fetch_kline.py:139 从 stocklist.csv 读取到 3068 只股票（排除板块：bj,gem,star）
2025-12-26 23:00:32,446 [INFO] fetch_kline.py:219 开始抓取 3068 支股票 | 数据源:Tushare(日线,qfq) | 日期:20250101 → 20251226 | 排除:bj,gem,star
2025-12-26 23:07:03,318 [INFO] fetch_kline.py:239 全部任务完成，数据已保存至 /Users/chengyanbo/StockTradebyZ/data
2025-12-29 16:11:11,420 [INFO] fetch_kline.py:139 从 stocklist.csv 读取到 3068 只股票（排除板块：bj,gem,star）
2025-12-29 16:11:11,420 [INFO] fetch_kline.py:219 开始抓取 3068 支股票 | 数据源:Tushare(日线,qfq) | 日期:20250101 → 20251229 | 排除:bj,gem,star
2025-12-29 16:17:07,163 [INFO] fetch_kline.py:239 全部任务完成，数据已保存至 /Users/chengyanbo/StockTradebyZ/data
2025-12-30 17:49:20,233 [INFO] fetch_kline.py:139 从 stocklist.csv 读取到 3068 只股票（排除板块：bj,gem,star）
2025-12-30 17:49:20,233 [INFO] fetch_kline.py:219 开始抓取 3068 支股票 | 数据源:Tushare(日线,qfq) | 日期:20250101 → 20251230 | 排除:bj,gem,star
2025-12-30 17:55:23,925 [INFO] fetch_kline.py:239 全部任务完成，数据已保存至 /Users/chengyanbo/StockTradebyZ/data
2026-01-03 20:27:49,206 [INFO] fetch_kline.py:139 从 stocklist.csv 读取到 3068 只股票（排除板块：bj,gem,star）
2026-01-03 20:27:49,208 [INFO] fetch_kline.py:219 开始抓取 3068 支股票 | 数据源:Tushare(日线,qfq) | 日期:20250101 → 20260103 | 排除:bj,gem,star
2026-01-03 20:36:14,360 [INFO] fetch_kline.py:239 全部任务完成，数据已保存至 /Users/chengyanbo/StockTradebyZ/data
2026-01-05 18:17:22,071 [INFO] fetch_kline.py:139 从 stocklist.csv 读取到 3068 只股票（排除板块：bj,gem,star）
2026-01-05 18:17:22,071 [INFO] fetch_kline.py:219 开始抓取 3068 支股票 | 数据源:Tushare(日线,qfq) | 日期:20250101 → 20260105 | 排除:bj,gem,star
2026-01-05 18:23:27,005 [INFO] fetch_kline.py:239 全部任务完成，数据已保存至 /Users/chengyanbo/StockTradebyZ/data
2026-01-06 17:07:16,151 [INFO] fetch_kline.py:139 从 stocklist.csv 读取到 3068 只股票（排除板块：bj,gem,star）
2026-01-06 17:07:16,151 [INFO] fetch_kline.py:219 开始抓取 3068 支股票 | 数据源:Tushare(日线,qfq) | 日期:20250101 → 20260106 | 排除:bj,gem,star
2026-01-06 17:13:38,084 [INFO] fetch_kline.py:239 全部任务完成，数据已保存至 /Users/chengyanbo/StockTradebyZ/data
2026-01-07 11:18:36,975 [INFO] fetch_kline.py:139 从 stocklist.csv 读取到 3068 只股票（排除板块：bj,gem,star）
2026-01-07 11:18:36,976 [INFO] fetch_kline.py:219 开始抓取 3068 支股票 | 数据源:Tushare(日线,qfq) | 日期:20250101 → 20260107 | 排除:bj,gem,star
2026-01-07 11:34:38,115 [INFO] fetch_kline.py:239 全部任务完成，数据已保存至 /Users/chengyanbo/StockTradebyZ/data
2026-01-07 11:35:35,865 [INFO] fetch_kline.py:139 从 stocklist.csv 读取到 3068 只股票（排除板块：bj,gem,star）
2026-01-07 11:35:35,865 [INFO] fetch_kline.py:219 开始抓取 3068 支股票 | 数据源:Tushare(日线,qfq) | 日期:20250101 → 20260107 | 排除:bj,gem,star
2026-01-07 11:41:45,374 [INFO] fetch_kline.py:139 从 stocklist.csv 读取到 3068 只股票（排除板块：bj,gem,star）
2026-01-07 11:41:45,374 [INFO] fetch_kline.py:219 开始抓取 3068 支股票 | 数据源:Tushare(日线,qfq) | 日期:20250101 → 20260107 | 排除:bj,gem,star
2026-01-07 13:54:09,588 [INFO] fetch_kline.py:139 从 stocklist.csv 读取到 3068 只股票（排除板块：bj,gem,star）
2026-01-07 13:54:09,588 [INFO] fetch_kline.py:219 开始抓取 3068 支股票 | 数据源:Tushare(日线,qfq) | 日期:20250101 → 20260107 | 排除:bj,gem,star
2026-01-07 14:00:38,680 [INFO] fetch_kline.py:239 全部任务完成，数据已保存至 /Users/chengyanbo/StockTradebyZ/data
2026-01-08 19:17:03,097 [INFO] fetch_kline.py:139 从 stocklist.csv 读取到 3068 只股票（排除板块：bj,gem,star）
2026-01-08 19:17:03,098 [INFO] fetch_kline.py:219 开始抓取 3068 支股票 | 数据源:Tushare(日线,qfq) | 日期:20250101 → 20260108 | 排除:bj,gem,star
2026-01-08 19:23:11,139 [INFO] fetch_kline.py:239 全部任务完成，数据已保存至 /Users/chengyanbo/StockTradebyZ/data
2026-01-11 14:27:50,874 [INFO] fetch_kline.py:139 从 stocklist.csv 读取到 3068 只股票（排除板块：bj,gem,star）
2026-01-11 14:27:50,874 [INFO] fetch_kline.py:219 开始抓取 3068 支股票 | 数据源:Tushare(日线,qfq) | 日期:20250101 → 20260111 | 排除:bj,gem,star
2026-01-11 14:34:16,440 [INFO] fetch_kline.py:239 全部任务完成，数据已保存至 /Users/chengyanbo/StockTradebyZ/data
2026-01-12 12:28:44,794 [INFO] fetch_kline.py:139 从 stocklist.csv 读取到 3068 只股票（排除板块：bj,gem,star）
2026-01-12 12:28:44,794 [INFO] fetch_kline.py:219 开始抓取 3068 支股票 | 数据源:Tushare(日线,qfq) | 日期:20250101 → 20260112 | 排除:bj,gem,star
2026-01-12 12:35:23,741 [INFO] fetch_kline.py:239 全部任务完成，数据已保存至 /Users/chengyanbo/StockTradebyZ/data
2026-01-13 11:59:15,496 [INFO] fetch_kline.py:139 从 stocklist.csv 读取到 3068 只股票（排除板块：bj,gem,star）
2026-01-13 11:59:15,496 [INFO] fetch_kline.py:219 开始抓取 3068 支股票 | 数据源:Tushare(日线,qfq) | 日期:20250101 → 20260113 | 排除:bj,gem,star
2026-01-13 12:05:57,352 [INFO] fetch_kline.py:239 全部任务完成，数据已保存至 /Users/chengyanbo/StockTradebyZ/data
2026-01-14 19:52:32,002 [INFO] fetch_kline.py:139 从 stocklist.csv 读取到 3068 只股票（排除板块：bj,gem,star）
2026-01-14 19:52:32,002 [INFO] fetch_kline.py:219 开始抓取 3068 支股票 | 数据源:Tushare(日线,qfq) | 日期:20250101 → 20260114 | 排除:bj,gem,star
2026-01-14 19:59:09,765 [INFO] fetch_kline.py:239 全部任务完成，数据已保存至 /Users/chengyanbo/StockTradebyZ/data
2026-01-15 14:46:18,128 [INFO] fetch_kline.py:139 从 stocklist.csv 读取到 3068 只股票（排除板块：bj,gem,star）
2026-01-15 14:46:18,129 [INFO] fetch_kline.py:219 开始抓取 3068 支股票 | 数据源:Tushare(日线,qfq) | 日期:20250101 → 20260115 | 排除:bj,gem,star
2026-01-15 14:52:53,425 [INFO] fetch_kline.py:239 全部任务完成，数据已保存至 /Users/chengyanbo/StockTradebyZ/data
2026-01-16 12:57:48,222 [INFO] fetch_kline.py:139 从 stocklist.csv 读取到 3068 只股票（排除板块：bj,gem,star）
2026-01-16 12:57:48,222 [INFO] fetch_kline.py:219 开始抓取 3068 支股票 | 数据源:Tushare(日线,qfq) | 日期:20250101 → 20260116 | 排除:bj,gem,star
2026-01-16 13:04:29,182 [INFO] fetch_kline.py:239 全部任务完成，数据已保存至 /Users/chengyanbo/StockTradebyZ/data
2026-01-19 12:13:42,222 [INFO] fetch_kline.py:139 从 stocklist.csv 读取到 3068 只股票（排除板块：bj,gem,star）
2026-01-19 12:13:42,223 [INFO] fetch_kline.py:219 开始抓取 3068 支股票 | 数据源:Tushare(日线,qfq) | 日期:20250101 → 20260119 | 排除:bj,gem,star
2026-01-19 12:20:11,384 [INFO] fetch_kline.py:239 全部任务完成，数据已保存至 /Users/chengyanbo/StockTradebyZ/data
2026-01-20 13:52:09,047 [INFO] fetch_kline.py:139 从 stocklist.csv 读取到 3068 只股票（排除板块：bj,gem,star）
2026-01-20 13:52:09,048 [INFO] fetch_kline.py:219 开始抓取 3068 支股票 | 数据源:Tushare(日线,qfq) | 日期:20250101 → 20260120 | 排除:bj,gem,star
2026-01-20 13:58:35,075 [INFO] fetch_kline.py:239 全部任务完成，数据已保存至 /Users/chengyanbo/StockTradebyZ/data
2026-01-21 12:16:04,756 [INFO] fetch_kline.py:139 从 stocklist.csv 读取到 3068 只股票（排除板块：bj,gem,star）
2026-01-21 12:16:04,757 [INFO] fetch_kline.py:219 开始抓取 3068 支股票 | 数据源:Tushare(日线,qfq) | 日期:20250101 → 20260121 | 排除:bj,gem,star
2026-01-21 12:23:05,300 [INFO] fetch_kline.py:239 全部任务完成，数据已保存至 /Users/chengyanbo/StockTradebyZ/data
2026-01-22 11:03:02,607 [INFO] fetch_kline.py:139 从 stocklist.csv 读取到 3068 只股票（排除板块：bj,gem,star）
2026-01-22 11:03:02,608 [INFO] fetch_kline.py:219 开始抓取 3068 支股票 | 数据源:Tushare(日线,qfq) | 日期:20250101 → 20260122 | 排除:bj,gem,star
2026-01-22 11:09:47,333 [INFO] fetch_kline.py:239 全部任务完成，数据已保存至 /Users/chengyanbo/StockTradebyZ/data
2026-01-23 14:44:43,500 [INFO] fetch_kline.py:139 从 stocklist.csv 读取到 3068 只股票（排除板块：bj,gem,star）
2026-01-23 14:44:43,500 [INFO] fetch_kline.py:219 开始抓取 3068 支股票 | 数据源:Tushare(日线,qfq) | 日期:20250101 → 20260123 | 排除:bj,gem,star
2026-01-23 14:52:53,088 [INFO] fetch_kline.py:239 全部任务完成，数据已保存至 /Users/chengyanbo/StockTradebyZ/data
2026-01-25 16:01:19,055 [INFO] fetch_kline.py:139 从 stocklist.csv 读取到 3068 只股票（排除板块：bj,gem,star）
2026-01-25 16:01:19,055 [INFO] fetch_kline.py:219 开始抓取 3068 支股票 | 数据源:Tushare(日线,qfq) | 日期:20250101 → 20260125 | 排除:bj,gem,star
2026-01-25 16:07:41,707 [INFO] fetch_kline.py:239 全部任务完成，数据已保存至 /Users/chengyanbo/StockTradebyZ/data
2026-01-26 13:03:10,958 [INFO] fetch_kline.py:139 从 stocklist.csv 读取到 3068 只股票（排除板块：bj,gem,star）
2026-01-26 13:03:10,959 [INFO] fetch_kline.py:219 开始抓取 3068 支股票 | 数据源:Tushare(日线,qfq) | 日期:20250101 → 20260126 | 排除:bj,gem,star
2026-01-26 13:03:13,224 [INFO] fetch_kline.py:167 000006 第 1 次抓取失败，15 秒后重试：ERROR.
2026-01-26 13:03:13,227 [INFO] fetch_kline.py:167 000001 第 1 次抓取失败，15 秒后重试：ERROR.
2026-01-26 13:03:13,228 [INFO] fetch_kline.py:167 000014 第 1 次抓取失败，15 秒后重试：ERROR.
2026-01-26 13:03:13,233 [INFO] fetch_kline.py:167 000002 第 1 次抓取失败，15 秒后重试：ERROR.
2026-01-26 13:03:13,234 [INFO] fetch_kline.py:167 000012 第 1 次抓取失败，15 秒后重试：ERROR.
2026-01-26 13:03:13,237 [INFO] fetch_kline.py:167 000010 第 1 次抓取失败，15 秒后重试：ERROR.
2026-01-26 13:03:13,237 [INFO] fetch_kline.py:167 000011 第 1 次抓取失败，15 秒后重试：ERROR.
2026-01-26 13:03:13,248 [INFO] fetch_kline.py:167 000007 第 1 次抓取失败，15 秒后重试：ERROR.
2026-01-26 13:03:13,250 [INFO] fetch_kline.py:167 000009 第 1 次抓取失败，15 秒后重试：ERROR.
2026-01-26 13:03:13,475 [INFO] fetch_kline.py:167 000016 第 1 次抓取失败，15 秒后重试：ERROR.
2026-01-26 18:52:07,787 [INFO] fetch_kline.py:139 从 stocklist.csv 读取到 3068 只股票（排除板块：bj,gem,star）
2026-01-26 18:52:07,787 [INFO] fetch_kline.py:219 开始抓取 3068 支股票 | 数据源:Tushare(日线,qfq) | 日期:20250101 → 20260126 | 排除:bj,gem,star
2026-01-26 18:58:32,096 [INFO] fetch_kline.py:239 全部任务完成，数据已保存至 /Users/chengyanbo/StockTradebyZ/data
2026-01-27 13:34:27,803 [INFO] fetch_kline.py:139 从 stocklist.csv 读取到 3068 只股票（排除板块：bj,gem,star）
2026-01-27 13:34:27,804 [INFO] fetch_kline.py:219 开始抓取 3068 支股票 | 数据源:Tushare(日线,qfq) | 日期:20250101 → 20260127 | 排除:bj,gem,star
2026-01-27 13:41:02,987 [INFO] fetch_kline.py:239 全部任务完成，数据已保存至 /Users/chengyanbo/StockTradebyZ/data
2026-01-28 18:00:19,304 [INFO] fetch_kline.py:139 从 stocklist.csv 读取到 3068 只股票（排除板块：bj,gem,star）
2026-01-28 18:00:19,305 [INFO] fetch_kline.py:219 开始抓取 3068 支股票 | 数据源:Tushare(日线,qfq) | 日期:20250101 → 20260128 | 排除:bj,gem,star
2026-01-28 18:06:39,385 [INFO] fetch_kline.py:239 全部任务完成，数据已保存至 /Users/chengyanbo/StockTradebyZ/data
2026-01-29 12:23:54,386 [INFO] fetch_kline.py:139 从 stocklist.csv 读取到 3068 只股票（排除板块：bj,gem,star）
2026-01-29 12:23:54,387 [INFO] fetch_kline.py:219 开始抓取 3068 支股票 | 数据源:Tushare(日线,qfq) | 日期:20250101 → 20260129 | 排除:bj,gem,star
2026-01-29 12:32:19,128 [INFO] fetch_kline.py:239 全部任务完成，数据已保存至 /Users/chengyanbo/StockTradebyZ/data
2026-02-01 12:34:53,555 [INFO] fetch_kline.py:139 从 stocklist.csv 读取到 3068 只股票（排除板块：bj,gem,star）
2026-02-01 12:34:53,555 [INFO] fetch_kline.py:219 开始抓取 3068 支股票 | 数据源:Tushare(日线,qfq) | 日期:20250101 → 20260201 | 排除:bj,gem,star
2026-02-01 12:41:09,841 [INFO] fetch_kline.py:239 全部任务完成，数据已保存至 /Users/chengyanbo/StockTradebyZ/data
2026-02-02 12:11:54,684 [INFO] fetch_kline.py:139 从 stocklist.csv 读取到 3068 只股票（排除板块：bj,gem,star）
2026-02-02 12:11:54,684 [INFO] fetch_kline.py:219 开始抓取 3068 支股票 | 数据源:Tushare(日线,qfq) | 日期:20250101 → 20260202 | 排除:bj,gem,star
2026-02-02 12:12:57,639 [INFO] fetch_kline.py:167 002090 第 1 次抓取失败，15 秒后重试：ERROR.
2026-02-02 12:12:57,843 [INFO] fetch_kline.py:167 002091 第 1 次抓取失败，15 秒后重试：ERROR.
2026-02-02 12:12:57,877 [INFO] fetch_kline.py:167 002093 第 1 次抓取失败，15 秒后重试：ERROR.
2026-02-02 12:12:57,937 [INFO] fetch_kline.py:167 002092 第 1 次抓取失败，15 秒后重试：ERROR.
2026-02-02 12:12:58,056 [INFO] fetch_kline.py:167 002097 第 1 次抓取失败，15 秒后重试：ERROR.
2026-02-02 12:12:58,112 [INFO] fetch_kline.py:167 002094 第 1 次抓取失败，15 秒后重试：ERROR.
2026-02-02 12:12:58,125 [INFO] fetch_kline.py:167 002098 第 1 次抓取失败，15 秒后重试：ERROR.
2026-02-02 12:12:58,215 [INFO] fetch_kline.py:167 002095 第 1 次抓取失败，15 秒后重试：ERROR.
2026-02-02 12:12:58,592 [INFO] fetch_kline.py:167 002099 第 1 次抓取失败，15 秒后重试：ERROR.
2026-02-02 12:12:59,234 [INFO] fetch_kline.py:167 002100 第 1 次抓取失败，15 秒后重试：ERROR.
2026-02-02 12:18:23,185 [INFO] fetch_kline.py:239 全部任务完成，数据已保存至 /Users/chengyanbo/StockTradebyZ/data
2026-02-02 19:04:52,087 [INFO] fetch_kline.py:139 从 stocklist.csv 读取到 3068 只股票（排除板块：bj,gem,star）
2026-02-02 19:04:52,087 [INFO] fetch_kline.py:219 开始抓取 3068 支股票 | 数据源:Tushare(日线,qfq) | 日期:20250101 → 20260202 | 排除:bj,gem,star
2026-02-02 19:04:55,123 [INFO] fetch_kline.py:167 000010 第 1 次抓取失败，15 秒后重试：ERROR.
2026-02-02 19:04:55,134 [INFO] fetch_kline.py:167 000014 第 1 次抓取失败，15 秒后重试：ERROR.
2026-02-02 19:04:55,134 [INFO] fetch_kline.py:167 000002 第 1 次抓取失败，15 秒后重试：ERROR.
2026-02-02 19:04:55,140 [INFO] fetch_kline.py:167 000006 第 1 次抓取失败，15 秒后重试：ERROR.
2026-02-02 19:04:55,140 [INFO] fetch_kline.py:167 000001 第 1 次抓取失败，15 秒后重试：ERROR.
2026-02-02 19:04:55,141 [INFO] fetch_kline.py:167 000012 第 1 次抓取失败，15 秒后重试：ERROR.
2026-02-02 19:04:55,145 [INFO] fetch_kline.py:167 000007 第 1 次抓取失败，15 秒后重试：ERROR.
2026-02-02 19:04:55,145 [INFO] fetch_kline.py:167 000016 第 1 次抓取失败，15 秒后重试：ERROR.
2026-02-02 19:04:55,145 [INFO] fetch_kline.py:167 000011 第 1 次抓取失败，15 秒后重试：ERROR.
2026-02-02 19:04:55,146 [INFO] fetch_kline.py:167 000009 第 1 次抓取失败，15 秒后重试：ERROR.
2026-02-02 19:05:06,220 [INFO] fetch_kline.py:139 从 stocklist.csv 读取到 3068 只股票（排除板块：bj,gem,star）
2026-02-02 19:05:06,220 [INFO] fetch_kline.py:219 开始抓取 3068 支股票 | 数据源:Tushare(日线,qfq) | 日期:20250101 → 20260202 | 排除:bj,gem,star
2026-02-02 19:05:07,925 [INFO] fetch_kline.py:167 000001 第 1 次抓取失败，15 秒后重试：ERROR.
2026-02-02 19:05:07,942 [INFO] fetch_kline.py:167 000010 第 1 次抓取失败，15 秒后重试：ERROR.
2026-02-02 19:05:07,944 [INFO] fetch_kline.py:167 000011 第 1 次抓取失败，15 秒后重试：ERROR.
2026-02-02 19:05:07,944 [INFO] fetch_kline.py:167 000009 第 1 次抓取失败，15 秒后重试：ERROR.
2026-02-02 19:05:07,945 [INFO] fetch_kline.py:167 000014 第 1 次抓取失败，15 秒后重试：ERROR.
2026-02-02 19:05:07,945 [INFO] fetch_kline.py:167 000016 第 1 次抓取失败，15 秒后重试：ERROR.
2026-02-02 19:05:07,947 [INFO] fetch_kline.py:167 000006 第 1 次抓取失败，15 秒后重试：ERROR.
2026-02-02 19:05:07,949 [INFO] fetch_kline.py:167 000007 第 1 次抓取失败，15 秒后重试：ERROR.
2026-02-02 19:05:07,949 [INFO] fetch_kline.py:167 000002 第 1 次抓取失败，15 秒后重试：ERROR.
2026-02-02 19:05:07,955 [INFO] fetch_kline.py:167 000012 第 1 次抓取失败，15 秒后重试：ERROR.
2026-02-02 19:22:14,587 [INFO] fetch_kline.py:139 从 stocklist.csv 读取到 3068 只股票（排除板块：bj,gem,star）
2026-02-02 19:22:14,588 [INFO] fetch_kline.py:219 开始抓取 3068 支股票 | 数据源:Tushare(日线,qfq) | 日期:20250101 → 20260202 | 排除:bj,gem,star
2026-02-02 19:22:16,968 [INFO] fetch_kline.py:167 000012 第 1 次抓取失败，15 秒后重试：ERROR.
2026-02-02 19:22:16,980 [INFO] fetch_kline.py:167 000011 第 1 次抓取失败，15 秒后重试：ERROR.
2026-02-02 19:22:16,982 [INFO] fetch_kline.py:167 000014 第 1 次抓取失败，15 秒后重试：ERROR.
2026-02-02 19:22:16,984 [INFO] fetch_kline.py:167 000009 第 1 次抓取失败，15 秒后重试：ERROR.
2026-02-02 19:22:16,988 [INFO] fetch_kline.py:167 000002 第 1 次抓取失败，15 秒后重试：ERROR.
2026-02-02 19:22:16,996 [INFO] fetch_kline.py:167 000001 第 1 次抓取失败，15 秒后重试：ERROR.
2026-02-02 19:22:16,996 [INFO] fetch_kline.py:167 000006 第 1 次抓取失败，15 秒后重试：ERROR.
2026-02-02 19:22:16,997 [INFO] fetch_kline.py:167 000010 第 1 次抓取失败，15 秒后重试：ERROR.
2026-02-02 19:22:16,999 [INFO] fetch_kline.py:167 000016 第 1 次抓取失败，15 秒后重试：ERROR.
2026-02-02 19:22:17,006 [INFO] fetch_kline.py:167 000007 第 1 次抓取失败，15 秒后重试：ERROR.
2026-02-02 19:22:33,491 [INFO] fetch_kline.py:167 000012 第 2 次抓取失败，30 秒后重试：ERROR.
2026-02-02 19:22:33,525 [INFO] fetch_kline.py:167 000011 第 2 次抓取失败，30 秒后重试：ERROR.
2026-02-02 19:22:33,537 [INFO] fetch_kline.py:167 000006 第 2 次抓取失败，30 秒后重试：ERROR.
2026-02-02 19:22:33,563 [INFO] fetch_kline.py:167 000009 第 2 次抓取失败，30 秒后重试：ERROR.
2026-02-02 19:22:33,566 [INFO] fetch_kline.py:167 000014 第 2 次抓取失败，30 秒后重试：ERROR.
2026-02-02 19:22:33,569 [INFO] fetch_kline.py:167 000007 第 2 次抓取失败，30 秒后重试：ERROR.
2026-02-02 19:22:33,571 [INFO] fetch_kline.py:167 000016 第 2 次抓取失败，30 秒后重试：ERROR.
2026-02-02 19:22:33,572 [INFO] fetch_kline.py:167 000002 第 2 次抓取失败，30 秒后重试：ERROR.
2026-02-02 19:22:33,574 [INFO] fetch_kline.py:167 000010 第 2 次抓取失败，30 秒后重试：ERROR.
2026-02-02 19:22:33,579 [INFO] fetch_kline.py:167 000001 第 2 次抓取失败，30 秒后重试：ERROR.
2026-02-02 19:23:05,025 [INFO] fetch_kline.py:167 000012 第 3 次抓取失败，45 秒后重试：ERROR.
2026-02-02 19:23:05,056 [INFO] fetch_kline.py:167 000011 第 3 次抓取失败，45 秒后重试：ERROR.
2026-02-02 19:23:05,058 [INFO] fetch_kline.py:167 000006 第 3 次抓取失败，45 秒后重试：ERROR.
2026-02-02 19:23:05,065 [INFO] fetch_kline.py:167 000016 第 3 次抓取失败，45 秒后重试：ERROR.
2026-02-02 19:23:05,073 [INFO] fetch_kline.py:167 000010 第 3 次抓取失败，45 秒后重试：ERROR.
2026-02-02 19:23:05,087 [INFO] fetch_kline.py:167 000002 第 3 次抓取失败，45 秒后重试：ERROR.
2026-02-02 19:23:05,091 [INFO] fetch_kline.py:167 000014 第 3 次抓取失败，45 秒后重试：ERROR.
2026-02-02 19:23:05,094 [INFO] fetch_kline.py:167 000007 第 3 次抓取失败，45 秒后重试：ERROR.
2026-02-02 19:23:05,103 [INFO] fetch_kline.py:167 000001 第 3 次抓取失败，45 秒后重试：ERROR.
2026-02-02 19:23:05,112 [INFO] fetch_kline.py:167 000009 第 3 次抓取失败，45 秒后重试：ERROR.
2026-02-02 19:23:50,032 [ERROR] fetch_kline.py:170 000012 三次抓取均失败，已跳过！
2026-02-02 19:23:50,062 [ERROR] fetch_kline.py:170 000011 三次抓取均失败，已跳过！
2026-02-02 19:23:50,062 [ERROR] fetch_kline.py:170 000006 三次抓取均失败，已跳过！
2026-02-02 19:23:50,071 [ERROR] fetch_kline.py:170 000016 三次抓取均失败，已跳过！
2026-02-02 19:23:50,078 [ERROR] fetch_kline.py:170 000010 三次抓取均失败，已跳过！
2026-02-02 19:23:50,092 [ERROR] fetch_kline.py:170 000002 三次抓取均失败，已跳过！
2026-02-02 19:23:50,092 [ERROR] fetch_kline.py:170 000014 三次抓取均失败，已跳过！
2026-02-02 19:23:50,100 [ERROR] fetch_kline.py:170 000007 三次抓取均失败，已跳过！
2026-02-02 19:23:50,108 [ERROR] fetch_kline.py:170 000001 三次抓取均失败，已跳过！
2026-02-02 19:23:50,115 [ERROR] fetch_kline.py:170 000009 三次抓取均失败，已跳过！
2026-02-02 19:23:51,549 [INFO] fetch_kline.py:167 000017 第 1 次抓取失败，15 秒后重试：ERROR.
2026-02-02 19:23:51,570 [INFO] fetch_kline.py:167 000019 第 1 次抓取失败，15 秒后重试：ERROR.
2026-02-02 19:23:51,591 [INFO] fetch_kline.py:167 000021 第 1 次抓取失败，15 秒后重试：ERROR.
2026-02-02 19:23:51,591 [INFO] fetch_kline.py:167 000020 第 1 次抓取失败，15 秒后重试：ERROR.
2026-02-02 19:23:51,610 [INFO] fetch_kline.py:167 000026 第 1 次抓取失败，15 秒后重试：ERROR.
2026-02-02 19:23:51,617 [INFO] fetch_kline.py:167 000030 第 1 次抓取失败，15 秒后重试：ERROR.
2026-02-02 19:23:51,624 [INFO] fetch_kline.py:167 000025 第 1 次抓取失败，15 秒后重试：ERROR.
2026-02-02 19:23:51,624 [INFO] fetch_kline.py:167 000028 第 1 次抓取失败，15 秒后重试：ERROR.
2026-02-02 19:23:51,630 [INFO] fetch_kline.py:167 000029 第 1 次抓取失败，15 秒后重试：ERROR.
2026-02-02 19:23:51,631 [INFO] fetch_kline.py:167 000027 第 1 次抓取失败，15 秒后重试：ERROR.
2026-02-02 19:24:08,065 [INFO] fetch_kline.py:167 000019 第 2 次抓取失败，30 秒后重试：ERROR.
2026-02-02 19:24:08,083 [INFO] fetch_kline.py:167 000017 第 2 次抓取失败，30 秒后重试：ERROR.
2026-02-02 19:24:08,125 [INFO] fetch_kline.py:167 000021 第 2 次抓取失败，30 秒后重试：ERROR.
2026-02-02 19:24:08,127 [INFO] fetch_kline.py:167 000026 第 2 次抓取失败，30 秒后重试：ERROR.
2026-02-02 19:24:08,160 [INFO] fetch_kline.py:167 000029 第 2 次抓取失败，30 秒后重试：ERROR.
2026-02-02 19:24:08,166 [INFO] fetch_kline.py:167 000028 第 2 次抓取失败，30 秒后重试：ERROR.
2026-02-02 19:24:08,166 [INFO] fetch_kline.py:167 000030 第 2 次抓取失败，30 秒后重试：ERROR.
2026-02-02 19:24:08,170 [INFO] fetch_kline.py:167 000027 第 2 次抓取失败，30 秒后重试：ERROR.
2026-02-02 19:24:08,182 [INFO] fetch_kline.py:167 000025 第 2 次抓取失败，30 秒后重试：ERROR.
2026-02-02 19:24:08,207 [INFO] fetch_kline.py:167 000020 第 2 次抓取失败，30 秒后重试：ERROR.
2026-02-02 19:24:39,582 [INFO] fetch_kline.py:167 000019 第 3 次抓取失败，45 秒后重试：ERROR.
2026-02-02 19:24:39,607 [INFO] fetch_kline.py:167 000017 第 3 次抓取失败，45 秒后重试：ERROR.
2026-02-02 19:24:39,679 [INFO] fetch_kline.py:167 000028 第 3 次抓取失败，45 秒后重试：ERROR.
2026-02-02 19:24:39,680 [INFO] fetch_kline.py:167 000027 第 3 次抓取失败，45 秒后重试：ERROR.
2026-02-02 19:24:39,684 [INFO] fetch_kline.py:167 000026 第 3 次抓取失败，45 秒后重试：ERROR.
2026-02-02 19:24:39,693 [INFO] fetch_kline.py:167 000030 第 3 次抓取失败，45 秒后重试：ERROR.
2026-02-02 19:24:39,700 [INFO] fetch_kline.py:167 000021 第 3 次抓取失败，45 秒后重试：ERROR.
2026-02-02 19:24:39,702 [INFO] fetch_kline.py:167 000029 第 3 次抓取失败，45 秒后重试：ERROR.
2026-02-02 19:24:39,708 [INFO] fetch_kline.py:167 000025 第 3 次抓取失败，45 秒后重试：ERROR.
2026-02-02 19:24:39,732 [INFO] fetch_kline.py:167 000020 第 3 次抓取失败，45 秒后重试：ERROR.
2026-02-02 19:25:24,588 [ERROR] fetch_kline.py:170 000019 三次抓取均失败，已跳过！
2026-02-02 19:25:24,613 [ERROR] fetch_kline.py:170 000017 三次抓取均失败，已跳过！
2026-02-02 19:25:24,684 [ERROR] fetch_kline.py:170 000027 三次抓取均失败，已跳过！
2026-02-02 19:25:24,685 [ERROR] fetch_kline.py:170 000028 三次抓取均失败，已跳过！
2026-02-02 19:25:24,690 [ERROR] fetch_kline.py:170 000026 三次抓取均失败，已跳过！
2026-02-02 19:25:24,698 [ERROR] fetch_kline.py:170 000030 三次抓取均失败，已跳过！
2026-02-02 19:25:24,706 [ERROR] fetch_kline.py:170 000021 三次抓取均失败，已跳过！
2026-02-02 19:25:24,706 [ERROR] fetch_kline.py:170 000029 三次抓取均失败，已跳过！
2026-02-02 19:25:24,713 [ERROR] fetch_kline.py:170 000025 三次抓取均失败，已跳过！
2026-02-02 19:25:24,738 [ERROR] fetch_kline.py:170 000020 三次抓取均失败，已跳过！
2026-02-02 19:25:26,125 [INFO] fetch_kline.py:167 000031 第 1 次抓取失败，15 秒后重试：ERROR.
2026-02-02 19:25:26,168 [INFO] fetch_kline.py:167 000032 第 1 次抓取失败，15 秒后重试：ERROR.
2026-02-02 19:25:26,189 [INFO] fetch_kline.py:167 000036 第 1 次抓取失败，15 秒后重试：ERROR.
2026-02-02 19:25:26,223 [INFO] fetch_kline.py:167 000039 第 1 次抓取失败，15 秒后重试：ERROR.
2026-02-02 19:25:26,231 [INFO] fetch_kline.py:167 000037 第 1 次抓取失败，15 秒后重试：ERROR.
2026-02-02 19:25:26,235 [INFO] fetch_kline.py:167 000035 第 1 次抓取失败，15 秒后重试：ERROR.
2026-02-02 19:25:26,263 [INFO] fetch_kline.py:167 000055 第 1 次抓取失败，15 秒后重试：ERROR.
2026-02-02 19:25:26,263 [INFO] fetch_kline.py:167 000050 第 1 次抓取失败，15 秒后重试：ERROR.
2026-02-02 19:25:26,263 [INFO] fetch_kline.py:167 000034 第 1 次抓取失败，15 秒后重试：ERROR.
2026-02-02 19:25:26,265 [INFO] fetch_kline.py:167 000056 第 1 次抓取失败，15 秒后重试：ERROR.
2026-02-02 19:25:42,642 [INFO] fetch_kline.py:167 000031 第 2 次抓取失败，30 秒后重试：ERROR.
2026-02-02 19:25:42,680 [INFO] fetch_kline.py:167 000032 第 2 次抓取失败，30 秒后重试：ERROR.
2026-02-02 19:25:42,698 [INFO] fetch_kline.py:167 000036 第 2 次抓取失败，30 秒后重试：ERROR.
2026-02-02 19:25:42,745 [INFO] fetch_kline.py:167 000037 第 2 次抓取失败，30 秒后重试：ERROR.
2026-02-02 19:25:42,754 [INFO] fetch_kline.py:167 000039 第 2 次抓取失败，30 秒后重试：ERROR.
2026-02-02 19:25:42,764 [INFO] fetch_kline.py:167 000035 第 2 次抓取失败，30 秒后重试：ERROR.
2026-02-02 19:25:42,804 [INFO] fetch_kline.py:167 000056 第 2 次抓取失败，30 秒后重试：ERROR.
2026-02-02 19:25:42,805 [INFO] fetch_kline.py:167 000050 第 2 次抓取失败，30 秒后重试：ERROR.
2026-02-02 19:25:42,805 [INFO] fetch_kline.py:167 000034 第 2 次抓取失败，30 秒后重试：ERROR.
2026-02-02 19:25:42,812 [INFO] fetch_kline.py:167 000055 第 2 次抓取失败，30 秒后重试：ERROR.
2026-02-02 19:26:14,161 [INFO] fetch_kline.py:167 000031 第 3 次抓取失败，45 秒后重试：ERROR.
2026-02-02 19:26:14,195 [INFO] fetch_kline.py:167 000032 第 3 次抓取失败，45 秒后重试：ERROR.
2026-02-02 19:26:14,198 [INFO] fetch_kline.py:167 000036 第 3 次抓取失败，45 秒后重试：ERROR.
2026-02-02 19:26:14,257 [INFO] fetch_kline.py:167 000037 第 3 次抓取失败，45 秒后重试：ERROR.
2026-02-02 19:26:14,286 [INFO] fetch_kline.py:167 000035 第 3 次抓取失败，45 秒后重试：ERROR.
2026-02-02 19:26:14,286 [INFO] fetch_kline.py:167 000039 第 3 次抓取失败，45 秒后重试：ERROR.
2026-02-02 19:26:14,315 [INFO] fetch_kline.py:167 000034 第 3 次抓取失败，45 秒后重试：ERROR.
2026-02-02 19:26:14,330 [INFO] fetch_kline.py:167 000050 第 3 次抓取失败，45 秒后重试：ERROR.
2026-02-02 19:26:14,342 [INFO] fetch_kline.py:167 000056 第 3 次抓取失败，45 秒后重试：ERROR.
2026-02-02 19:26:14,344 [INFO] fetch_kline.py:167 000055 第 3 次抓取失败，45 秒后重试：ERROR.
2026-02-02 19:26:59,166 [ERROR] fetch_kline.py:170 000031 三次抓取均失败，已跳过！
2026-02-02 19:26:59,200 [ERROR] fetch_kline.py:170 000036 三次抓取均失败，已跳过！
2026-02-02 19:26:59,200 [ERROR] fetch_kline.py:170 000032 三次抓取均失败，已跳过！
2026-02-02 19:26:59,263 [ERROR] fetch_kline.py:170 000037 三次抓取均失败，已跳过！
2026-02-02 19:26:59,291 [ERROR] fetch_kline.py:170 000035 三次抓取均失败，已跳过！
2026-02-02 19:26:59,291 [ERROR] fetch_kline.py:170 000039 三次抓取均失败，已跳过！
2026-02-02 19:26:59,321 [ERROR] fetch_kline.py:170 000034 三次抓取均失败，已跳过！
2026-02-02 19:26:59,336 [ERROR] fetch_kline.py:170 000050 三次抓取均失败，已跳过！
2026-02-02 19:26:59,347 [ERROR] fetch_kline.py:170 000056 三次抓取均失败，已跳过！
2026-02-02 19:26:59,347 [ERROR] fetch_kline.py:170 000055 三次抓取均失败，已跳过！
2026-02-02 19:27:00,705 [INFO] fetch_kline.py:167 000058 第 1 次抓取失败，15 秒后重试：ERROR.
2026-02-02 19:27:00,730 [INFO] fetch_kline.py:167 000059 第 1 次抓取失败，15 秒后重试：ERROR.
2026-02-02 19:27:00,743 [INFO] fetch_kline.py:167 000060 第 1 次抓取失败，15 秒后重试：ERROR.
2026-02-02 19:27:00,754 [INFO] fetch_kline.py:167 000061 第 1 次抓取失败，15 秒后重试：ERROR.
2026-02-02 19:27:00,799 [INFO] fetch_kline.py:167 000063 第 1 次抓取失败，15 秒后重试：ERROR.
2026-02-02 19:27:00,815 [INFO] fetch_kline.py:167 000062 第 1 次抓取失败，15 秒后重试：ERROR.
2026-02-02 19:27:00,839 [INFO] fetch_kline.py:167 000065 第 1 次抓取失败，15 秒后重试：ERROR.
2026-02-02 19:27:00,844 [INFO] fetch_kline.py:167 000066 第 1 次抓取失败，15 秒后重试：ERROR.
2026-02-02 19:27:00,876 [INFO] fetch_kline.py:167 000068 第 1 次抓取失败，15 秒后重试：ERROR.
2026-02-02 19:27:00,888 [INFO] fetch_kline.py:167 000069 第 1 次抓取失败，15 秒后重试：ERROR.
2026-02-02 19:27:17,351 [INFO] fetch_kline.py:167 000059 第 2 次抓取失败，30 秒后重试：ERROR.
2026-02-02 19:27:17,430 [INFO] fetch_kline.py:167 000065 第 2 次抓取失败，30 秒后重试：ERROR.
2026-02-02 19:27:17,431 [INFO] fetch_kline.py:167 000061 第 2 次抓取失败，30 秒后重试：ERROR.
2026-02-02 19:27:17,433 [INFO] fetch_kline.py:167 000062 第 2 次抓取失败，30 秒后重试：ERROR.
2026-02-02 19:27:17,435 [INFO] fetch_kline.py:167 000068 第 2 次抓取失败，30 秒后重试：ERROR.
2026-02-02 19:27:17,436 [INFO] fetch_kline.py:167 000066 第 2 次抓取失败，30 秒后重试：ERROR.
2026-02-02 19:27:17,438 [INFO] fetch_kline.py:167 000058 第 2 次抓取失败，30 秒后重试：ERROR.
2026-02-02 19:27:17,442 [INFO] fetch_kline.py:167 000063 第 2 次抓取失败，30 秒后重试：ERROR.
2026-02-02 19:27:17,443 [INFO] fetch_kline.py:167 000060 第 2 次抓取失败，30 秒后重试：ERROR.
2026-02-02 19:27:17,476 [INFO] fetch_kline.py:167 000069 第 2 次抓取失败，30 秒后重试：ERROR.
2026-02-02 19:27:48,899 [INFO] fetch_kline.py:167 000059 第 3 次抓取失败，45 秒后重试：ERROR.
2026-02-02 19:27:48,953 [INFO] fetch_kline.py:167 000062 第 3 次抓取失败，45 秒后重试：ERROR.
2026-02-02 19:27:48,956 [INFO] fetch_kline.py:167 000060 第 3 次抓取失败，45 秒后重试：ERROR.
2026-02-02 19:27:48,970 [INFO] fetch_kline.py:167 000058 第 3 次抓取失败，45 秒后重试：ERROR.
2026-02-02 19:27:48,970 [INFO] fetch_kline.py:167 000063 第 3 次抓取失败，45 秒后重试：ERROR.
2026-02-02 19:27:48,974 [INFO] fetch_kline.py:167 000061 第 3 次抓取失败，45 秒后重试：ERROR.
2026-02-02 19:27:48,976 [INFO] fetch_kline.py:167 000066 第 3 次抓取失败，45 秒后重试：ERROR.
2026-02-02 19:27:48,986 [INFO] fetch_kline.py:167 000068 第 3 次抓取失败，45 秒后重试：ERROR.
2026-02-02 19:27:48,991 [INFO] fetch_kline.py:167 000065 第 3 次抓取失败，45 秒后重试：ERROR.
2026-02-02 19:27:49,143 [INFO] fetch_kline.py:167 000069 第 3 次抓取失败，45 秒后重试：ERROR.
2026-02-02 19:28:34,963 [INFO] fetch_kline.py:139 从 stocklist.csv 读取到 3068 只股票（排除板块：bj,gem,star）
2026-02-02 19:28:34,963 [INFO] fetch_kline.py:219 开始抓取 3068 支股票 | 数据源:Tushare(日线,qfq) | 日期:20250101 → 20260202 | 排除:bj,gem,star
2026-02-02 19:28:36,509 [INFO] fetch_kline.py:167 000010 第 1 次抓取失败，15 秒后重试：ERROR.
2026-02-02 19:28:36,510 [INFO] fetch_kline.py:167 000014 第 1 次抓取失败，15 秒后重试：ERROR.
2026-02-02 19:28:36,526 [INFO] fetch_kline.py:167 000011 第 1 次抓取失败，15 秒后重试：ERROR.
2026-02-02 19:28:36,527 [INFO] fetch_kline.py:167 000001 第 1 次抓取失败，15 秒后重试：ERROR.
2026-02-02 19:28:36,534 [INFO] fetch_kline.py:167 000006 第 1 次抓取失败，15 秒后重试：ERROR.
2026-02-02 19:28:36,537 [INFO] fetch_kline.py:167 000012 第 1 次抓取失败，15 秒后重试：ERROR.
2026-02-02 19:28:36,537 [INFO] fetch_kline.py:167 000009 第 1 次抓取失败，15 秒后重试：ERROR.
2026-02-02 19:28:36,538 [INFO] fetch_kline.py:167 000016 第 1 次抓取失败，15 秒后重试：ERROR.
2026-02-02 19:28:36,539 [INFO] fetch_kline.py:167 000002 第 1 次抓取失败，15 秒后重试：ERROR.
2026-02-02 19:28:36,539 [INFO] fetch_kline.py:167 000007 第 1 次抓取失败，15 秒后重试：ERROR.
2026-02-02 19:45:22,164 [INFO] fetch_kline.py:139 从 stocklist.csv 读取到 3068 只股票（排除板块：bj,gem,star）
2026-02-02 19:45:22,165 [INFO] fetch_kline.py:219 开始抓取 3068 支股票 | 数据源:Tushare(日线,qfq) | 日期:20250101 → 20260202 | 排除:bj,gem,star
2026-02-03 17:41:53,615 [INFO] fetch_kline.py:139 从 stocklist.csv 读取到 3068 只股票（排除板块：bj,gem,star）
2026-02-03 17:41:53,615 [INFO] fetch_kline.py:219 开始抓取 3068 支股票 | 数据源:Tushare(日线,qfq) | 日期:20250101 → 20260203 | 排除:bj,gem,star
2026-02-03 17:41:56,172 [INFO] fetch_kline.py:167 000011 第 1 次抓取失败，15 秒后重试：ERROR.
2026-02-03 17:41:56,174 [INFO] fetch_kline.py:167 000014 第 1 次抓取失败，15 秒后重试：ERROR.
2026-02-03 17:41:56,175 [INFO] fetch_kline.py:167 000006 第 1 次抓取失败，15 秒后重试：ERROR.
2026-02-03 17:41:56,181 [INFO] fetch_kline.py:167 000016 第 1 次抓取失败，15 秒后重试：ERROR.
2026-02-03 17:41:56,183 [INFO] fetch_kline.py:167 000012 第 1 次抓取失败，15 秒后重试：ERROR.
2026-02-03 17:41:56,187 [INFO] fetch_kline.py:167 000007 第 1 次抓取失败，15 秒后重试：ERROR.
2026-02-03 17:41:56,188 [INFO] fetch_kline.py:167 000001 第 1 次抓取失败，15 秒后重试：ERROR.
2026-02-03 17:41:56,188 [INFO] fetch_kline.py:167 000002 第 1 次抓取失败，15 秒后重试：ERROR.
2026-02-03 17:41:56,189 [INFO] fetch_kline.py:167 000010 第 1 次抓取失败，15 秒后重试：ERROR.
2026-02-03 17:41:56,193 [INFO] fetch_kline.py:167 000009 第 1 次抓取失败，15 秒后重试：ERROR.
2026-02-03 17:42:12,710 [INFO] fetch_kline.py:167 000009 第 2 次抓取失败，30 秒后重试：ERROR.
2026-02-03 17:42:12,711 [INFO] fetch_kline.py:167 000011 第 2 次抓取失败，30 秒后重试：ERROR.
2026-02-03 17:42:12,712 [INFO] fetch_kline.py:167 000014 第 2 次抓取失败，30 秒后重试：ERROR.
2026-02-03 17:42:12,714 [INFO] fetch_kline.py:167 000002 第 2 次抓取失败，30 秒后重试：ERROR.
2026-02-03 17:42:12,714 [INFO] fetch_kline.py:167 000016 第 2 次抓取失败，30 秒后重试：ERROR.
2026-02-03 17:42:12,714 [INFO] fetch_kline.py:167 000001 第 2 次抓取失败，30 秒后重试：ERROR.
2026-02-03 17:42:12,714 [INFO] fetch_kline.py:167 000007 第 2 次抓取失败，30 秒后重试：ERROR.
2026-02-03 17:42:12,714 [INFO] fetch_kline.py:167 000012 第 2 次抓取失败，30 秒后重试：ERROR.
2026-02-03 17:42:12,714 [INFO] fetch_kline.py:167 000010 第 2 次抓取失败，30 秒后重试：ERROR.
2026-02-03 17:42:12,714 [INFO] fetch_kline.py:167 000006 第 2 次抓取失败，30 秒后重试：ERROR.
2026-02-03 17:42:26,870 [INFO] fetch_kline.py:139 从 stocklist.csv 读取到 3068 只股票（排除板块：bj,gem,star）
2026-02-03 17:42:26,870 [INFO] fetch_kline.py:219 开始抓取 3068 支股票 | 数据源:Tushare(日线,qfq) | 日期:20250101 → 20260203 | 排除:bj,gem,star
2026-02-03 17:42:28,450 [INFO] fetch_kline.py:167 000012 第 1 次抓取失败，15 秒后重试：ERROR.
2026-02-03 17:42:28,463 [INFO] fetch_kline.py:167 000006 第 1 次抓取失败，15 秒后重试：ERROR.
2026-02-03 17:42:28,465 [INFO] fetch_kline.py:167 000010 第 1 次抓取失败，15 秒后重试：ERROR.
2026-02-03 17:42:28,467 [INFO] fetch_kline.py:167 000002 第 1 次抓取失败，15 秒后重试：ERROR.
2026-02-03 17:42:28,470 [INFO] fetch_kline.py:167 000009 第 1 次抓取失败，15 秒后重试：ERROR.
2026-02-03 17:42:28,470 [INFO] fetch_kline.py:167 000011 第 1 次抓取失败，15 秒后重试：ERROR.
2026-02-03 17:42:28,470 [INFO] fetch_kline.py:167 000014 第 1 次抓取失败，15 秒后重试：ERROR.
2026-02-03 17:42:28,470 [INFO] fetch_kline.py:167 000001 第 1 次抓取失败，15 秒后重试：ERROR.
2026-02-03 17:42:28,471 [INFO] fetch_kline.py:167 000016 第 1 次抓取失败，15 秒后重试：ERROR.
2026-02-03 17:42:28,471 [INFO] fetch_kline.py:167 000007 第 1 次抓取失败，15 秒后重试：ERROR.
2026-02-04 12:37:24,171 [INFO] fetch_kline.py:139 从 stocklist.csv 读取到 3068 只股票（排除板块：bj,gem,star）
2026-02-04 12:37:24,171 [INFO] fetch_kline.py:219 开始抓取 3068 支股票 | 数据源:Tushare(日线,qfq) | 日期:20250101 → 20260204 | 排除:bj,gem,star
2026-02-04 12:44:31,047 [INFO] fetch_kline.py:239 全部任务完成，数据已保存至 /Users/chengyanbo/StockTradebyZ/data
2026-02-05 13:46:51,096 [INFO] fetch_kline.py:139 从 stocklist.csv 读取到 3068 只股票（排除板块：bj,gem,star）
2026-02-05 13:46:51,096 [INFO] fetch_kline.py:219 开始抓取 3068 支股票 | 数据源:Tushare(日线,qfq) | 日期:20250101 → 20260205 | 排除:bj,gem,star
2026-02-05 13:53:03,979 [INFO] fetch_kline.py:239 全部任务完成，数据已保存至 /Users/chengyanbo/StockTradebyZ/data
2026-02-06 14:02:11,977 [INFO] fetch_kline.py:139 从 stocklist.csv 读取到 3068 只股票（排除板块：bj,gem,star）
2026-02-06 14:02:11,978 [INFO] fetch_kline.py:219 开始抓取 3068 支股票 | 数据源:Tushare(日线,qfq) | 日期:20250101 → 20260206 | 排除:bj,gem,star
2026-02-06 14:08:16,693 [INFO] fetch_kline.py:239 全部任务完成，数据已保存至 /Users/chengyanbo/StockTradebyZ/data
