2025-12-18 00:16:29,357 [ERROR] 股票池为空！
2025-12-18 20:50:42,406 [INFO] 未指定 --date，使用最近日期 2025-12-18
2025-12-18 20:51:12,967 [INFO] 
2025-12-18 20:51:12,968 [INFO] ============== 选股结果 [少妇战法] ==============
2025-12-18 20:51:12,968 [INFO] 交易日: 2025-12-18
2025-12-18 20:51:12,968 [INFO] 符合条件股票数: 13
2025-12-18 20:51:12,968 [INFO] 603408, 605086, 603355, 002371, 002301, 002117, 000697, 603931, 000333, 002898, 002752, 605299, 002235
2025-12-18 20:52:44,693 [INFO] 
2025-12-18 20:52:44,693 [INFO] ============== 选股结果 [SuperB1战法] ==============
2025-12-18 20:52:44,694 [INFO] 交易日: 2025-12-18
2025-12-18 20:52:44,694 [INFO] 符合条件股票数: 0
2025-12-18 20:52:44,694 [INFO] 无符合条件股票
2025-12-18 20:52:56,444 [INFO] 
2025-12-18 20:52:56,444 [INFO] ============== 选股结果 [补票战法] ==============
2025-12-18 20:52:56,444 [INFO] 交易日: 2025-12-18
2025-12-18 20:52:56,444 [INFO] 符合条件股票数: 1
2025-12-18 20:52:56,444 [INFO] 000603
2025-12-18 20:52:58,880 [INFO] 
2025-12-18 20:52:58,880 [INFO] ============== 选股结果 [填坑战法] ==============
2025-12-18 20:52:58,880 [INFO] 交易日: 2025-12-18
2025-12-18 20:52:58,880 [INFO] 符合条件股票数: 3
2025-12-18 20:52:58,880 [INFO] 002725, 002787, 603162
2025-12-18 20:53:01,096 [INFO] 
2025-12-18 20:53:01,096 [INFO] ============== 选股结果 [上穿60放量战法] ==============
2025-12-18 20:53:01,096 [INFO] 交易日: 2025-12-18
2025-12-18 20:53:01,096 [INFO] 符合条件股票数: 11
2025-12-18 20:53:01,096 [INFO] 600868, 002238, 002548, 002301, 600163, 000070, 002725, 002585, 002235, 002967, 002233
2025-12-18 21:11:55,063 [INFO] 未指定 --date，使用最近日期 2025-12-18
2025-12-18 21:12:07,230 [INFO] 
2025-12-18 21:12:07,231 [INFO] ============== 选股结果 [少妇战法] ==============
2025-12-18 21:12:07,231 [INFO] 交易日: 2025-12-18
2025-12-18 21:12:07,231 [INFO] 符合条件股票数: 13
2025-12-18 21:12:07,231 [INFO] 603408, 605086, 603355, 002371, 002301, 002117, 000697, 603931, 000333, 002898, 002752, 605299, 002235
2025-12-18 21:13:31,989 [INFO] 
2025-12-18 21:13:31,990 [INFO] ============== 选股结果 [SuperB1战法] ==============
2025-12-18 21:13:31,990 [INFO] 交易日: 2025-12-18
2025-12-18 21:13:31,990 [INFO] 符合条件股票数: 0
2025-12-18 21:13:31,990 [INFO] 无符合条件股票
2025-12-18 21:13:43,695 [INFO] 
2025-12-18 21:13:43,696 [INFO] ============== 选股结果 [补票战法] ==============
2025-12-18 21:13:43,696 [INFO] 交易日: 2025-12-18
2025-12-18 21:13:43,696 [INFO] 符合条件股票数: 1
2025-12-18 21:13:43,696 [INFO] 000603
2025-12-18 21:13:46,125 [INFO] 
2025-12-18 21:13:46,125 [INFO] ============== 选股结果 [填坑战法] ==============
2025-12-18 21:13:46,125 [INFO] 交易日: 2025-12-18
2025-12-18 21:13:46,125 [INFO] 符合条件股票数: 3
2025-12-18 21:13:46,125 [INFO] 002725, 002787, 603162
2025-12-18 21:13:48,319 [INFO] 
2025-12-18 21:13:48,319 [INFO] ============== 选股结果 [上穿60放量战法] ==============
2025-12-18 21:13:48,319 [INFO] 交易日: 2025-12-18
2025-12-18 21:13:48,319 [INFO] 符合条件股票数: 11
2025-12-18 21:13:48,319 [INFO] 600868, 002238, 002548, 002301, 600163, 000070, 002725, 002585, 002235, 002967, 002233
2025-12-20 14:35:55,211 [INFO] 未指定 --date，使用最近日期 2025-12-18
2025-12-20 14:36:07,308 [INFO] 
2025-12-20 14:36:07,308 [INFO] ============== 选股结果 [少妇战法] ==============
2025-12-20 14:36:07,308 [INFO] 交易日: 2025-12-18
2025-12-20 14:36:07,308 [INFO] 符合条件股票数: 13
2025-12-20 14:36:07,308 [INFO] 603408, 605086, 603355, 002371, 002301, 002117, 000697, 603931, 000333, 002898, 002752, 605299, 002235
2025-12-20 14:37:32,096 [INFO] 
2025-12-20 14:37:32,096 [INFO] ============== 选股结果 [SuperB1战法] ==============
2025-12-20 14:37:32,096 [INFO] 交易日: 2025-12-18
2025-12-20 14:37:32,096 [INFO] 符合条件股票数: 0
2025-12-20 14:37:32,096 [INFO] 无符合条件股票
2025-12-20 14:37:43,811 [INFO] 
2025-12-20 14:37:43,811 [INFO] ============== 选股结果 [补票战法] ==============
2025-12-20 14:37:43,811 [INFO] 交易日: 2025-12-18
2025-12-20 14:37:43,811 [INFO] 符合条件股票数: 1
2025-12-20 14:37:43,811 [INFO] 000603
2025-12-20 14:37:46,243 [INFO] 
2025-12-20 14:37:46,243 [INFO] ============== 选股结果 [填坑战法] ==============
2025-12-20 14:37:46,243 [INFO] 交易日: 2025-12-18
2025-12-20 14:37:46,243 [INFO] 符合条件股票数: 3
2025-12-20 14:37:46,243 [INFO] 002725, 002787, 603162
2025-12-20 14:37:48,425 [INFO] 
2025-12-20 14:37:48,425 [INFO] ============== 选股结果 [上穿60放量战法] ==============
2025-12-20 14:37:48,425 [INFO] 交易日: 2025-12-18
2025-12-20 14:37:48,425 [INFO] 符合条件股票数: 11
2025-12-20 14:37:48,425 [INFO] 600868, 002238, 002548, 002301, 600163, 000070, 002725, 002585, 002235, 002967, 002233
2025-12-20 20:48:46,550 [INFO] 未指定 --date，使用最近日期 2025-12-18
2025-12-20 20:48:58,753 [INFO] 
2025-12-20 20:48:58,753 [INFO] ============== 选股结果 [少妇战法] ==============
2025-12-20 20:48:58,753 [INFO] 交易日: 2025-12-18
2025-12-20 20:48:58,753 [INFO] 符合条件股票数: 13
2025-12-20 20:48:58,753 [INFO] 603408, 605086, 603355, 002371, 002301, 002117, 000697, 603931, 000333, 002898, 002752, 605299, 002235
2025-12-20 20:50:24,235 [INFO] 
2025-12-20 20:50:24,236 [INFO] ============== 选股结果 [SuperB1战法] ==============
2025-12-20 20:50:24,236 [INFO] 交易日: 2025-12-18
2025-12-20 20:50:24,236 [INFO] 符合条件股票数: 0
2025-12-20 20:50:24,236 [INFO] 无符合条件股票
2025-12-20 20:50:36,764 [INFO] 
2025-12-20 20:50:36,765 [INFO] ============== 选股结果 [补票战法] ==============
2025-12-20 20:50:36,765 [INFO] 交易日: 2025-12-18
2025-12-20 20:50:36,765 [INFO] 符合条件股票数: 1
2025-12-20 20:50:36,765 [INFO] 000603
2025-12-20 20:50:39,339 [INFO] 
2025-12-20 20:50:39,339 [INFO] ============== 选股结果 [填坑战法] ==============
2025-12-20 20:50:39,339 [INFO] 交易日: 2025-12-18
2025-12-20 20:50:39,339 [INFO] 符合条件股票数: 3
2025-12-20 20:50:39,339 [INFO] 002725, 002787, 603162
2025-12-20 20:50:41,723 [INFO] 
2025-12-20 20:50:41,723 [INFO] ============== 选股结果 [上穿60放量战法] ==============
2025-12-20 20:50:41,723 [INFO] 交易日: 2025-12-18
2025-12-20 20:50:41,723 [INFO] 符合条件股票数: 11
2025-12-20 20:50:41,723 [INFO] 600868, 002238, 002548, 002301, 600163, 000070, 002725, 002585, 002235, 002967, 002233
2025-12-22 19:23:52,129 [INFO] 未指定 --date，使用最近日期 2025-12-22
2025-12-22 19:24:04,666 [INFO] 
2025-12-22 19:24:04,666 [INFO] ============== 选股结果 [少妇战法] ==============
2025-12-22 19:24:04,666 [INFO] 交易日: 2025-12-22
2025-12-22 19:24:04,666 [INFO] 符合条件股票数: 10
2025-12-22 19:24:04,666 [INFO] 605086, 002117, 603338, 603660, 000697, 601100, 002487, 601058, 002222, 605299
2025-12-22 19:25:33,744 [INFO] 
2025-12-22 19:25:33,745 [INFO] ============== 选股结果 [SuperB1战法] ==============
2025-12-22 19:25:33,745 [INFO] 交易日: 2025-12-22
2025-12-22 19:25:33,745 [INFO] 符合条件股票数: 0
2025-12-22 19:25:33,745 [INFO] 无符合条件股票
2025-12-22 19:25:46,151 [INFO] 
2025-12-22 19:25:46,151 [INFO] ============== 选股结果 [补票战法] ==============
2025-12-22 19:25:46,152 [INFO] 交易日: 2025-12-22
2025-12-22 19:25:46,152 [INFO] 符合条件股票数: 0
2025-12-22 19:25:46,152 [INFO] 无符合条件股票
2025-12-22 19:25:48,648 [INFO] 
2025-12-22 19:25:48,648 [INFO] ============== 选股结果 [填坑战法] ==============
2025-12-22 19:25:48,648 [INFO] 交易日: 2025-12-22
2025-12-22 19:25:48,648 [INFO] 符合条件股票数: 3
2025-12-22 19:25:48,648 [INFO] 603308, 002725, 002961
2025-12-22 19:25:50,836 [INFO] 
2025-12-22 19:25:50,836 [INFO] ============== 选股结果 [上穿60放量战法] ==============
2025-12-22 19:25:50,836 [INFO] 交易日: 2025-12-22
2025-12-22 19:25:50,836 [INFO] 符合条件股票数: 12
2025-12-22 19:25:50,836 [INFO] 600163, 603327, 002725, 002519, 601100, 600184, 002222, 002961, 002632, 002585, 002967, 002233
2025-12-22 21:15:11,124 [INFO] 未指定 --date，使用最近日期 2025-12-22
2025-12-22 21:15:23,678 [INFO] 
2025-12-22 21:15:23,678 [INFO] ============== 选股结果 [少妇战法] ==============
2025-12-22 21:15:23,678 [INFO] 交易日: 2025-12-22
2025-12-22 21:15:23,678 [INFO] 符合条件股票数: 10
2025-12-22 21:15:23,678 [INFO] 605086, 002117, 603338, 603660, 000697, 601100, 002487, 601058, 002222, 605299
2025-12-22 21:15:23,686 [ERROR] 写入 Excel 失败：No module named 'openpyxl'
2025-12-22 21:16:35,827 [INFO] 未指定 --date，使用最近日期 2025-12-22
2025-12-22 21:16:48,496 [INFO] 
2025-12-22 21:16:48,497 [INFO] ============== 选股结果 [少妇战法] ==============
2025-12-22 21:16:48,497 [INFO] 交易日: 2025-12-22
2025-12-22 21:16:48,497 [INFO] 符合条件股票数: 10
2025-12-22 21:16:48,497 [INFO] 605086, 002117, 603338, 603660, 000697, 601100, 002487, 601058, 002222, 605299
2025-12-22 21:16:48,745 [ERROR] 写入 Excel 失败：if_sheet_exists is only valid in append mode (mode='a')
2025-12-22 21:18:21,743 [INFO] 
2025-12-22 21:18:21,745 [INFO] ============== 选股结果 [SuperB1战法] ==============
2025-12-22 21:18:21,745 [INFO] 交易日: 2025-12-22
2025-12-22 21:18:21,745 [INFO] 符合条件股票数: 0
2025-12-22 21:18:21,745 [INFO] 无符合条件股票
2025-12-22 21:18:21,747 [ERROR] 写入 Excel 失败：if_sheet_exists is only valid in append mode (mode='a')
2025-12-22 21:18:35,073 [INFO] 
2025-12-22 21:18:35,074 [INFO] ============== 选股结果 [补票战法] ==============
2025-12-22 21:18:35,074 [INFO] 交易日: 2025-12-22
2025-12-22 21:18:35,074 [INFO] 符合条件股票数: 0
2025-12-22 21:18:35,074 [INFO] 无符合条件股票
2025-12-22 21:18:35,074 [ERROR] 写入 Excel 失败：if_sheet_exists is only valid in append mode (mode='a')
2025-12-22 21:18:37,669 [INFO] 
2025-12-22 21:18:37,669 [INFO] ============== 选股结果 [填坑战法] ==============
2025-12-22 21:18:37,669 [INFO] 交易日: 2025-12-22
2025-12-22 21:18:37,669 [INFO] 符合条件股票数: 3
2025-12-22 21:18:37,669 [INFO] 603308, 002725, 002961
2025-12-22 21:18:37,671 [ERROR] 写入 Excel 失败：if_sheet_exists is only valid in append mode (mode='a')
2025-12-22 21:18:39,952 [INFO] 
2025-12-22 21:18:39,952 [INFO] ============== 选股结果 [上穿60放量战法] ==============
2025-12-22 21:18:39,952 [INFO] 交易日: 2025-12-22
2025-12-22 21:18:39,952 [INFO] 符合条件股票数: 12
2025-12-22 21:18:39,952 [INFO] 600163, 603327, 002725, 002519, 601100, 600184, 002222, 002961, 002632, 002585, 002967, 002233
2025-12-22 21:18:39,957 [ERROR] 写入 Excel 失败：if_sheet_exists is only valid in append mode (mode='a')
2025-12-22 21:19:16,978 [INFO] 未指定 --date，使用最近日期 2025-12-22
2025-12-22 21:19:29,729 [INFO] 
2025-12-22 21:19:29,730 [INFO] ============== 选股结果 [少妇战法] ==============
2025-12-22 21:19:29,730 [INFO] 交易日: 2025-12-22
2025-12-22 21:19:29,730 [INFO] 符合条件股票数: 10
2025-12-22 21:19:29,730 [INFO] 605086, 002117, 603338, 603660, 000697, 601100, 002487, 601058, 002222, 605299
2025-12-22 21:19:29,833 [ERROR] 写入 Excel 失败：File is not a zip file
2025-12-22 21:20:13,234 [INFO] 未指定 --date，使用最近日期 2025-12-22
2025-12-22 21:20:25,970 [INFO] 
2025-12-22 21:20:25,971 [INFO] ============== 选股结果 [少妇战法] ==============
2025-12-22 21:20:25,971 [INFO] 交易日: 2025-12-22
2025-12-22 21:20:25,971 [INFO] 符合条件股票数: 10
2025-12-22 21:20:25,971 [INFO] 605086, 002117, 603338, 603660, 000697, 601100, 002487, 601058, 002222, 605299
2025-12-22 21:20:26,046 [ERROR] 写入 Excel 失败：File is not a zip file
2025-12-22 21:21:35,044 [INFO] 未指定 --date，使用最近日期 2025-12-22
2025-12-22 21:21:47,684 [INFO] 
2025-12-22 21:21:47,685 [INFO] ============== 选股结果 [少妇战法] ==============
2025-12-22 21:21:47,685 [INFO] 交易日: 2025-12-22
2025-12-22 21:21:47,685 [INFO] 符合条件股票数: 10
2025-12-22 21:21:47,685 [INFO] 605086, 002117, 603338, 603660, 000697, 601100, 002487, 601058, 002222, 605299
2025-12-22 21:21:47,755 [ERROR] 写入 Excel 失败：if_sheet_exists is only valid in append mode (mode='a')
2025-12-22 21:22:27,887 [INFO] 未指定 --date，使用最近日期 2025-12-22
2025-12-22 21:22:40,392 [INFO] 
2025-12-22 21:22:40,393 [INFO] ============== 选股结果 [少妇战法] ==============
2025-12-22 21:22:40,393 [INFO] 交易日: 2025-12-22
2025-12-22 21:22:40,393 [INFO] 符合条件股票数: 10
2025-12-22 21:22:40,393 [INFO] 605086, 002117, 603338, 603660, 000697, 601100, 002487, 601058, 002222, 605299
2025-12-22 21:22:40,471 [ERROR] 写入 Excel 失败：File is not a zip file
2025-12-22 21:23:31,185 [INFO] 未指定 --date，使用最近日期 2025-12-22
2025-12-22 21:23:43,923 [INFO] 
2025-12-22 21:23:43,923 [INFO] ============== 选股结果 [少妇战法] ==============
2025-12-22 21:23:43,923 [INFO] 交易日: 2025-12-22
2025-12-22 21:23:43,923 [INFO] 符合条件股票数: 10
2025-12-22 21:23:43,923 [INFO] 605086, 002117, 603338, 603660, 000697, 601100, 002487, 601058, 002222, 605299
2025-12-22 21:25:16,798 [INFO] 
2025-12-22 21:25:16,799 [INFO] ============== 选股结果 [SuperB1战法] ==============
2025-12-22 21:25:16,799 [INFO] 交易日: 2025-12-22
2025-12-22 21:25:16,799 [INFO] 符合条件股票数: 0
2025-12-22 21:25:16,799 [INFO] 无符合条件股票
2025-12-22 21:25:29,249 [INFO] 
2025-12-22 21:25:29,249 [INFO] ============== 选股结果 [补票战法] ==============
2025-12-22 21:25:29,249 [INFO] 交易日: 2025-12-22
2025-12-22 21:25:29,249 [INFO] 符合条件股票数: 0
2025-12-22 21:25:29,249 [INFO] 无符合条件股票
2025-12-22 21:25:31,756 [INFO] 
2025-12-22 21:25:31,756 [INFO] ============== 选股结果 [填坑战法] ==============
2025-12-22 21:25:31,756 [INFO] 交易日: 2025-12-22
2025-12-22 21:25:31,756 [INFO] 符合条件股票数: 3
2025-12-22 21:25:31,756 [INFO] 603308, 002725, 002961
2025-12-22 21:25:33,950 [INFO] 
2025-12-22 21:25:33,950 [INFO] ============== 选股结果 [上穿60放量战法] ==============
2025-12-22 21:25:33,950 [INFO] 交易日: 2025-12-22
2025-12-22 21:25:33,950 [INFO] 符合条件股票数: 12
2025-12-22 21:25:33,950 [INFO] 600163, 603327, 002725, 002519, 601100, 600184, 002222, 002961, 002632, 002585, 002967, 002233
2025-12-22 21:33:11,667 [INFO] 未指定 --date，使用最近日期 2025-12-22
2025-12-22 21:33:11,669 [INFO] 日志同时写入文件: 20251222.txt
2025-12-22 21:33:24,493 [INFO] 
2025-12-22 21:33:24,494 [INFO] ============== 选股结果 [少妇战法] ==============
2025-12-22 21:33:24,494 [INFO] 交易日: 2025-12-22
2025-12-22 21:33:24,494 [INFO] 符合条件股票数: 10
2025-12-22 21:33:24,494 [INFO] 605086, 002117, 603338, 603660, 000697, 601100, 002487, 601058, 002222, 605299
2025-12-22 21:34:57,635 [INFO] 
2025-12-22 21:34:57,636 [INFO] ============== 选股结果 [SuperB1战法] ==============
2025-12-22 21:34:57,636 [INFO] 交易日: 2025-12-22
2025-12-22 21:34:57,637 [INFO] 符合条件股票数: 0
2025-12-22 21:34:57,637 [INFO] 无符合条件股票
2025-12-22 21:35:10,951 [INFO] 
2025-12-22 21:35:10,951 [INFO] ============== 选股结果 [补票战法] ==============
2025-12-22 21:35:10,952 [INFO] 交易日: 2025-12-22
2025-12-22 21:35:10,952 [INFO] 符合条件股票数: 0
2025-12-22 21:35:10,952 [INFO] 无符合条件股票
2025-12-22 21:35:13,608 [INFO] 
2025-12-22 21:35:13,608 [INFO] ============== 选股结果 [填坑战法] ==============
2025-12-22 21:35:13,608 [INFO] 交易日: 2025-12-22
2025-12-22 21:35:13,608 [INFO] 符合条件股票数: 3
2025-12-22 21:35:13,608 [INFO] 603308, 002725, 002961
2025-12-22 21:35:15,898 [INFO] 
2025-12-22 21:35:15,899 [INFO] ============== 选股结果 [上穿60放量战法] ==============
2025-12-22 21:35:15,899 [INFO] 交易日: 2025-12-22
2025-12-22 21:35:15,899 [INFO] 符合条件股票数: 12
2025-12-22 21:35:15,899 [INFO] 600163, 603327, 002725, 002519, 601100, 600184, 002222, 002961, 002632, 002585, 002967, 002233
2025-12-22 21:35:43,176 [INFO] 未指定 --date，使用最近日期 2025-12-22
2025-12-22 21:35:43,177 [INFO] 日志同时写入文件: results/20251222.txt
2025-12-22 21:35:55,988 [INFO] 
2025-12-22 21:35:55,989 [INFO] ============== 选股结果 [少妇战法] ==============
2025-12-22 21:35:55,989 [INFO] 交易日: 2025-12-22
2025-12-22 21:35:55,989 [INFO] 符合条件股票数: 10
2025-12-22 21:35:55,989 [INFO] 605086, 002117, 603338, 603660, 000697, 601100, 002487, 601058, 002222, 605299
2025-12-22 21:37:25,593 [INFO] 
2025-12-22 21:37:25,595 [INFO] ============== 选股结果 [SuperB1战法] ==============
2025-12-22 21:37:25,595 [INFO] 交易日: 2025-12-22
2025-12-22 21:37:25,595 [INFO] 符合条件股票数: 0
2025-12-22 21:37:25,595 [INFO] 无符合条件股票
2025-12-22 21:37:38,042 [INFO] 
2025-12-22 21:37:38,042 [INFO] ============== 选股结果 [补票战法] ==============
2025-12-22 21:37:38,042 [INFO] 交易日: 2025-12-22
2025-12-22 21:37:38,042 [INFO] 符合条件股票数: 0
2025-12-22 21:37:38,042 [INFO] 无符合条件股票
2025-12-22 21:37:40,537 [INFO] 
2025-12-22 21:37:40,537 [INFO] ============== 选股结果 [填坑战法] ==============
2025-12-22 21:37:40,537 [INFO] 交易日: 2025-12-22
2025-12-22 21:37:40,538 [INFO] 符合条件股票数: 3
2025-12-22 21:37:40,538 [INFO] 603308, 002725, 002961
2025-12-22 21:37:42,747 [INFO] 
2025-12-22 21:37:42,748 [INFO] ============== 选股结果 [上穿60放量战法] ==============
2025-12-22 21:37:42,748 [INFO] 交易日: 2025-12-22
2025-12-22 21:37:42,748 [INFO] 符合条件股票数: 12
2025-12-22 21:37:42,748 [INFO] 600163, 603327, 002725, 002519, 601100, 600184, 002222, 002961, 002632, 002585, 002967, 002233
2025-12-23 18:31:24,059 [INFO] 未指定 --date，使用最近日期 2025-12-23
2025-12-23 18:31:24,060 [INFO] 日志同时写入文件: results/20251223.txt
2025-12-23 18:31:35,850 [INFO] 
2025-12-23 18:31:35,850 [INFO] ============== 选股结果 [少妇战法] ==============
2025-12-23 18:31:35,850 [INFO] 交易日: 2025-12-23
2025-12-23 18:31:35,850 [INFO] 符合条件股票数: 11
2025-12-23 18:31:35,850 [INFO] 603829, 002117, 000528, 605168, 000697, 002913, 002222, 605299, 002235, 002625, 603766
2025-12-23 18:33:00,410 [INFO] 
2025-12-23 18:33:00,411 [INFO] ============== 选股结果 [SuperB1战法] ==============
2025-12-23 18:33:00,411 [INFO] 交易日: 2025-12-23
2025-12-23 18:33:00,411 [INFO] 符合条件股票数: 0
2025-12-23 18:33:00,411 [INFO] 无符合条件股票
2025-12-23 18:33:12,109 [INFO] 
2025-12-23 18:33:12,109 [INFO] ============== 选股结果 [补票战法] ==============
2025-12-23 18:33:12,109 [INFO] 交易日: 2025-12-23
2025-12-23 18:33:12,109 [INFO] 符合条件股票数: 0
2025-12-23 18:33:12,109 [INFO] 无符合条件股票
2025-12-23 18:33:14,510 [INFO] 
2025-12-23 18:33:14,510 [INFO] ============== 选股结果 [填坑战法] ==============
2025-12-23 18:33:14,510 [INFO] 交易日: 2025-12-23
2025-12-23 18:33:14,510 [INFO] 符合条件股票数: 4
2025-12-23 18:33:14,510 [INFO] 603308, 002725, 002913, 002961
2025-12-23 18:33:16,604 [INFO] 
2025-12-23 18:33:16,604 [INFO] ============== 选股结果 [上穿60放量战法] ==============
2025-12-23 18:33:16,604 [INFO] 交易日: 2025-12-23
2025-12-23 18:33:16,604 [INFO] 符合条件股票数: 11
2025-12-23 18:33:16,604 [INFO] 600707, 600163, 002725, 002222, 002961, 002632, 002235, 002625, 601238, 002967, 002233
2025-12-24 20:39:02,550 [INFO] 未指定 --date，使用最近日期 2025-12-24
2025-12-24 20:39:02,550 [INFO] 日志同时写入文件: results/20251224.txt
2025-12-24 20:39:14,944 [INFO] 
2025-12-24 20:39:14,944 [INFO] ============== 选股结果 [少妇战法] ==============
2025-12-24 20:39:14,944 [INFO] 交易日: 2025-12-24
2025-12-24 20:39:14,944 [INFO] 符合条件股票数: 17
2025-12-24 20:39:14,945 [INFO] 002348, 605136, 603355, 603130, 605168, 000659, 600803, 000697, 002444, 601058, 002285, 002222, 002235, 002625, 002157, 002595, 603766
2025-12-24 20:40:42,383 [INFO] 
2025-12-24 20:40:42,385 [INFO] ============== 选股结果 [SuperB1战法] ==============
2025-12-24 20:40:42,385 [INFO] 交易日: 2025-12-24
2025-12-24 20:40:42,385 [INFO] 符合条件股票数: 0
2025-12-24 20:40:42,385 [INFO] 无符合条件股票
2025-12-24 20:40:54,606 [INFO] 
2025-12-24 20:40:54,607 [INFO] ============== 选股结果 [补票战法] ==============
2025-12-24 20:40:54,607 [INFO] 交易日: 2025-12-24
2025-12-24 20:40:54,607 [INFO] 符合条件股票数: 0
2025-12-24 20:40:54,607 [INFO] 无符合条件股票
2025-12-24 20:40:57,107 [INFO] 
2025-12-24 20:40:57,108 [INFO] ============== 选股结果 [填坑战法] ==============
2025-12-24 20:40:57,108 [INFO] 交易日: 2025-12-24
2025-12-24 20:40:57,108 [INFO] 符合条件股票数: 1
2025-12-24 20:40:57,108 [INFO] 002444
2025-12-24 20:40:59,294 [INFO] 
2025-12-24 20:40:59,294 [INFO] ============== 选股结果 [上穿60放量战法] ==============
2025-12-24 20:40:59,294 [INFO] 交易日: 2025-12-24
2025-12-24 20:40:59,294 [INFO] 符合条件股票数: 11
2025-12-24 20:40:59,294 [INFO] 002825, 000078, 603703, 601100, 002444, 002222, 002235, 002625, 002157, 600250, 002233
2025-12-25 19:31:33,162 [INFO] 未指定 --date，使用最近日期 2025-12-25
2025-12-25 19:31:33,163 [INFO] 日志同时写入文件: results/20251225.txt
2025-12-25 19:31:45,675 [INFO] 
2025-12-25 19:31:45,675 [INFO] ============== 选股结果 [少妇战法] ==============
2025-12-25 19:31:45,675 [INFO] 交易日: 2025-12-25
2025-12-25 19:31:45,675 [INFO] 符合条件股票数: 10
2025-12-25 19:31:45,675 [INFO] 002348, 600993, 000100, 600803, 000697, 603129, 601058, 002285, 600336, 002625
2025-12-25 19:33:13,359 [INFO] 
2025-12-25 19:33:13,359 [INFO] ============== 选股结果 [SuperB1战法] ==============
2025-12-25 19:33:13,359 [INFO] 交易日: 2025-12-25
2025-12-25 19:33:13,359 [INFO] 符合条件股票数: 0
2025-12-25 19:33:13,359 [INFO] 无符合条件股票
2025-12-25 19:33:25,686 [INFO] 
2025-12-25 19:33:25,686 [INFO] ============== 选股结果 [补票战法] ==============
2025-12-25 19:33:25,686 [INFO] 交易日: 2025-12-25
2025-12-25 19:33:25,686 [INFO] 符合条件股票数: 0
2025-12-25 19:33:25,686 [INFO] 无符合条件股票
2025-12-25 19:33:28,169 [INFO] 
2025-12-25 19:33:28,169 [INFO] ============== 选股结果 [填坑战法] ==============
2025-12-25 19:33:28,169 [INFO] 交易日: 2025-12-25
2025-12-25 19:33:28,169 [INFO] 符合条件股票数: 0
2025-12-25 19:33:28,169 [INFO] 无符合条件股票
2025-12-25 19:33:30,346 [INFO] 
2025-12-25 19:33:30,346 [INFO] ============== 选股结果 [上穿60放量战法] ==============
2025-12-25 19:33:30,346 [INFO] 交易日: 2025-12-25
2025-12-25 19:33:30,346 [INFO] 符合条件股票数: 9
2025-12-25 19:33:30,346 [INFO] 600707, 002164, 002825, 000100, 000078, 000530, 002625, 600250, 002233
2025-12-25 21:24:42,299 [INFO] 未指定 --date，使用最近日期 2025-12-25
2025-12-25 21:24:42,300 [INFO] 日志同时写入文件: results/20251225.txt
2025-12-25 21:24:54,570 [INFO] 
2025-12-25 21:24:54,570 [INFO] ============== 选股结果 [ 前期战法] ==============
2025-12-25 21:24:54,570 [INFO] 交易日: 2025-12-25
2025-12-25 21:24:54,570 [INFO] 符合条件股票数: 10
2025-12-25 21:24:54,570 [INFO] 002348, 600993, 000100, 600803, 000697, 603129, 601058, 002285, 600336, 002625
2025-12-25 21:25:20,814 [INFO] 未指定 --date，使用最近日期 2025-12-25
2025-12-25 21:25:20,814 [INFO] 日志同时写入文件: results/20251225.txt
2025-12-25 21:25:33,282 [INFO] 
2025-12-25 21:25:33,282 [INFO] ============== 选股结果 [前期战法] ==============
2025-12-25 21:25:33,282 [INFO] 交易日: 2025-12-25
2025-12-25 21:25:33,282 [INFO] 符合条件股票数: 10
2025-12-25 21:25:33,282 [INFO] 002348, 600993, 000100, 600803, 000697, 603129, 601058, 002285, 600336, 002625
2025-12-25 21:27:00,810 [INFO] 
2025-12-25 21:27:00,811 [INFO] ============== 选股结果 [SuperB1战法] ==============
2025-12-25 21:27:00,811 [INFO] 交易日: 2025-12-25
2025-12-25 21:27:00,811 [INFO] 符合条件股票数: 0
2025-12-25 21:27:00,811 [INFO] 无符合条件股票
2025-12-25 21:27:13,213 [INFO] 
2025-12-25 21:27:13,213 [INFO] ============== 选股结果 [补票战法] ==============
2025-12-25 21:27:13,213 [INFO] 交易日: 2025-12-25
2025-12-25 21:27:13,213 [INFO] 符合条件股票数: 0
2025-12-25 21:27:13,213 [INFO] 无符合条件股票
2025-12-25 21:27:15,690 [INFO] 
2025-12-25 21:27:15,690 [INFO] ============== 选股结果 [填坑战法] ==============
2025-12-25 21:27:15,690 [INFO] 交易日: 2025-12-25
2025-12-25 21:27:15,690 [INFO] 符合条件股票数: 0
2025-12-25 21:27:15,691 [INFO] 无符合条件股票
2025-12-25 21:27:17,865 [INFO] 
2025-12-25 21:27:17,865 [INFO] ============== 选股结果 [上穿60放量战法] ==============
2025-12-25 21:27:17,865 [INFO] 交易日: 2025-12-25
2025-12-25 21:27:17,865 [INFO] 符合条件股票数: 9
2025-12-25 21:27:17,865 [INFO] 600707, 002164, 002825, 000100, 000078, 000530, 002625, 600250, 002233
2025-12-26 23:07:21,351 [INFO] 未指定 --date，使用最近日期 2025-12-26
2025-12-26 23:07:21,352 [INFO] 日志同时写入文件: results/20251226.txt
2025-12-26 23:07:34,315 [INFO] 
2025-12-26 23:07:34,315 [INFO] ============== 选股结果 [前期战法] ==============
2025-12-26 23:07:34,315 [INFO] 交易日: 2025-12-26
2025-12-26 23:07:34,316 [INFO] 符合条件股票数: 7
2025-12-26 23:07:34,316 [INFO] 002348, 002066, 600750, 600803, 603129, 002222, 002036
2025-12-26 23:09:07,826 [INFO] 
2025-12-26 23:09:07,827 [INFO] ============== 选股结果 [SuperB1战法] ==============
2025-12-26 23:09:07,827 [INFO] 交易日: 2025-12-26
2025-12-26 23:09:07,827 [INFO] 符合条件股票数: 0
2025-12-26 23:09:07,827 [INFO] 无符合条件股票
2025-12-26 23:09:20,387 [INFO] 
2025-12-26 23:09:20,387 [INFO] ============== 选股结果 [补票战法] ==============
2025-12-26 23:09:20,387 [INFO] 交易日: 2025-12-26
2025-12-26 23:09:20,387 [INFO] 符合条件股票数: 1
2025-12-26 23:09:20,387 [INFO] 601778
2025-12-26 23:09:22,953 [INFO] 
2025-12-26 23:09:22,953 [INFO] ============== 选股结果 [填坑战法] ==============
2025-12-26 23:09:22,953 [INFO] 交易日: 2025-12-26
2025-12-26 23:09:22,953 [INFO] 符合条件股票数: 2
2025-12-26 23:09:22,953 [INFO] 600882, 600868
2025-12-26 23:09:25,145 [INFO] 
2025-12-26 23:09:25,145 [INFO] ============== 选股结果 [上穿60放量战法] ==============
2025-12-26 23:09:25,145 [INFO] 交易日: 2025-12-26
2025-12-26 23:09:25,145 [INFO] 符合条件股票数: 7
2025-12-26 23:09:25,145 [INFO] 600868, 001318, 000100, 000078, 002222, 600250, 002233
2025-12-28 16:44:43,735 [INFO] 未指定 --date，使用最近日期 2025-12-26
2025-12-28 16:44:43,736 [INFO] 日志同时写入文件: results/20251226.txt
2025-12-28 16:44:56,689 [INFO] 
2025-12-28 16:44:56,689 [INFO] ============== 选股结果 [前期战法] ==============
2025-12-28 16:44:56,689 [INFO] 交易日: 2025-12-26
2025-12-28 16:44:56,689 [INFO] 符合条件股票数: 7
2025-12-28 16:44:56,689 [INFO] 002348, 002066, 600750, 600803, 603129, 002222, 002036
2025-12-28 16:46:30,630 [INFO] 
2025-12-28 16:46:30,631 [INFO] ============== 选股结果 [SuperB1战法] ==============
2025-12-28 16:46:30,631 [INFO] 交易日: 2025-12-26
2025-12-28 16:46:30,631 [INFO] 符合条件股票数: 0
2025-12-28 16:46:30,631 [INFO] 无符合条件股票
2025-12-28 16:46:43,261 [INFO] 
2025-12-28 16:46:43,262 [INFO] ============== 选股结果 [补票战法] ==============
2025-12-28 16:46:43,262 [INFO] 交易日: 2025-12-26
2025-12-28 16:46:43,262 [INFO] 符合条件股票数: 1
2025-12-28 16:46:43,262 [INFO] 601778
2025-12-28 16:46:45,782 [INFO] 
2025-12-28 16:46:45,782 [INFO] ============== 选股结果 [填坑战法] ==============
2025-12-28 16:46:45,782 [INFO] 交易日: 2025-12-26
2025-12-28 16:46:45,782 [INFO] 符合条件股票数: 2
2025-12-28 16:46:45,782 [INFO] 600882, 600868
2025-12-28 16:46:47,979 [INFO] 
2025-12-28 16:46:47,979 [INFO] ============== 选股结果 [上穿60放量战法] ==============
2025-12-28 16:46:47,979 [INFO] 交易日: 2025-12-26
2025-12-28 16:46:47,979 [INFO] 符合条件股票数: 7
2025-12-28 16:46:47,979 [INFO] 600868, 001318, 000100, 000078, 002222, 600250, 002233
2025-12-29 16:28:35,622 [INFO] 未指定 --date，使用最近日期 2025-12-29
2025-12-29 16:28:35,623 [INFO] 日志同时写入文件: results/20251229.txt
2025-12-29 16:28:47,593 [INFO] 
2025-12-29 16:28:47,593 [INFO] ============== 选股结果 [前期战法] ==============
2025-12-29 16:28:47,594 [INFO] 交易日: 2025-12-29
2025-12-29 16:28:47,594 [INFO] 符合条件股票数: 10
2025-12-29 16:28:47,594 [INFO] 002348, 000739, 002066, 600750, 600803, 603663, 603129, 002222, 002036, 603773
2025-12-29 16:30:16,945 [INFO] 
2025-12-29 16:30:16,947 [INFO] ============== 选股结果 [SuperB1战法] ==============
2025-12-29 16:30:16,947 [INFO] 交易日: 2025-12-29
2025-12-29 16:30:16,947 [INFO] 符合条件股票数: 0
2025-12-29 16:30:16,947 [INFO] 无符合条件股票
2025-12-29 16:30:28,573 [INFO] 
2025-12-29 16:30:28,573 [INFO] ============== 选股结果 [补票战法] ==============
2025-12-29 16:30:28,573 [INFO] 交易日: 2025-12-29
2025-12-29 16:30:28,573 [INFO] 符合条件股票数: 0
2025-12-29 16:30:28,573 [INFO] 无符合条件股票
2025-12-29 16:30:30,950 [INFO] 
2025-12-29 16:30:30,950 [INFO] ============== 选股结果 [填坑战法] ==============
2025-12-29 16:30:30,950 [INFO] 交易日: 2025-12-29
2025-12-29 16:30:30,950 [INFO] 符合条件股票数: 0
2025-12-29 16:30:30,950 [INFO] 无符合条件股票
2025-12-29 16:30:33,053 [INFO] 
2025-12-29 16:30:33,053 [INFO] ============== 选股结果 [上穿60放量战法] ==============
2025-12-29 16:30:33,053 [INFO] 交易日: 2025-12-29
2025-12-29 16:30:33,053 [INFO] 符合条件股票数: 4
2025-12-29 16:30:33,054 [INFO] 000100, 601933, 002222, 601007
2025-12-30 17:59:07,658 [INFO] 未指定 --date，使用最近日期 2025-12-30
2025-12-30 17:59:07,658 [INFO] 日志同时写入文件: results/20251230.txt
2025-12-30 17:59:19,876 [INFO] 
2025-12-30 17:59:19,876 [INFO] ============== 选股结果 [前期战法] ==============
2025-12-30 17:59:19,876 [INFO] 交易日: 2025-12-30
2025-12-30 17:59:19,876 [INFO] 符合条件股票数: 14
2025-12-30 17:59:19,876 [INFO] 002348, 002166, 601187, 603121, 000739, 002066, 600750, 600803, 605005, 603663, 603129, 002222, 002625, 601211
2025-12-30 18:00:51,842 [INFO] 
2025-12-30 18:00:51,843 [INFO] ============== 选股结果 [SuperB1战法] ==============
2025-12-30 18:00:51,843 [INFO] 交易日: 2025-12-30
2025-12-30 18:00:51,843 [INFO] 符合条件股票数: 0
2025-12-30 18:00:51,844 [INFO] 无符合条件股票
2025-12-30 18:01:03,632 [INFO] 
2025-12-30 18:01:03,632 [INFO] ============== 选股结果 [补票战法] ==============
2025-12-30 18:01:03,632 [INFO] 交易日: 2025-12-30
2025-12-30 18:01:03,632 [INFO] 符合条件股票数: 1
2025-12-30 18:01:03,632 [INFO] 600358
2025-12-30 18:01:06,084 [INFO] 
2025-12-30 18:01:06,084 [INFO] ============== 选股结果 [填坑战法] ==============
2025-12-30 18:01:06,084 [INFO] 交易日: 2025-12-30
2025-12-30 18:01:06,084 [INFO] 符合条件股票数: 0
2025-12-30 18:01:06,084 [INFO] 无符合条件股票
2025-12-30 18:01:08,240 [INFO] 
2025-12-30 18:01:08,240 [INFO] ============== 选股结果 [上穿60放量战法] ==============
2025-12-30 18:01:08,240 [INFO] 交易日: 2025-12-30
2025-12-30 18:01:08,240 [INFO] 符合条件股票数: 8
2025-12-30 18:01:08,240 [INFO] 002166, 605268, 002909, 603121, 002491, 605005, 002625, 002157
2026-01-05 18:23:37,072 [INFO] 未指定 --date，使用最近日期 2026-01-05
2026-01-05 18:23:37,074 [INFO] 日志同时写入文件: results/20260105.txt
2026-01-05 18:23:48,292 [INFO] 
2026-01-05 18:23:48,292 [INFO] ============== 选股结果 [前期战法] ==============
2026-01-05 18:23:48,292 [INFO] 交易日: 2026-01-05
2026-01-05 18:23:48,292 [INFO] 符合条件股票数: 10
2026-01-05 18:23:48,292 [INFO] 002014, 601369, 001268, 000739, 002066, 600487, 002625, 601198, 600522, 600858
2026-01-05 18:25:12,189 [INFO] 
2026-01-05 18:25:12,191 [INFO] ============== 选股结果 [SuperB1战法] ==============
2026-01-05 18:25:12,191 [INFO] 交易日: 2026-01-05
2026-01-05 18:25:12,191 [INFO] 符合条件股票数: 0
2026-01-05 18:25:12,191 [INFO] 无符合条件股票
2026-01-05 18:25:22,953 [INFO] 
2026-01-05 18:25:22,953 [INFO] ============== 选股结果 [补票战法] ==============
2026-01-05 18:25:22,953 [INFO] 交易日: 2026-01-05
2026-01-05 18:25:22,953 [INFO] 符合条件股票数: 0
2026-01-05 18:25:22,953 [INFO] 无符合条件股票
2026-01-05 18:25:25,171 [INFO] 
2026-01-05 18:25:25,171 [INFO] ============== 选股结果 [填坑战法] ==============
2026-01-05 18:25:25,171 [INFO] 交易日: 2026-01-05
2026-01-05 18:25:25,171 [INFO] 符合条件股票数: 3
2026-01-05 18:25:25,171 [INFO] 002228, 605136, 002378
2026-01-05 18:25:27,188 [INFO] 
2026-01-05 18:25:27,188 [INFO] ============== 选股结果 [上穿60放量战法] ==============
2026-01-05 18:25:27,188 [INFO] 交易日: 2026-01-05
2026-01-05 18:25:27,188 [INFO] 符合条件股票数: 10
2026-01-05 18:25:27,188 [INFO] 603023, 002166, 002748, 001322, 600165, 002491, 600487, 002157, 002033, 600865
2026-01-06 17:14:48,555 [INFO] 未指定 --date，使用最近日期 2026-01-06
2026-01-06 17:14:48,556 [INFO] 日志同时写入文件: results/20260106.txt
2026-01-06 17:15:00,109 [INFO] 
2026-01-06 17:15:00,109 [INFO] ============== 选股结果 [前期战法] ==============
2026-01-06 17:15:00,109 [INFO] 交易日: 2026-01-06
2026-01-06 17:15:00,109 [INFO] 符合条件股票数: 9
2026-01-06 17:15:00,109 [INFO] 603408, 601369, 603803, 600165, 603121, 603701, 002627, 600487, 600522
2026-01-06 17:16:25,374 [INFO] 
2026-01-06 17:16:25,374 [INFO] ============== 选股结果 [SuperB1战法] ==============
2026-01-06 17:16:25,374 [INFO] 交易日: 2026-01-06
2026-01-06 17:16:25,374 [INFO] 符合条件股票数: 0
2026-01-06 17:16:25,374 [INFO] 无符合条件股票
2026-01-06 17:16:36,616 [INFO] 
2026-01-06 17:16:36,617 [INFO] ============== 选股结果 [补票战法] ==============
2026-01-06 17:16:36,617 [INFO] 交易日: 2026-01-06
2026-01-06 17:16:36,617 [INFO] 符合条件股票数: 2
2026-01-06 17:16:36,617 [INFO] 002483, 002008
2026-01-06 17:16:38,964 [INFO] 
2026-01-06 17:16:38,964 [INFO] ============== 选股结果 [填坑战法] ==============
2026-01-06 17:16:38,964 [INFO] 交易日: 2026-01-06
2026-01-06 17:16:38,964 [INFO] 符合条件股票数: 1
2026-01-06 17:16:38,964 [INFO] 600487
2026-01-06 17:16:41,023 [INFO] 
2026-01-06 17:16:41,023 [INFO] ============== 选股结果 [上穿60放量战法] ==============
2026-01-06 17:16:41,023 [INFO] 交易日: 2026-01-06
2026-01-06 17:16:41,023 [INFO] 符合条件股票数: 13
2026-01-06 17:16:41,023 [INFO] 000950, 605318, 002166, 002748, 001322, 603091, 600165, 603121, 600628, 600814, 600487, 002033, 600865
2026-01-07 17:34:53,361 [INFO] 未指定 --date，使用最近日期 2026-01-07
2026-01-07 17:34:53,362 [INFO] 日志同时写入文件: results/20260107.txt
2026-01-07 17:35:05,195 [INFO] 
2026-01-07 17:35:05,195 [INFO] ============== 选股结果 [前期战法] ==============
2026-01-07 17:35:05,195 [INFO] 交易日: 2026-01-07
2026-01-07 17:35:05,195 [INFO] 符合条件股票数: 7
2026-01-07 17:35:05,195 [INFO] 603408, 001268, 600165, 002253, 600487, 600522, 600858
2026-01-07 17:36:35,715 [INFO] 
2026-01-07 17:36:35,715 [INFO] ============== 选股结果 [SuperB1战法] ==============
2026-01-07 17:36:35,715 [INFO] 交易日: 2026-01-07
2026-01-07 17:36:35,715 [INFO] 符合条件股票数: 0
2026-01-07 17:36:35,715 [INFO] 无符合条件股票
2026-01-07 17:36:47,233 [INFO] 
2026-01-07 17:36:47,233 [INFO] ============== 选股结果 [补票战法] ==============
2026-01-07 17:36:47,233 [INFO] 交易日: 2026-01-07
2026-01-07 17:36:47,233 [INFO] 符合条件股票数: 1
2026-01-07 17:36:47,233 [INFO] 002483
2026-01-07 17:36:49,622 [INFO] 
2026-01-07 17:36:49,622 [INFO] ============== 选股结果 [填坑战法] ==============
2026-01-07 17:36:49,622 [INFO] 交易日: 2026-01-07
2026-01-07 17:36:49,622 [INFO] 符合条件股票数: 2
2026-01-07 17:36:49,622 [INFO] 002080, 002253
2026-01-07 17:36:51,732 [INFO] 
2026-01-07 17:36:51,732 [INFO] ============== 选股结果 [上穿60放量战法] ==============
2026-01-07 17:36:51,732 [INFO] 交易日: 2026-01-07
2026-01-07 17:36:51,732 [INFO] 符合条件股票数: 14
2026-01-07 17:36:51,732 [INFO] 000950, 605318, 002166, 002748, 603091, 600824, 600165, 003027, 002491, 600814, 002253, 603992, 600487, 600865
2026-01-08 19:23:20,671 [INFO] 未指定 --date，使用最近日期 2026-01-08
2026-01-08 19:23:20,673 [INFO] 日志同时写入文件: results/20260108.txt
2026-01-08 19:23:32,217 [INFO] 
2026-01-08 19:23:32,217 [INFO] ============== 选股结果 [前期战法] ==============
2026-01-08 19:23:32,217 [INFO] 交易日: 2026-01-08
2026-01-08 19:23:32,217 [INFO] 符合条件股票数: 10
2026-01-08 19:23:32,217 [INFO] 001268, 002674, 603266, 001207, 002253, 000532, 600487, 601198, 600522, 600858
2026-01-08 19:24:59,645 [INFO] 
2026-01-08 19:24:59,646 [INFO] ============== 选股结果 [SuperB1战法] ==============
2026-01-08 19:24:59,646 [INFO] 交易日: 2026-01-08
2026-01-08 19:24:59,646 [INFO] 符合条件股票数: 0
2026-01-08 19:24:59,646 [INFO] 无符合条件股票
2026-01-08 19:25:10,921 [INFO] 
2026-01-08 19:25:10,921 [INFO] ============== 选股结果 [补票战法] ==============
2026-01-08 19:25:10,921 [INFO] 交易日: 2026-01-08
2026-01-08 19:25:10,921 [INFO] 符合条件股票数: 1
2026-01-08 19:25:10,921 [INFO] 002483
2026-01-08 19:25:13,290 [INFO] 
2026-01-08 19:25:13,290 [INFO] ============== 选股结果 [填坑战法] ==============
2026-01-08 19:25:13,290 [INFO] 交易日: 2026-01-08
2026-01-08 19:25:13,290 [INFO] 符合条件股票数: 4
2026-01-08 19:25:13,291 [INFO] 002947, 002080, 002478, 600487
2026-01-08 19:25:15,382 [INFO] 
2026-01-08 19:25:15,383 [INFO] ============== 选股结果 [上穿60放量战法] ==============
2026-01-08 19:25:15,383 [INFO] 交易日: 2026-01-08
2026-01-08 19:25:15,383 [INFO] 符合条件股票数: 17
2026-01-08 19:25:15,383 [INFO] 605318, 002166, 002748, 600113, 001322, 603091, 600824, 600165, 003027, 603311, 600814, 001207, 002253, 000532, 002536, 603992, 600487
2026-01-11 14:34:24,100 [INFO] 未指定 --date，使用最近日期 2026-01-09
2026-01-11 14:34:24,101 [INFO] 日志同时写入文件: results/20260109.txt
2026-01-11 14:34:36,633 [INFO] 
2026-01-11 14:34:36,634 [INFO] ============== 选股结果 [前期战法] ==============
2026-01-11 14:34:36,634 [INFO] 交易日: 2026-01-09
2026-01-11 14:34:36,634 [INFO] 符合条件股票数: 16
2026-01-11 14:34:36,634 [INFO] 000776, 603568, 002588, 603311, 605365, 603266, 001207, 605376, 601702, 002253, 601377, 600487, 000967, 601198, 603203, 603766
2026-01-11 14:36:09,999 [INFO] 
2026-01-11 14:36:10,000 [INFO] ============== 选股结果 [SuperB1战法] ==============
2026-01-11 14:36:10,000 [INFO] 交易日: 2026-01-09
2026-01-11 14:36:10,001 [INFO] 符合条件股票数: 0
2026-01-11 14:36:10,001 [INFO] 无符合条件股票
2026-01-11 14:36:21,777 [INFO] 
2026-01-11 14:36:21,778 [INFO] ============== 选股结果 [补票战法] ==============
2026-01-11 14:36:21,778 [INFO] 交易日: 2026-01-09
2026-01-11 14:36:21,778 [INFO] 符合条件股票数: 3
2026-01-11 14:36:21,778 [INFO] 002587, 001328, 600130
2026-01-11 14:36:24,227 [INFO] 
2026-01-11 14:36:24,227 [INFO] ============== 选股结果 [填坑战法] ==============
2026-01-11 14:36:24,227 [INFO] 交易日: 2026-01-09
2026-01-11 14:36:24,227 [INFO] 符合条件股票数: 5
2026-01-11 14:36:24,227 [INFO] 002947, 002272, 002652, 002253, 600487
2026-01-11 14:36:26,386 [INFO] 
2026-01-11 14:36:26,386 [INFO] ============== 选股结果 [上穿60放量战法] ==============
2026-01-11 14:36:26,386 [INFO] 交易日: 2026-01-09
2026-01-11 14:36:26,386 [INFO] 符合条件股票数: 16
2026-01-11 14:36:26,386 [INFO] 002748, 600113, 603091, 605155, 600165, 002272, 601696, 603311, 001207, 605376, 600179, 002253, 002536, 600487, 002157, 002805
2026-01-12 12:36:00,566 [INFO] 未指定 --date，使用最近日期 2026-01-12
2026-01-12 12:36:00,567 [INFO] 日志同时写入文件: results/20260112.txt
2026-01-12 12:36:11,064 [INFO] 
2026-01-12 12:36:11,064 [INFO] ============== 选股结果 [前期战法] ==============
2026-01-12 12:36:11,064 [INFO] 交易日: 2026-01-12
2026-01-12 12:36:11,064 [INFO] 符合条件股票数: 11
2026-01-12 12:36:11,064 [INFO] 603568, 002588, 001207, 605376, 002253, 601688, 601066, 601377, 000967, 600331, 603203
2026-01-12 12:37:31,125 [INFO] 
2026-01-12 12:37:31,126 [INFO] ============== 选股结果 [SuperB1战法] ==============
2026-01-12 12:37:31,126 [INFO] 交易日: 2026-01-12
2026-01-12 12:37:31,126 [INFO] 符合条件股票数: 0
2026-01-12 12:37:31,126 [INFO] 无符合条件股票
2026-01-12 12:37:41,355 [INFO] 
2026-01-12 12:37:41,355 [INFO] ============== 选股结果 [补票战法] ==============
2026-01-12 12:37:41,355 [INFO] 交易日: 2026-01-12
2026-01-12 12:37:41,355 [INFO] 符合条件股票数: 1
2026-01-12 12:37:41,355 [INFO] 603009
2026-01-12 12:37:43,503 [INFO] 
2026-01-12 12:37:43,504 [INFO] ============== 选股结果 [填坑战法] ==============
2026-01-12 12:37:43,504 [INFO] 交易日: 2026-01-12
2026-01-12 12:37:43,504 [INFO] 符合条件股票数: 4
2026-01-12 12:37:43,504 [INFO] 002947, 603083, 002253, 000973
2026-01-12 12:37:45,410 [INFO] 
2026-01-12 12:37:45,410 [INFO] ============== 选股结果 [上穿60放量战法] ==============
2026-01-12 12:37:45,410 [INFO] 交易日: 2026-01-12
2026-01-12 12:37:45,410 [INFO] 符合条件股票数: 16
2026-01-12 12:37:45,410 [INFO] 605318, 002748, 600113, 002164, 600165, 601696, 603311, 001207, 605376, 600179, 002253, 002536, 605566, 601969, 600889, 002805
2026-01-13 13:38:56,985 [INFO] 未指定 --date，使用最近日期 2026-01-13
2026-01-13 13:38:56,986 [INFO] 日志同时写入文件: results/20260113.txt
2026-01-13 13:39:06,767 [INFO] 
2026-01-13 13:39:06,767 [INFO] ============== 选股结果 [前期战法] ==============
2026-01-13 13:39:06,767 [INFO] 交易日: 2026-01-13
2026-01-13 13:39:06,767 [INFO] 符合条件股票数: 13
2026-01-13 13:39:06,767 [INFO] 603568, 002539, 002448, 601318, 605376, 601702, 002253, 601688, 002169, 002787, 600331, 002595, 603203
2026-01-13 13:40:22,434 [INFO] 
2026-01-13 13:40:22,436 [INFO] ============== 选股结果 [SuperB1战法] ==============
2026-01-13 13:40:22,436 [INFO] 交易日: 2026-01-13
2026-01-13 13:40:22,436 [INFO] 符合条件股票数: 0
2026-01-13 13:40:22,436 [INFO] 无符合条件股票
2026-01-13 13:40:31,696 [INFO] 
2026-01-13 13:40:31,697 [INFO] ============== 选股结果 [补票战法] ==============
2026-01-13 13:40:31,697 [INFO] 交易日: 2026-01-13
2026-01-13 13:40:31,697 [INFO] 符合条件股票数: 2
2026-01-13 13:40:31,697 [INFO] 002128, 603389
2026-01-13 13:40:33,620 [INFO] 
2026-01-13 13:40:33,620 [INFO] ============== 选股结果 [填坑战法] ==============
2026-01-13 13:40:33,620 [INFO] 交易日: 2026-01-13
2026-01-13 13:40:33,621 [INFO] 符合条件股票数: 3
2026-01-13 13:40:33,621 [INFO] 002253, 002209, 000973
2026-01-13 13:40:35,400 [INFO] 
2026-01-13 13:40:35,400 [INFO] ============== 选股结果 [上穿60放量战法] ==============
2026-01-13 13:40:35,400 [INFO] 交易日: 2026-01-13
2026-01-13 13:40:35,400 [INFO] 符合条件股票数: 8
2026-01-13 13:40:35,401 [INFO] 001231, 600165, 002306, 002448, 600963, 605376, 002253, 600889
2026-01-14 19:59:17,909 [INFO] 未指定 --date，使用最近日期 2026-01-14
2026-01-14 19:59:17,909 [INFO] 日志同时写入文件: results/20260114.txt
2026-01-14 19:59:29,728 [INFO] 
2026-01-14 19:59:29,728 [INFO] ============== 选股结果 [前期战法] ==============
2026-01-14 19:59:29,729 [INFO] 交易日: 2026-01-14
2026-01-14 19:59:29,729 [INFO] 符合条件股票数: 34
2026-01-14 19:59:29,729 [INFO] 601021, 603568, 601369, 603344, 601208, 000007, 002601, 600160, 002539, 603915, 000672, 002448, 605183, 601318, 603081, 002916, 600960, 603662, 603306, 600183, 002134, 603699, 601677, 001389, 601688, 002669, 603936, 002196, 002169, 002168, 001311, 600523, 601211, 603203
2026-01-14 20:00:56,864 [INFO] 
2026-01-14 20:00:56,865 [INFO] ============== 选股结果 [SuperB1战法] ==============
2026-01-14 20:00:56,865 [INFO] 交易日: 2026-01-14
2026-01-14 20:00:56,865 [INFO] 符合条件股票数: 0
2026-01-14 20:00:56,865 [INFO] 无符合条件股票
2026-01-14 20:01:08,263 [INFO] 
2026-01-14 20:01:08,263 [INFO] ============== 选股结果 [补票战法] ==============
2026-01-14 20:01:08,264 [INFO] 交易日: 2026-01-14
2026-01-14 20:01:08,264 [INFO] 符合条件股票数: 3
2026-01-14 20:01:08,264 [INFO] 002214, 002128, 603389
2026-01-14 20:01:11,027 [INFO] 
2026-01-14 20:01:11,027 [INFO] ============== 选股结果 [填坑战法] ==============
2026-01-14 20:01:11,027 [INFO] 交易日: 2026-01-14
2026-01-14 20:01:11,027 [INFO] 符合条件股票数: 4
2026-01-14 20:01:11,027 [INFO] 603083, 600960, 603936, 002631
2026-01-14 20:01:13,188 [INFO] 
2026-01-14 20:01:13,189 [INFO] ============== 选股结果 [上穿60放量战法] ==============
2026-01-14 20:01:13,189 [INFO] 交易日: 2026-01-14
2026-01-14 20:01:13,189 [INFO] 符合条件股票数: 16
2026-01-14 20:01:13,189 [INFO] 603344, 002601, 600703, 001231, 603915, 600165, 002448, 600963, 603662, 600179, 601677, 001229, 603936, 601969, 600889, 603809
2026-01-15 15:30:00,904 [INFO] 未指定 --date，使用最近日期 2026-01-15
2026-01-15 15:30:00,905 [INFO] 日志同时写入文件: results/20260115.txt
2026-01-15 15:30:12,209 [INFO] 
2026-01-15 15:30:12,209 [INFO] ============== 选股结果 [前期战法] ==============
2026-01-15 15:30:12,209 [INFO] 交易日: 2026-01-15
2026-01-15 15:30:12,209 [INFO] 符合条件股票数: 49
2026-01-15 15:30:12,209 [INFO] 002438, 600115, 601021, 603344, 603379, 600271, 002367, 600893, 603586, 603085, 002937, 601888, 002472, 003021, 600029, 002111, 000672, 002338, 000738, 603081, 002678, 002916, 605167, 600960, 603266, 603662, 603306, 603267, 603501, 601689, 605376, 601688, 002669, 002245, 002913, 600230, 603936, 002169, 002168, 603013, 001311, 002590, 601198, 600523, 600456, 600330, 002965, 601038, 002756
2026-01-15 15:31:36,926 [INFO] 
2026-01-15 15:31:36,927 [INFO] ============== 选股结果 [SuperB1战法] ==============
2026-01-15 15:31:36,927 [INFO] 交易日: 2026-01-15
2026-01-15 15:31:36,927 [INFO] 符合条件股票数: 0
2026-01-15 15:31:36,927 [INFO] 无符合条件股票
2026-01-15 15:31:47,470 [INFO] 
2026-01-15 15:31:47,470 [INFO] ============== 选股结果 [补票战法] ==============
2026-01-15 15:31:47,470 [INFO] 交易日: 2026-01-15
2026-01-15 15:31:47,470 [INFO] 符合条件股票数: 3
2026-01-15 15:31:47,470 [INFO] 002214, 002128, 002648
2026-01-15 15:31:49,753 [INFO] 
2026-01-15 15:31:49,754 [INFO] ============== 选股结果 [填坑战法] ==============
2026-01-15 15:31:49,754 [INFO] 交易日: 2026-01-15
2026-01-15 15:31:49,754 [INFO] 符合条件股票数: 5
2026-01-15 15:31:49,754 [INFO] 600960, 002083, 605376, 603936, 002631
2026-01-15 15:31:51,809 [INFO] 
2026-01-15 15:31:51,809 [INFO] ============== 选股结果 [上穿60放量战法] ==============
2026-01-15 15:31:51,809 [INFO] 交易日: 2026-01-15
2026-01-15 15:31:51,809 [INFO] 符合条件股票数: 30
2026-01-15 15:31:51,809 [INFO] 603344, 600506, 002006, 600703, 600893, 001231, 601888, 003021, 603915, 600165, 603055, 002338, 002933, 600416, 000738, 002678, 603728, 605167, 603662, 603267, 002050, 002245, 001229, 600230, 603936, 601969, 603013, 600889, 002590, 002965
2026-01-15 17:24:55,288 [INFO] 未指定 --date，使用最近日期 2026-01-15
2026-01-15 17:24:55,288 [INFO] 日志同时写入文件: results/20260115.txt
2026-01-15 17:25:06,544 [INFO] 
2026-01-15 17:25:06,544 [INFO] ============== 选股结果 [前期战法] ==============
2026-01-15 17:25:06,545 [INFO] 交易日: 2026-01-15
2026-01-15 17:25:06,545 [INFO] 符合条件股票数: 49
2026-01-15 17:25:06,545 [INFO] 002438, 600115, 601021, 603344, 603379, 600271, 002367, 600893, 603586, 603085, 002937, 601888, 002472, 003021, 600029, 002111, 000672, 002338, 000738, 603081, 002678, 002916, 605167, 600960, 603266, 603662, 603306, 603267, 603501, 601689, 605376, 601688, 002669, 002245, 002913, 600230, 603936, 002169, 002168, 603013, 001311, 002590, 601198, 600523, 600456, 600330, 002965, 601038, 002756
2026-01-15 17:26:30,325 [INFO] 
2026-01-15 17:26:30,326 [INFO] ============== 选股结果 [SuperB1战法] ==============
2026-01-15 17:26:30,326 [INFO] 交易日: 2026-01-15
2026-01-15 17:26:30,326 [INFO] 符合条件股票数: 0
2026-01-15 17:26:30,326 [INFO] 无符合条件股票
2026-01-15 17:26:40,767 [INFO] 
2026-01-15 17:26:40,768 [INFO] ============== 选股结果 [补票战法] ==============
2026-01-15 17:26:40,768 [INFO] 交易日: 2026-01-15
2026-01-15 17:26:40,768 [INFO] 符合条件股票数: 3
2026-01-15 17:26:40,768 [INFO] 002214, 002128, 002648
2026-01-15 17:26:43,127 [INFO] 
2026-01-15 17:26:43,127 [INFO] ============== 选股结果 [填坑战法] ==============
2026-01-15 17:26:43,127 [INFO] 交易日: 2026-01-15
2026-01-15 17:26:43,127 [INFO] 符合条件股票数: 5
2026-01-15 17:26:43,127 [INFO] 600960, 002083, 605376, 603936, 002631
2026-01-15 17:26:45,141 [INFO] 
2026-01-15 17:26:45,141 [INFO] ============== 选股结果 [上穿60放量战法] ==============
2026-01-15 17:26:45,141 [INFO] 交易日: 2026-01-15
2026-01-15 17:26:45,141 [INFO] 符合条件股票数: 30
2026-01-15 17:26:45,141 [INFO] 603344, 600506, 002006, 600703, 600893, 001231, 601888, 003021, 603915, 600165, 603055, 002338, 002933, 600416, 000738, 002678, 603728, 605167, 603662, 603267, 002050, 002245, 001229, 600230, 603936, 601969, 603013, 600889, 002590, 002965
2026-01-16 13:09:12,206 [INFO] 未指定 --date，使用最近日期 2026-01-16
2026-01-16 13:09:12,208 [INFO] 日志同时写入文件: results/20260116.txt
2026-01-16 13:09:23,262 [INFO] 
2026-01-16 13:09:23,262 [INFO] ============== 选股结果 [前期战法] ==============
2026-01-16 13:09:23,262 [INFO] 交易日: 2026-01-16
2026-01-16 13:09:23,262 [INFO] 符合条件股票数: 55
2026-01-16 13:09:23,262 [INFO] 600909, 002389, 002438, 600115, 601021, 000776, 002177, 603344, 000007, 600927, 002601, 002367, 600501, 600893, 603278, 603085, 002937, 601888, 000925, 002111, 002501, 603081, 002297, 603660, 600590, 600784, 600178, 600435, 601688, 002669, 600345, 002245, 600230, 603936, 600973, 603979, 002169, 001299, 002009, 000623, 002168, 002626, 002183, 605338, 002585, 601599, 600862, 600523, 601601, 605088, 600456, 600736, 002179, 001316, 600284
2026-01-16 13:10:42,749 [INFO] 
2026-01-16 13:10:42,750 [INFO] ============== 选股结果 [SuperB1战法] ==============
2026-01-16 13:10:42,750 [INFO] 交易日: 2026-01-16
2026-01-16 13:10:42,750 [INFO] 符合条件股票数: 0
2026-01-16 13:10:42,750 [INFO] 无符合条件股票
2026-01-16 13:10:52,867 [INFO] 
2026-01-16 13:10:52,867 [INFO] ============== 选股结果 [补票战法] ==============
2026-01-16 13:10:52,867 [INFO] 交易日: 2026-01-16
2026-01-16 13:10:52,867 [INFO] 符合条件股票数: 5
2026-01-16 13:10:52,867 [INFO] 002167, 603332, 603656, 603297, 603002
2026-01-16 13:10:55,077 [INFO] 
2026-01-16 13:10:55,077 [INFO] ============== 选股结果 [填坑战法] ==============
2026-01-16 13:10:55,077 [INFO] 交易日: 2026-01-16
2026-01-16 13:10:55,077 [INFO] 符合条件股票数: 8
2026-01-16 13:10:55,077 [INFO] 002228, 002774, 603085, 002083, 603868, 002669, 002631, 000973
2026-01-16 13:10:57,073 [INFO] 
2026-01-16 13:10:57,073 [INFO] ============== 选股结果 [上穿60放量战法] ==============
2026-01-16 13:10:57,073 [INFO] 交易日: 2026-01-16
2026-01-16 13:10:57,073 [INFO] 符合条件股票数: 31
2026-01-16 13:10:57,073 [INFO] 603757, 002177, 603344, 600506, 002774, 002601, 600893, 600064, 603278, 001231, 601888, 600165, 002501, 600038, 002338, 002933, 600416, 600590, 600784, 603868, 600435, 002245, 001229, 600230, 603936, 002324, 002009, 600862, 605507, 600736, 001316
2026-01-19 12:31:03,917 [INFO] 未指定 --date，使用最近日期 2026-01-19
2026-01-19 12:31:03,919 [INFO] 日志同时写入文件: results/20260119.txt
2026-01-19 12:31:13,871 [INFO] 
2026-01-19 12:31:13,871 [INFO] ============== 选股结果 [前期战法] ==============
2026-01-19 12:31:13,871 [INFO] 交易日: 2026-01-19
2026-01-19 12:31:13,871 [INFO] 符合条件股票数: 46
2026-01-19 12:31:13,871 [INFO] 002389, 000762, 000776, 002177, 603344, 600895, 000007, 600271, 600501, 603197, 002212, 603169, 002301, 002261, 002937, 002466, 601108, 603680, 002935, 002501, 000936, 002099, 600784, 002243, 600186, 600435, 600390, 000917, 002278, 603507, 600135, 002544, 000623, 002183, 002383, 002036, 601599, 601601, 605088, 600682, 601628, 600736, 002756, 002025, 002192, 600284
2026-01-19 12:32:21,667 [INFO] 
2026-01-19 12:32:21,667 [INFO] ============== 选股结果 [SuperB1战法] ==============
2026-01-19 12:32:21,667 [INFO] 交易日: 2026-01-19
2026-01-19 12:32:21,667 [INFO] 符合条件股票数: 0
2026-01-19 12:32:21,667 [INFO] 无符合条件股票
2026-01-19 12:32:30,828 [INFO] 
2026-01-19 12:32:30,828 [INFO] ============== 选股结果 [补票战法] ==============
2026-01-19 12:32:30,828 [INFO] 交易日: 2026-01-19
2026-01-19 12:32:30,828 [INFO] 符合条件股票数: 2
2026-01-19 12:32:30,828 [INFO] 002050, 600685
2026-01-19 12:32:32,917 [INFO] 
2026-01-19 12:32:32,917 [INFO] ============== 选股结果 [填坑战法] ==============
2026-01-19 12:32:32,917 [INFO] 交易日: 2026-01-19
2026-01-19 12:32:32,917 [INFO] 符合条件股票数: 9
2026-01-19 12:32:32,917 [INFO] 600855, 600895, 002774, 603169, 601089, 603716, 603507, 002631, 000973
2026-01-19 12:32:34,785 [INFO] 
2026-01-19 12:32:34,785 [INFO] ============== 选股结果 [上穿60放量战法] ==============
2026-01-19 12:32:34,785 [INFO] 交易日: 2026-01-19
2026-01-19 12:32:34,785 [INFO] 符合条件股票数: 39
2026-01-19 12:32:34,785 [INFO] 002177, 002774, 002173, 603197, 600307, 002212, 002366, 600064, 000516, 600611, 002712, 600363, 600165, 002501, 002338, 002099, 600826, 600775, 600784, 603716, 002243, 603868, 600186, 600435, 603712, 002735, 001229, 002324, 603507, 600120, 000555, 002036, 600645, 605507, 002813, 600736, 002025, 603809, 002347
2026-01-20 13:58:46,560 [INFO] 未指定 --date，使用最近日期 2026-01-20
2026-01-20 13:58:46,561 [INFO] 日志同时写入文件: results/20260120.txt
2026-01-20 13:58:57,747 [INFO] 
2026-01-20 13:58:57,748 [INFO] ============== 选股结果 [前期战法] ==============
2026-01-20 13:58:57,748 [INFO] 交易日: 2026-01-20
2026-01-20 13:58:57,748 [INFO] 符合条件股票数: 28
2026-01-20 13:58:57,748 [INFO] 000762, 603344, 600895, 603755, 603236, 603085, 603655, 002466, 601108, 603680, 600835, 002920, 002243, 600186, 600390, 000917, 603507, 002223, 002368, 601599, 601601, 601600, 002152, 601628, 603956, 600736, 002965, 002569
2026-01-20 14:00:16,847 [INFO] 
2026-01-20 14:00:16,848 [INFO] ============== 选股结果 [SuperB1战法] ==============
2026-01-20 14:00:16,848 [INFO] 交易日: 2026-01-20
2026-01-20 14:00:16,848 [INFO] 符合条件股票数: 0
2026-01-20 14:00:16,848 [INFO] 无符合条件股票
2026-01-20 14:00:26,803 [INFO] 
2026-01-20 14:00:26,803 [INFO] ============== 选股结果 [补票战法] ==============
2026-01-20 14:00:26,804 [INFO] 交易日: 2026-01-20
2026-01-20 14:00:26,804 [INFO] 符合条件股票数: 2
2026-01-20 14:00:26,804 [INFO] 600067, 000919
2026-01-20 14:00:29,022 [INFO] 
2026-01-20 14:00:29,022 [INFO] ============== 选股结果 [填坑战法] ==============
2026-01-20 14:00:29,022 [INFO] 交易日: 2026-01-20
2026-01-20 14:00:29,022 [INFO] 符合条件股票数: 9
2026-01-20 14:00:29,022 [INFO] 600880, 002774, 603236, 002945, 603085, 002659, 600363, 600629, 603507
2026-01-20 14:00:31,008 [INFO] 
2026-01-20 14:00:31,008 [INFO] ============== 选股结果 [上穿60放量战法] ==============
2026-01-20 14:00:31,008 [INFO] 交易日: 2026-01-20
2026-01-20 14:00:31,008 [INFO] 符合条件股票数: 42
2026-01-20 14:00:31,008 [INFO] 002362, 600088, 600880, 002774, 603341, 600477, 600307, 002945, 002366, 002467, 000516, 002659, 001231, 603655, 600835, 600363, 002878, 002338, 002099, 600826, 600590, 600784, 603716, 002243, 600587, 600186, 603882, 001229, 603881, 600556, 603507, 600055, 002223, 600120, 002195, 600645, 000156, 002152, 603956, 600736, 002965, 601992
2026-01-21 13:20:21,751 [INFO] 未指定 --date，使用最近日期 2026-01-21
2026-01-21 13:20:21,752 [INFO] 日志同时写入文件: results/20260121.txt
2026-01-21 13:20:34,012 [INFO] 
2026-01-21 13:20:34,012 [INFO] ============== 选股结果 [前期战法] ==============
2026-01-21 13:20:34,012 [INFO] 交易日: 2026-01-21
2026-01-21 13:20:34,012 [INFO] 符合条件股票数: 57
2026-01-21 13:20:34,013 [INFO] 000777, 600869, 600100, 600713, 002405, 600895, 600728, 603236, 002373, 002171, 605069, 002261, 603127, 603721, 601336, 600558, 603680, 600835, 603496, 002920, 600571, 002677, 600399, 603282, 600760, 002927, 600416, 001209, 600588, 603305, 600590, 002243, 002530, 002929, 000519, 603458, 600390, 000917, 600345, 002523, 002085, 603507, 600967, 600973, 603206, 600135, 002368, 601599, 603358, 600862, 002355, 601601, 002152, 600536, 603956, 603015, 002569
2026-01-21 13:22:02,734 [INFO] 
2026-01-21 13:22:02,735 [INFO] ============== 选股结果 [SuperB1战法] ==============
2026-01-21 13:22:02,735 [INFO] 交易日: 2026-01-21
2026-01-21 13:22:02,735 [INFO] 符合条件股票数: 0
2026-01-21 13:22:02,736 [INFO] 无符合条件股票
2026-01-21 13:22:13,769 [INFO] 
2026-01-21 13:22:13,770 [INFO] ============== 选股结果 [补票战法] ==============
2026-01-21 13:22:13,770 [INFO] 交易日: 2026-01-21
2026-01-21 13:22:13,770 [INFO] 符合条件股票数: 0
2026-01-21 13:22:13,770 [INFO] 无符合条件股票
2026-01-21 13:22:16,220 [INFO] 
2026-01-21 13:22:16,221 [INFO] ============== 选股结果 [填坑战法] ==============
2026-01-21 13:22:16,221 [INFO] 交易日: 2026-01-21
2026-01-21 13:22:16,221 [INFO] 符合条件股票数: 20
2026-01-21 13:22:16,221 [INFO] 001332, 600895, 002774, 603236, 603169, 002945, 002659, 002712, 600589, 600629, 600588, 601116, 002083, 600353, 600435, 603507, 600967, 002036, 600862, 002757
2026-01-21 13:22:18,417 [INFO] 
2026-01-21 13:22:18,417 [INFO] ============== 选股结果 [上穿60放量战法] ==============
2026-01-21 13:22:18,417 [INFO] 交易日: 2026-01-21
2026-01-21 13:22:18,417 [INFO] 符合条件股票数: 83
2026-01-21 13:22:18,417 [INFO] 000777, 600100, 002607, 002405, 600088, 600880, 002599, 600506, 600728, 002774, 603341, 002173, 002373, 600307, 605069, 600845, 002945, 002400, 002467, 000516, 002881, 002659, 603721, 002882, 002712, 600410, 600835, 603496, 600363, 000676, 002878, 002677, 603108, 002501, 600825, 600399, 002925, 002338, 603533, 600589, 600416, 001209, 600826, 603888, 600775, 601116, 002903, 603305, 600590, 600784, 603716, 000681, 002243, 002929, 600637, 603458, 600353, 600435, 002735, 002523, 001229, 603881, 002324, 603507, 600797, 600120, 600718, 002195, 600645, 600862, 000026, 002355, 000156, 002152, 603956, 600736, 002965, 601992, 603613, 002025, 601777, 002757, 603809
2026-01-22 11:10:14,476 [INFO] 未指定 --date，使用最近日期 2026-01-22
2026-01-22 11:10:14,477 [INFO] 日志同时写入文件: results/20260122.txt
2026-01-22 11:10:26,164 [INFO] 
2026-01-22 11:10:26,164 [INFO] ============== 选股结果 [前期战法] ==============
2026-01-22 11:10:26,164 [INFO] 交易日: 2026-01-22
2026-01-22 11:10:26,164 [INFO] 符合条件股票数: 44
2026-01-22 11:10:26,164 [INFO] 002821, 600100, 001326, 002405, 600728, 002775, 603036, 605069, 600845, 000997, 600215, 002261, 002248, 603721, 002128, 600570, 603680, 002908, 600571, 002677, 603337, 600602, 002927, 600198, 600552, 002335, 002243, 002530, 000938, 603458, 002657, 600345, 000725, 600967, 002223, 002368, 002624, 603358, 002382, 601601, 002152, 605116, 603015, 603799
2026-01-22 11:11:49,147 [INFO] 
2026-01-22 11:11:49,147 [INFO] ============== 选股结果 [SuperB1战法] ==============
2026-01-22 11:11:49,147 [INFO] 交易日: 2026-01-22
2026-01-22 11:11:49,147 [INFO] 符合条件股票数: 0
2026-01-22 11:11:49,147 [INFO] 无符合条件股票
2026-01-22 11:11:59,874 [INFO] 
2026-01-22 11:11:59,874 [INFO] ============== 选股结果 [补票战法] ==============
2026-01-22 11:11:59,874 [INFO] 交易日: 2026-01-22
2026-01-22 11:11:59,874 [INFO] 符合条件股票数: 0
2026-01-22 11:11:59,874 [INFO] 无符合条件股票
2026-01-22 11:12:02,319 [INFO] 
2026-01-22 11:12:02,320 [INFO] ============== 选股结果 [填坑战法] ==============
2026-01-22 11:12:02,320 [INFO] 交易日: 2026-01-22
2026-01-22 11:12:02,320 [INFO] 符合条件股票数: 21
2026-01-22 11:12:02,320 [INFO] 001332, 003041, 002163, 002162, 002600, 002774, 002777, 002945, 002315, 002659, 002712, 603337, 601116, 603882, 600353, 603507, 600718, 002624, 002036, 002230, 603377
2026-01-22 11:12:04,468 [INFO] 
2026-01-22 11:12:04,469 [INFO] ============== 选股结果 [上穿60放量战法] ==============
2026-01-22 11:12:04,469 [INFO] 交易日: 2026-01-22
2026-01-22 11:12:04,469 [INFO] 符合条件股票数: 73
2026-01-22 11:12:04,469 [INFO] 600100, 002405, 600088, 002177, 002599, 002364, 600728, 002774, 603341, 002173, 002777, 605069, 600845, 002945, 000997, 002400, 000516, 002315, 002881, 002659, 002248, 603721, 600570, 002712, 600410, 600835, 603496, 600363, 000676, 002908, 603859, 601858, 002878, 002677, 603108, 002703, 002501, 002925, 603533, 002099, 603888, 002649, 601116, 600552, 002903, 603488, 600784, 603716, 000681, 002243, 600633, 600637, 603458, 603882, 600353, 002912, 000725, 603507, 600055, 605298, 002223, 600120, 600718, 002354, 000026, 002355, 000156, 002230, 002152, 605116, 603613, 603809, 603000
2026-01-23 14:55:59,207 [INFO] 未指定 --date，使用最近日期 2026-01-23
2026-01-23 14:55:59,208 [INFO] 日志同时写入文件: results/20260123.txt
2026-01-23 14:56:11,906 [INFO] 
2026-01-23 14:56:11,907 [INFO] ============== 选股结果 [前期战法] ==============
2026-01-23 14:56:11,907 [INFO] 交易日: 2026-01-23
2026-01-23 14:56:11,907 [INFO] 符合条件股票数: 41
2026-01-23 14:56:11,908 [INFO] 600100, 603966, 600853, 600845, 000997, 000099, 600215, 002261, 603325, 603721, 601336, 002128, 600570, 603680, 002908, 600571, 600039, 000935, 002298, 603337, 600602, 002690, 002243, 002530, 000938, 002657, 002912, 000725, 600967, 603206, 002223, 603171, 002368, 002624, 601599, 603358, 000595, 002382, 002609, 601600, 605116
2026-01-23 14:57:34,369 [INFO] 
2026-01-23 14:57:34,371 [INFO] ============== 选股结果 [SuperB1战法] ==============
2026-01-23 14:57:34,371 [INFO] 交易日: 2026-01-23
2026-01-23 14:57:34,371 [INFO] 符合条件股票数: 0
2026-01-23 14:57:34,371 [INFO] 无符合条件股票
2026-01-23 14:57:45,097 [INFO] 
2026-01-23 14:57:45,098 [INFO] ============== 选股结果 [补票战法] ==============
2026-01-23 14:57:45,098 [INFO] 交易日: 2026-01-23
2026-01-23 14:57:45,098 [INFO] 符合条件股票数: 2
2026-01-23 14:57:45,098 [INFO] 603150, 605168
2026-01-23 14:57:47,624 [INFO] 
2026-01-23 14:57:47,624 [INFO] ============== 选股结果 [填坑战法] ==============
2026-01-23 14:57:47,624 [INFO] 交易日: 2026-01-23
2026-01-23 14:57:47,624 [INFO] 符合条件股票数: 12
2026-01-23 14:57:47,624 [INFO] 002162, 603966, 600475, 002315, 600629, 601089, 600353, 002657, 603011, 600718, 002624, 002230
2026-01-23 14:57:49,712 [INFO] 
2026-01-23 14:57:49,712 [INFO] ============== 选股结果 [上穿60放量战法] ==============
2026-01-23 14:57:49,712 [INFO] 交易日: 2026-01-23
2026-01-23 14:57:49,712 [INFO] 符合条件股票数: 39
2026-01-23 14:57:49,712 [INFO] 600100, 002607, 600088, 002177, 002599, 603966, 002364, 000981, 600853, 600475, 002561, 600845, 000997, 002315, 002659, 603325, 603721, 600835, 002908, 601858, 002878, 600825, 002649, 603488, 002123, 002243, 600353, 600435, 002912, 603881, 000725, 600055, 600718, 002354, 002609, 002230, 605116, 002965, 603613
2026-01-25 16:46:50,280 [INFO] 未指定 --date，使用最近日期 2026-01-23
2026-01-25 16:46:50,281 [INFO] 日志同时写入文件: results/20260123.txt
2026-01-25 16:47:03,056 [INFO] 
2026-01-25 16:47:03,056 [INFO] ============== 选股结果 [前期战法] ==============
2026-01-25 16:47:03,056 [INFO] 交易日: 2026-01-23
2026-01-25 16:47:03,056 [INFO] 符合条件股票数: 41
2026-01-25 16:47:03,056 [INFO] 600100, 603966, 600853, 600845, 000997, 000099, 600215, 002261, 603325, 603721, 601336, 002128, 600570, 603680, 002908, 600571, 600039, 000935, 002298, 603337, 600602, 002690, 002243, 002530, 000938, 002657, 002912, 000725, 600967, 603206, 002223, 603171, 002368, 002624, 601599, 603358, 000595, 002382, 002609, 601600, 605116
2026-01-25 16:48:25,329 [INFO] 
2026-01-25 16:48:25,330 [INFO] ============== 选股结果 [SuperB1战法] ==============
2026-01-25 16:48:25,330 [INFO] 交易日: 2026-01-23
2026-01-25 16:48:25,330 [INFO] 符合条件股票数: 0
2026-01-25 16:48:25,330 [INFO] 无符合条件股票
2026-01-25 16:48:35,846 [INFO] 
2026-01-25 16:48:35,846 [INFO] ============== 选股结果 [补票战法] ==============
2026-01-25 16:48:35,846 [INFO] 交易日: 2026-01-23
2026-01-25 16:48:35,846 [INFO] 符合条件股票数: 2
2026-01-25 16:48:35,846 [INFO] 603150, 605168
2026-01-25 16:48:38,245 [INFO] 
2026-01-25 16:48:38,245 [INFO] ============== 选股结果 [填坑战法] ==============
2026-01-25 16:48:38,245 [INFO] 交易日: 2026-01-23
2026-01-25 16:48:38,245 [INFO] 符合条件股票数: 12
2026-01-25 16:48:38,245 [INFO] 002162, 603966, 600475, 002315, 600629, 601089, 600353, 002657, 603011, 600718, 002624, 002230
2026-01-25 16:48:40,524 [INFO] 
2026-01-25 16:48:40,524 [INFO] ============== 选股结果 [上穿60放量战法] ==============
2026-01-25 16:48:40,524 [INFO] 交易日: 2026-01-23
2026-01-25 16:48:40,524 [INFO] 符合条件股票数: 39
2026-01-25 16:48:40,524 [INFO] 600100, 002607, 600088, 002177, 002599, 603966, 002364, 000981, 600853, 600475, 002561, 600845, 000997, 002315, 002659, 603325, 603721, 600835, 002908, 601858, 002878, 600825, 002649, 603488, 002123, 002243, 600353, 600435, 002912, 603881, 000725, 600055, 600718, 002354, 002609, 002230, 605116, 002965, 603613
2026-01-26 18:59:56,224 [INFO] 未指定 --date，使用最近日期 2026-01-26
2026-01-26 18:59:56,225 [INFO] 日志同时写入文件: results/20260126.txt
2026-01-26 19:00:05,651 [INFO] 
2026-01-26 19:00:05,651 [INFO] ============== 选股结果 [前期战法] ==============
2026-01-26 19:00:05,651 [INFO] 交易日: 2026-01-26
2026-01-26 19:00:05,651 [INFO] 符合条件股票数: 19
2026-01-26 19:00:05,651 [INFO] 600115, 600505, 603966, 600853, 600845, 000997, 002128, 600570, 000935, 002649, 600588, 002690, 600578, 000725, 002126, 002223, 603171, 000595, 002555
2026-01-26 19:01:11,772 [INFO] 
2026-01-26 19:01:11,772 [INFO] ============== 选股结果 [SuperB1战法] ==============
2026-01-26 19:01:11,773 [INFO] 交易日: 2026-01-26
2026-01-26 19:01:11,773 [INFO] 符合条件股票数: 0
2026-01-26 19:01:11,773 [INFO] 无符合条件股票
2026-01-26 19:01:20,039 [INFO] 
2026-01-26 19:01:20,039 [INFO] ============== 选股结果 [补票战法] ==============
2026-01-26 19:01:20,039 [INFO] 交易日: 2026-01-26
2026-01-26 19:01:20,039 [INFO] 符合条件股票数: 1
2026-01-26 19:01:20,039 [INFO] 002379
2026-01-26 19:01:21,907 [INFO] 
2026-01-26 19:01:21,907 [INFO] ============== 选股结果 [填坑战法] ==============
2026-01-26 19:01:21,907 [INFO] 交易日: 2026-01-26
2026-01-26 19:01:21,907 [INFO] 符合条件股票数: 7
2026-01-26 19:01:21,907 [INFO] 603966, 002945, 002315, 002281, 603882, 002230, 603377
2026-01-26 19:01:23,625 [INFO] 
2026-01-26 19:01:23,626 [INFO] ============== 选股结果 [上穿60放量战法] ==============
2026-01-26 19:01:23,626 [INFO] 交易日: 2026-01-26
2026-01-26 19:01:23,626 [INFO] 符合条件股票数: 24
2026-01-26 19:01:23,626 [INFO] 601949, 600505, 600088, 603966, 600853, 600845, 002945, 000997, 000516, 002315, 603325, 002882, 600570, 002712, 600825, 603533, 002649, 002082, 603511, 603882, 000725, 002126, 002354, 002230
2026-01-27 13:53:49,099 [INFO] 未指定 --date，使用最近日期 2026-01-27
2026-01-27 13:53:49,100 [INFO] 日志同时写入文件: results/20260127.txt
2026-01-27 13:54:01,815 [INFO] 
2026-01-27 13:54:01,816 [INFO] ============== 选股结果 [前期战法] ==============
2026-01-27 13:54:01,816 [INFO] 交易日: 2026-01-27
2026-01-27 13:54:01,816 [INFO] 符合条件股票数: 39
2026-01-27 13:54:01,817 [INFO] 002410, 601949, 600101, 603150, 600505, 603966, 605080, 600676, 600845, 002602, 000997, 002400, 002315, 002128, 600570, 603859, 000935, 600562, 600198, 002649, 600588, 002081, 601100, 002444, 002044, 603458, 001202, 002683, 002380, 603602, 002236, 603171, 002354, 002624, 605099, 605098, 002609, 605116, 002555
2026-01-27 13:55:19,960 [INFO] 
2026-01-27 13:55:19,961 [INFO] ============== 选股结果 [SuperB1战法] ==============
2026-01-27 13:55:19,961 [INFO] 交易日: 2026-01-27
2026-01-27 13:55:19,961 [INFO] 符合条件股票数: 0
2026-01-27 13:55:19,961 [INFO] 无符合条件股票
2026-01-27 13:55:30,630 [INFO] 
2026-01-27 13:55:30,631 [INFO] ============== 选股结果 [补票战法] ==============
2026-01-27 13:55:30,631 [INFO] 交易日: 2026-01-27
2026-01-27 13:55:30,631 [INFO] 符合条件股票数: 1
2026-01-27 13:55:30,631 [INFO] 603012
2026-01-27 13:55:32,914 [INFO] 
2026-01-27 13:55:32,914 [INFO] ============== 选股结果 [填坑战法] ==============
2026-01-27 13:55:32,914 [INFO] 交易日: 2026-01-27
2026-01-27 13:55:32,914 [INFO] 符合条件股票数: 9
2026-01-27 13:55:32,914 [INFO] 002410, 603966, 001255, 002945, 002517, 603882, 002624, 605099, 002230
2026-01-27 13:55:34,925 [INFO] 
2026-01-27 13:55:34,925 [INFO] ============== 选股结果 [上穿60放量战法] ==============
2026-01-27 13:55:34,925 [INFO] 交易日: 2026-01-27
2026-01-27 13:55:34,925 [INFO] 符合条件股票数: 50
2026-01-27 13:55:34,925 [INFO] 000777, 601949, 603179, 600100, 600101, 600505, 603966, 605080, 002777, 600676, 600845, 002945, 000997, 002400, 000516, 002315, 002881, 603325, 600570, 603496, 000676, 603859, 603530, 601858, 600825, 600562, 603888, 002649, 002081, 001400, 002082, 002050, 600637, 603458, 001202, 603882, 002912, 600797, 002380, 603602, 600718, 002354, 002195, 600644, 002609, 002557, 002230, 605116, 002025, 002757
2026-01-28 18:08:05,424 [INFO] 未指定 --date，使用最近日期 2026-01-28
2026-01-28 18:08:05,426 [INFO] 日志同时写入文件: results/20260128.txt
2026-01-28 18:08:15,590 [INFO] 
2026-01-28 18:08:15,590 [INFO] ============== 选股结果 [前期战法] ==============
2026-01-28 18:08:15,590 [INFO] 交易日: 2026-01-28
2026-01-28 18:08:15,590 [INFO] 符合条件股票数: 42
2026-01-28 18:08:15,590 [INFO] 002410, 000978, 603025, 601949, 603150, 001326, 603556, 605080, 603156, 002063, 603127, 002841, 002276, 002707, 001223, 603876, 600588, 002081, 603272, 600626, 601882, 600578, 601100, 600587, 002444, 002454, 601689, 600839, 600805, 003039, 002906, 002090, 603102, 002236, 002587, 002787, 605098, 001300, 002609, 000157, 002346, 002555
2026-01-28 18:09:25,777 [INFO] 
2026-01-28 18:09:25,778 [INFO] ============== 选股结果 [SuperB1战法] ==============
2026-01-28 18:09:25,778 [INFO] 交易日: 2026-01-28
2026-01-28 18:09:25,778 [INFO] 符合条件股票数: 0
2026-01-28 18:09:25,778 [INFO] 无符合条件股票
2026-01-28 18:09:34,835 [INFO] 
2026-01-28 18:09:34,835 [INFO] ============== 选股结果 [补票战法] ==============
2026-01-28 18:09:34,835 [INFO] 交易日: 2026-01-28
2026-01-28 18:09:34,835 [INFO] 符合条件股票数: 1
2026-01-28 18:09:34,835 [INFO] 001286
2026-01-28 18:09:36,928 [INFO] 
2026-01-28 18:09:36,928 [INFO] ============== 选股结果 [填坑战法] ==============
2026-01-28 18:09:36,928 [INFO] 交易日: 2026-01-28
2026-01-28 18:09:36,928 [INFO] 符合条件股票数: 4
2026-01-28 18:09:36,928 [INFO] 603150, 603156, 002517, 605099
2026-01-28 18:09:38,823 [INFO] 
2026-01-28 18:09:38,823 [INFO] ============== 选股结果 [上穿60放量战法] ==============
2026-01-28 18:09:38,823 [INFO] 交易日: 2026-01-28
2026-01-28 18:09:38,823 [INFO] 符合条件股票数: 31
2026-01-28 18:09:38,823 [INFO] 000777, 601949, 600505, 002607, 605080, 603156, 002777, 000997, 002063, 603325, 600570, 000676, 002707, 603530, 601858, 600825, 001223, 002649, 002081, 002082, 600587, 002050, 600839, 600637, 002912, 600718, 600644, 002609, 002153, 002557, 002230
2026-01-29 12:23:49,935 [INFO] 未指定 --date，使用最近日期 2026-01-28
2026-01-29 12:23:49,936 [INFO] 日志同时写入文件: results/20260128.txt
2026-01-29 12:34:03,632 [INFO] 未指定 --date，使用最近日期 2026-01-29
2026-01-29 12:34:03,634 [INFO] 日志同时写入文件: results/20260129.txt
2026-01-29 12:34:13,980 [INFO] 
2026-01-29 12:34:13,980 [INFO] ============== 选股结果 [前期战法] ==============
2026-01-29 12:34:13,980 [INFO] 交易日: 2026-01-29
2026-01-29 12:34:13,980 [INFO] 符合条件股票数: 68
2026-01-29 12:34:13,980 [INFO] 002410, 002376, 603192, 601222, 002968, 001326, 603556, 003043, 603998, 600671, 603231, 002416, 603156, 603022, 600676, 001378, 000066, 001218, 002063, 603079, 600834, 603130, 002707, 000919, 002919, 600562, 603693, 601669, 002917, 001238, 600626, 603105, 600550, 600587, 002322, 600232, 603075, 600839, 600805, 600636, 000929, 002864, 002441, 003039, 600031, 601113, 603102, 002250, 002654, 601890, 603261, 002380, 603819, 603171, 002949, 603987, 601228, 605098, 002180, 001300, 603016, 002967, 605116, 002346, 002811, 600520, 002555, 002743
2026-01-29 12:35:22,872 [INFO] 
2026-01-29 12:35:22,873 [INFO] ============== 选股结果 [SuperB1战法] ==============
2026-01-29 12:35:22,873 [INFO] 交易日: 2026-01-29
2026-01-29 12:35:22,873 [INFO] 符合条件股票数: 0
2026-01-29 12:35:22,873 [INFO] 无符合条件股票
2026-01-29 12:35:31,857 [INFO] 
2026-01-29 12:35:31,857 [INFO] ============== 选股结果 [补票战法] ==============
2026-01-29 12:35:31,857 [INFO] 交易日: 2026-01-29
2026-01-29 12:35:31,857 [INFO] 符合条件股票数: 2
2026-01-29 12:35:31,857 [INFO] 001286, 000672
2026-01-29 12:35:33,850 [INFO] 
2026-01-29 12:35:33,850 [INFO] ============== 选股结果 [填坑战法] ==============
2026-01-29 12:35:33,850 [INFO] 交易日: 2026-01-29
2026-01-29 12:35:33,850 [INFO] 符合条件股票数: 3
2026-01-29 12:35:33,850 [INFO] 603156, 600232, 600435
2026-01-29 12:35:35,738 [INFO] 
2026-01-29 12:35:35,738 [INFO] ============== 选股结果 [上穿60放量战法] ==============
2026-01-29 12:35:35,738 [INFO] 交易日: 2026-01-29
2026-01-29 12:35:35,738 [INFO] 符合条件股票数: 39
2026-01-29 12:35:35,738 [INFO] 002376, 000777, 601222, 002798, 003043, 603966, 002416, 603156, 002777, 600676, 600266, 002063, 001231, 603721, 002707, 603859, 600562, 600775, 002917, 001238, 603059, 600587, 002322, 603075, 600839, 600637, 600435, 002864, 002912, 603261, 002324, 002380, 603819, 605298, 002949, 600718, 601228, 600644, 002152
2026-02-01 12:41:20,637 [INFO] 未指定 --date，使用最近日期 2026-01-30
2026-02-01 12:41:20,638 [INFO] 日志同时写入文件: results/20260130.txt
2026-02-01 12:41:31,113 [INFO] 
2026-02-01 12:41:31,113 [INFO] ============== 选股结果 [前期战法] ==============
2026-02-01 12:41:31,113 [INFO] 交易日: 2026-01-30
2026-02-01 12:41:31,113 [INFO] 符合条件股票数: 104
2026-02-01 12:41:31,113 [INFO] 002376, 002968, 001326, 603556, 003043, 603998, 603387, 002406, 002358, 002993, 603356, 002010, 600312, 600995, 002077, 002063, 600406, 002658, 603051, 603079, 600148, 603332, 600834, 000919, 003025, 603901, 603726, 605222, 001223, 002879, 002448, 000922, 600210, 603057, 603320, 002729, 601669, 002488, 603701, 000682, 002917, 603305, 002916, 002876, 002692, 603270, 601868, 603070, 603105, 600550, 603267, 002322, 002483, 002454, 600232, 603075, 000733, 600636, 001202, 002643, 000929, 002441, 600031, 002331, 600379, 603102, 002250, 002708, 002683, 002380, 603004, 603819, 603400, 002587, 603987, 603039, 603013, 600268, 603985, 002778, 605066, 601228, 603358, 600335, 603166, 603006, 002816, 002180, 603200, 603016, 603823, 002967, 002620, 603201, 002436, 002346, 603798, 002811, 601616, 603161, 600130, 002555, 002743, 001896
2026-02-01 12:42:41,553 [INFO] 
2026-02-01 12:42:41,554 [INFO] ============== 选股结果 [SuperB1战法] ==============
2026-02-01 12:42:41,554 [INFO] 交易日: 2026-01-30
2026-02-01 12:42:41,554 [INFO] 符合条件股票数: 0
2026-02-01 12:42:41,554 [INFO] 无符合条件股票
2026-02-01 12:42:51,004 [INFO] 
2026-02-01 12:42:51,005 [INFO] ============== 选股结果 [补票战法] ==============
2026-02-01 12:42:51,005 [INFO] 交易日: 2026-01-30
2026-02-01 12:42:51,005 [INFO] 符合条件股票数: 4
2026-02-01 12:42:51,005 [INFO] 001286, 603126, 603096, 605577
2026-02-01 12:42:53,185 [INFO] 
2026-02-01 12:42:53,185 [INFO] ============== 选股结果 [填坑战法] ==============
2026-02-01 12:42:53,185 [INFO] 交易日: 2026-01-30
2026-02-01 12:42:53,185 [INFO] 符合条件股票数: 8
2026-02-01 12:42:53,185 [INFO] 002658, 002879, 603283, 603701, 002533, 600232, 002331, 603200
2026-02-01 12:42:55,195 [INFO] 
2026-02-01 12:42:55,195 [INFO] ============== 选股结果 [上穿60放量战法] ==============
2026-02-01 12:42:55,195 [INFO] 交易日: 2026-01-30
2026-02-01 12:42:55,195 [INFO] 符合条件股票数: 61
2026-02-01 12:42:55,195 [INFO] 000777, 603179, 002798, 003043, 603387, 002406, 002358, 000981, 002777, 002005, 603356, 600676, 002010, 600312, 600995, 002077, 002063, 600406, 001225, 603051, 600148, 603332, 603859, 603530, 603726, 603320, 603283, 000682, 002917, 600195, 603305, 002533, 001238, 002876, 002692, 603270, 603070, 002082, 002322, 603075, 002050, 001202, 002443, 002331, 002708, 002380, 603819, 603602, 603400, 603039, 603013, 600268, 605066, 601228, 603200, 002609, 603823, 001260, 002620, 601616, 001896
2026-02-02 16:47:39,670 [INFO] 未指定 --date，使用最近日期 2026-02-02
2026-02-02 16:47:39,671 [INFO] 日志同时写入文件: results/20260202.txt
2026-02-02 16:47:47,723 [INFO] 
2026-02-02 16:47:47,723 [INFO] ============== 选股结果 [前期战法] ==============
2026-02-02 16:47:47,724 [INFO] 交易日: 2026-02-02
2026-02-02 16:47:47,724 [INFO] 符合条件股票数: 56
2026-02-02 16:47:47,724 [INFO] 601801, 603556, 600261, 605090, 002957, 601218, 002239, 600517, 603356, 600312, 600716, 603051, 603079, 600834, 603130, 603901, 603120, 600616, 605222, 601330, 603320, 002729, 603693, 603730, 002107, 002488, 000682, 001211, 603105, 002322, 002483, 603075, 000733, 000518, 603289, 002899, 002522, 600032, 603819, 600874, 600685, 603159, 002949, 605098, 603166, 002816, 603238, 603566, 603016, 601991, 603638, 000157, 002346, 600130, 600482, 001896
2026-02-02 16:48:39,023 [INFO] 
2026-02-02 16:48:39,024 [INFO] ============== 选股结果 [SuperB1战法] ==============
2026-02-02 16:48:39,025 [INFO] 交易日: 2026-02-02
2026-02-02 16:48:39,025 [INFO] 符合条件股票数: 0
2026-02-02 16:48:39,025 [INFO] 无符合条件股票
2026-02-02 16:48:45,998 [INFO] 
2026-02-02 16:48:45,998 [INFO] ============== 选股结果 [补票战法] ==============
2026-02-02 16:48:45,998 [INFO] 交易日: 2026-02-02
2026-02-02 16:48:45,998 [INFO] 符合条件股票数: 1
2026-02-02 16:48:45,998 [INFO] 600131
2026-02-02 16:48:47,588 [INFO] 
2026-02-02 16:48:47,589 [INFO] ============== 选股结果 [填坑战法] ==============
2026-02-02 16:48:47,589 [INFO] 交易日: 2026-02-02
2026-02-02 16:48:47,589 [INFO] 符合条件股票数: 2
2026-02-02 16:48:47,589 [INFO] 603320, 603161
2026-02-02 16:48:49,125 [INFO] 
2026-02-02 16:48:49,125 [INFO] ============== 选股结果 [上穿60放量战法] ==============
2026-02-02 16:48:49,125 [INFO] 交易日: 2026-02-02
2026-02-02 16:48:49,125 [INFO] 符合条件股票数: 24
2026-02-02 16:48:49,125 [INFO] 601801, 002798, 603037, 600477, 600517, 603356, 600312, 600716, 002659, 603051, 603120, 603320, 002107, 000682, 001238, 002692, 002322, 603075, 000518, 000768, 002609, 001260, 600482, 001896
2026-02-04 12:46:08,436 [INFO] 未指定 --date，使用最近日期 2026-02-04
2026-02-04 12:46:08,437 [INFO] 日志同时写入文件: results/20260204.txt
2026-02-04 12:46:20,873 [INFO] 
2026-02-04 12:46:20,873 [INFO] ============== 选股结果 [前期战法] ==============
2026-02-04 12:46:20,874 [INFO] 交易日: 2026-02-04
2026-02-04 12:46:20,874 [INFO] 符合条件股票数: 116
2026-02-04 12:46:20,874 [INFO] 603970, 002160, 600262, 601020, 600458, 002996, 600868, 600459, 603568, 600063, 000990, 002942, 605090, 601022, 000985, 003042, 002406, 600714, 600338, 002601, 601609, 000758, 603585, 002978, 002993, 000612, 601568, 002004, 002010, 002170, 603948, 002414, 600058, 002428, 002895, 002077, 603132, 600361, 600955, 002114, 601121, 600968, 603901, 000060, 603726, 605020, 002266, 002064, 603121, 000713, 603727, 002138, 002312, 605183, 603057, 000659, 002258, 603320, 600615, 002107, 002917, 000655, 600817, 002254, 002296, 002057, 600989, 002848, 600141, 603267, 603515, 002871, 000733, 600346, 002246, 002284, 601065, 603699, 601677, 600596, 603276, 605177, 600392, 002250, 600378, 002708, 603275, 600096, 601808, 002182, 002237, 603400, 600108, 601216, 603159, 000970, 603588, 002340, 603991, 600888, 603166, 600094, 600251, 601952, 002556, 600867, 600873, 600456, 603995, 002436, 002408, 000035, 600497, 000949, 002838, 002409
2026-02-04 12:47:32,335 [INFO] 
2026-02-04 12:47:32,336 [INFO] ============== 选股结果 [SuperB1战法] ==============
2026-02-04 12:47:32,336 [INFO] 交易日: 2026-02-04
2026-02-04 12:47:32,336 [INFO] 符合条件股票数: 0
2026-02-04 12:47:32,336 [INFO] 无符合条件股票
2026-02-04 12:47:42,945 [INFO] 
2026-02-04 12:47:42,946 [INFO] ============== 选股结果 [补票战法] ==============
2026-02-04 12:47:42,946 [INFO] 交易日: 2026-02-04
2026-02-04 12:47:42,946 [INFO] 符合条件股票数: 2
2026-02-04 12:47:42,946 [INFO] 002833, 000539
2026-02-04 12:47:45,382 [INFO] 
2026-02-04 12:47:45,382 [INFO] ============== 选股结果 [填坑战法] ==============
2026-02-04 12:47:45,382 [INFO] 交易日: 2026-02-04
2026-02-04 12:47:45,382 [INFO] 符合条件股票数: 17
2026-02-04 12:47:45,382 [INFO] 600114, 600063, 003042, 002760, 603156, 601609, 603320, 603701, 000655, 002524, 002871, 002246, 605177, 600096, 600490, 002436, 002838
2026-02-04 12:47:47,525 [INFO] 
2026-02-04 12:47:47,525 [INFO] ============== 选股结果 [上穿60放量战法] ==============
2026-02-04 12:47:47,525 [INFO] 交易日: 2026-02-04
2026-02-04 12:47:47,525 [INFO] 符合条件股票数: 62
2026-02-04 12:47:47,525 [INFO] 603970, 600262, 600458, 603179, 600063, 605319, 003042, 600714, 002760, 603156, 601609, 601568, 600676, 002004, 002010, 600460, 601965, 603948, 002659, 000930, 002538, 603078, 600968, 600987, 603726, 605020, 002266, 000713, 603727, 603320, 002107, 002917, 000655, 600817, 605588, 601117, 002876, 603075, 002246, 001202, 603896, 605177, 600392, 002721, 603275, 601808, 600257, 600531, 002237, 603400, 601216, 002340, 002208, 600490, 601952, 605089, 002620, 600278, 002385, 600078, 002838, 002409
2026-02-05 13:53:47,167 [INFO] 未指定 --date，使用最近日期 2026-02-05
2026-02-05 13:53:47,170 [INFO] 日志同时写入文件: results/20260205.txt
2026-02-05 13:53:59,431 [INFO] 
2026-02-05 13:53:59,432 [INFO] ============== 选股结果 [前期战法] ==============
2026-02-05 13:53:59,432 [INFO] 交易日: 2026-02-05
2026-02-05 13:53:59,432 [INFO] 符合条件股票数: 75
2026-02-05 13:53:59,432 [INFO] 603970, 603568, 600063, 002942, 000985, 002406, 603225, 002239, 002601, 603220, 603585, 600688, 002206, 601568, 002004, 000968, 601811, 002414, 000927, 603898, 603045, 603520, 600968, 600777, 002064, 603727, 002138, 605183, 603057, 002258, 600615, 600826, 603678, 603730, 002107, 002917, 002296, 001358, 600989, 605198, 603299, 002848, 603138, 600800, 600141, 600746, 002493, 002871, 000096, 000733, 002284, 603699, 603706, 002469, 605177, 002899, 002279, 002250, 000554, 002182, 002592, 601216, 603165, 603588, 002803, 603991, 002816, 600731, 002556, 600278, 603995, 002393, 002408, 000035, 002838
2026-02-05 13:55:16,413 [INFO] 
2026-02-05 13:55:16,414 [INFO] ============== 选股结果 [SuperB1战法] ==============
2026-02-05 13:55:16,414 [INFO] 交易日: 2026-02-05
2026-02-05 13:55:16,414 [INFO] 符合条件股票数: 0
2026-02-05 13:55:16,414 [INFO] 无符合条件股票
2026-02-05 13:55:27,625 [INFO] 
2026-02-05 13:55:27,626 [INFO] ============== 选股结果 [补票战法] ==============
2026-02-05 13:55:27,626 [INFO] 交易日: 2026-02-05
2026-02-05 13:55:27,626 [INFO] 符合条件股票数: 1
2026-02-05 13:55:27,626 [INFO] 603060
2026-02-05 13:55:29,909 [INFO] 
2026-02-05 13:55:29,909 [INFO] ============== 选股结果 [填坑战法] ==============
2026-02-05 13:55:29,909 [INFO] 交易日: 2026-02-05
2026-02-05 13:55:29,909 [INFO] 符合条件股票数: 11
2026-02-05 13:55:29,909 [INFO] 603608, 002760, 603156, 000968, 603138, 002524, 002871, 605177, 002279, 605089, 002838
2026-02-05 13:55:31,946 [INFO] 
2026-02-05 13:55:31,946 [INFO] ============== 选股结果 [上穿60放量战法] ==============
2026-02-05 13:55:31,946 [INFO] 交易日: 2026-02-05
2026-02-05 13:55:31,946 [INFO] 符合条件股票数: 46
2026-02-05 13:55:31,946 [INFO] 600063, 605319, 002760, 603156, 603220, 605337, 600307, 002005, 002206, 002004, 002010, 000968, 601811, 000927, 002088, 000930, 603045, 603078, 600968, 600987, 603726, 603727, 600826, 002107, 605588, 601117, 002876, 603299, 603138, 600746, 603075, 605177, 002279, 000554, 002828, 600257, 601968, 601216, 603165, 002354, 601228, 605089, 002620, 600278, 002838, 002409
